#
# There is insufficient memory for the Java Runtime Environment to continue.
# Native memory allocation (mmap) failed to map 349175808 bytes for G1 virtual space
# Possible reasons:
#   The system is out of physical RAM or swap space
#   The process is running with CompressedOops enabled, and the Java Heap may be blocking the growth of the native heap
# Possible solutions:
#   Reduce memory load on the system
#   Increase physical memory or swap space
#   Check if swap backing store is full
#   Decrease Java heap size (-Xmx/-Xms)
#   Decrease number of Java threads
#   Decrease Java thread stack sizes (-Xss)
#   Set larger code cache with -XX:ReservedCodeCacheSize=
#   JVM is running with Unscaled Compressed Oops mode in which the Java heap is
#     placed in the first 4GB address space. The Java Heap base address is the
#     maximum limit for the native heap growth. Please use -XX:HeapBaseMinAddress
#     to set the Java Heap base and to place the Java Heap above 4GB virtual address.
# This output file may be truncated or incomplete.
#
#  Out of Memory Error (./open/src/hotspot/os/windows/os_windows.cpp:3472), pid=11424, tid=16920
#
# JRE version: OpenJDK Runtime Environment (15.0+36) (build 15+36-1562)
# Java VM: OpenJDK 64-Bit Server VM (15+36-1562, mixed mode, tiered, compressed oops, g1 gc, windows-amd64)
# No core dump will be written. Minidumps are not enabled by default on client versions of Windows
#

---------------  S U M M A R Y ------------

Command Line: -Dcom.sun.management.jmxremote -Dcom.sun.management.jmxremote.port=4498 -Dcom.sun.management.jmxremote.authenticate=false -Dcom.sun.management.jmxremote.ssl=false -Djava.rmi.server.hostname=localhost -Dspring.jmx.enabled=true -Dspring.application.admin.enabled=true -XX:TieredStopAtLevel=1 -Dspring.boot.project.name=codari -Dfile.encoding=UTF-8 -XX:+ShowCodeDetailsInExceptionMessages com.codari.myapp.CodariApplication --spring.output.ansi.enabled=always

Host: Intel(R) Core(TM) i5-6600 CPU @ 3.30GHz, 4 cores, 7G,  Windows 10 , 64 bit Build 17763 (10.0.17763.475)
Time: Thu Jan  7 22:10:27 2021 ¢¥eCN©öI¡¾©ö C¡ÍA¨ª¨öA elapsed time: 1130.285816 seconds (0d 0h 18m 50s)

---------------  T H R E A D  ---------------

Current thread (0x00000268dc1dc000):  VMThread "VM Thread" [stack: 0x0000008b9eb00000,0x0000008b9ec00000] [id=16920]

Stack: [0x0000008b9eb00000,0x0000008b9ec00000]
[error occurred during error reporting (printing stack bounds), id 0xc0000005, EXCEPTION_ACCESS_VIOLATION (0xc0000005) at pc=0x00000268c61010ad]

Native frames: (J=compiled Java code, j=interpreted, Vv=VM code, C=native code)
V  [jvm.dll+0x629eaa]
V  [jvm.dll+0x780379]
V  [jvm.dll+0x781ad3]
V  [jvm.dll+0x782095]
V  [jvm.dll+0x78204b]
V  [jvm.dll+0x629379]
V  [jvm.dll+0x629b48]
C  [ntdll.dll+0xa41bf]
C  [ntdll.dll+0x4bef]
C  [ntdll.dll+0xa2f2e]
C  0x00000268c61010ad

VM_Operation (0x0000008ba13f9540): G1CollectForAllocation, mode: safepoint, requested by thread 0x00000268de57d8b0


---------------  P R O C E S S  ---------------

Threads class SMR info:
_java_thread_list=0x00000268e0da5380, length=36, elements={
0x00000268dca17130, 0x00000268dca1bc30, 0x00000268dca34ed0, 0x00000268dca35790,
0x00000268dca38900, 0x00000268dca39a60, 0x00000268dca3e8a0, 0x00000268dc1757e0,
0x00000268dcc2f810, 0x00000268dd222ff0, 0x00000268dd21a100, 0x00000268dd2928c0,
0x00000268dd375550, 0x00000268dd372060, 0x00000268dd374210, 0x00000268de57c570,
0x00000268de579080, 0x00000268de57b230, 0x00000268de57cf10, 0x00000268de579550,
0x00000268de577870, 0x00000268de577d40, 0x00000268de578210, 0x00000268de57bbd0,
0x00000268de57ca40, 0x00000268de5786e0, 0x00000268de578bb0, 0x00000268de57a890,
0x00000268de57d8b0, 0x00000268de579a20, 0x00000268de57c0a0, 0x00000268de57d3e0,
0x00000268de579ef0, 0x00000268de576060, 0x00000268de576530, 0x00000268de5773a0
}

Java Threads: ( => current thread )
  0x00000268dca17130 JavaThread "Reference Handler" daemon [_thread_blocked, id=22444, stack(0x0000008b9ec00000,0x0000008b9ed00000)]
  0x00000268dca1bc30 JavaThread "Finalizer" daemon [_thread_blocked, id=16140, stack(0x0000008b9ed00000,0x0000008b9ee00000)]
  0x00000268dca34ed0 JavaThread "Signal Dispatcher" daemon [_thread_blocked, id=10804, stack(0x0000008b9ee00000,0x0000008b9ef00000)]
  0x00000268dca35790 JavaThread "Attach Listener" daemon [_thread_blocked, id=2728, stack(0x0000008b9ef00000,0x0000008b9f000000)]
  0x00000268dca38900 JavaThread "Service Thread" daemon [_thread_blocked, id=18552, stack(0x0000008b9f000000,0x0000008b9f100000)]
  0x00000268dca39a60 JavaThread "C1 CompilerThread0" daemon [_thread_blocked, id=1708, stack(0x0000008b9f100000,0x0000008b9f200000)]
  0x00000268dca3e8a0 JavaThread "Sweeper thread" daemon [_thread_blocked, id=21140, stack(0x0000008b9f200000,0x0000008b9f300000)]
  0x00000268dc1757e0 JavaThread "Common-Cleaner" daemon [_thread_blocked, id=9656, stack(0x0000008b9f300000,0x0000008b9f400000)]
  0x00000268dcc2f810 JavaThread "Notification Thread" daemon [_thread_blocked, id=17820, stack(0x0000008b9f400000,0x0000008b9f500000)]
  0x00000268dd222ff0 JavaThread "RMI TCP Accept-0" daemon [_thread_in_native, id=21528, stack(0x0000008b9f500000,0x0000008b9f600000)]
  0x00000268dd21a100 JavaThread "RMI TCP Accept-4498" daemon [_thread_in_native, id=14540, stack(0x0000008b9f600000,0x0000008b9f700000)]
  0x00000268dd2928c0 JavaThread "RMI TCP Accept-0" daemon [_thread_in_native, id=20360, stack(0x0000008b9f700000,0x0000008b9f800000)]
  0x00000268dd375550 JavaThread "RMI Scheduler(0)" daemon [_thread_blocked, id=17352, stack(0x0000008ba0100000,0x0000008ba0200000)]
  0x00000268dd372060 JavaThread "RMI TCP Connection(idle)" daemon [_thread_blocked, id=17100, stack(0x0000008ba0200000,0x0000008ba0300000)]
  0x00000268dd374210 JavaThread "JMX server connection timeout 23" daemon [_thread_blocked, id=22236, stack(0x0000008ba0300000,0x0000008ba0400000)]
  0x00000268de57c570 JavaThread "Catalina-utility-1" [_thread_blocked, id=15600, stack(0x0000008ba0400000,0x0000008ba0500000)]
  0x00000268de579080 JavaThread "Catalina-utility-2" [_thread_blocked, id=18100, stack(0x0000008ba0500000,0x0000008ba0600000)]
  0x00000268de57b230 JavaThread "container-0" [_thread_blocked, id=19892, stack(0x0000008ba0600000,0x0000008ba0700000)]
  0x00000268de57cf10 JavaThread "HikariPool-1 housekeeper" daemon [_thread_blocked, id=15520, stack(0x0000008ba0800000,0x0000008ba0900000)]
  0x00000268de579550 JavaThread "File Watcher" daemon [_thread_blocked, id=6356, stack(0x0000008ba0a00000,0x0000008ba0b00000)]
  0x00000268de577870 JavaThread "Live Reload Server" daemon [_thread_in_native, id=20080, stack(0x0000008ba0c00000,0x0000008ba0d00000)]
  0x00000268de577d40 JavaThread "http-nio-9090-BlockPoller" daemon [_thread_in_native, id=9032, stack(0x0000008ba0b00000,0x0000008ba0c00000)]
  0x00000268de578210 JavaThread "http-nio-9090-exec-1" daemon [_thread_blocked, id=21512, stack(0x0000008ba0d00000,0x0000008ba0e00000)]
  0x00000268de57bbd0 JavaThread "http-nio-9090-exec-2" daemon [_thread_blocked, id=8104, stack(0x0000008ba0e00000,0x0000008ba0f00000)]
  0x00000268de57ca40 JavaThread "http-nio-9090-exec-3" daemon [_thread_blocked, id=6524, stack(0x0000008ba0f00000,0x0000008ba1000000)]
  0x00000268de5786e0 JavaThread "http-nio-9090-exec-4" daemon [_thread_blocked, id=12716, stack(0x0000008ba1000000,0x0000008ba1100000)]
  0x00000268de578bb0 JavaThread "http-nio-9090-exec-5" daemon [_thread_blocked, id=10472, stack(0x0000008ba1100000,0x0000008ba1200000)]
  0x00000268de57a890 JavaThread "http-nio-9090-exec-6" daemon [_thread_blocked, id=18416, stack(0x0000008ba1200000,0x0000008ba1300000)]
  0x00000268de57d8b0 JavaThread "http-nio-9090-exec-7" daemon [_thread_blocked, id=8884, stack(0x0000008ba1300000,0x0000008ba1400000)]
  0x00000268de579a20 JavaThread "http-nio-9090-exec-8" daemon [_thread_blocked, id=19748, stack(0x0000008ba1400000,0x0000008ba1500000)]
  0x00000268de57c0a0 JavaThread "http-nio-9090-exec-9" daemon [_thread_blocked, id=1256, stack(0x0000008ba1500000,0x0000008ba1600000)]
  0x00000268de57d3e0 JavaThread "http-nio-9090-exec-10" daemon [_thread_blocked, id=12492, stack(0x0000008ba1600000,0x0000008ba1700000)]
  0x00000268de579ef0 JavaThread "http-nio-9090-ClientPoller" daemon [_thread_in_native, id=20024, stack(0x0000008ba1700000,0x0000008ba1800000)]
  0x00000268de576060 JavaThread "http-nio-9090-Acceptor" daemon [_thread_in_native, id=8020, stack(0x0000008ba1800000,0x0000008ba1900000)]
  0x00000268de576530 JavaThread "DestroyJavaVM" [_thread_blocked, id=10420, stack(0x0000008b9e500000,0x0000008b9e600000)]
  0x00000268de5773a0 JavaThread "Keep-Alive-Timer" daemon [_thread_blocked, id=17832, stack(0x0000008b9e200000,0x0000008b9e300000)]

Other Threads:
=>0x00000268dc1dc000 VMThread "VM Thread" [stack: 0x0000008b9eb00000,0x0000008b9ec00000] [id=16920]
  0x00000268c2706a80 WatcherThread [stack: 0x0000008b9f800000,0x0000008b9f900000] [id=21468]
  0x00000268c2744d50 GCTaskThread "GC Thread#0" [stack: 0x0000008b9e600000,0x0000008b9e700000] [id=10404]
  0x00000268dd2f43c0 GCTaskThread "GC Thread#1" [stack: 0x0000008b9f900000,0x0000008b9fa00000] [id=19520]
  0x00000268dd2f4d50 GCTaskThread "GC Thread#2" [stack: 0x0000008b9fa00000,0x0000008b9fb00000] [id=9332]
  0x00000268dd2f46f0 GCTaskThread "GC Thread#3" [stack: 0x0000008b9ff00000,0x0000008ba0000000] [id=3960]
  0x00000268c27579c0 ConcurrentGCThread "G1 Main Marker" [stack: 0x0000008b9e700000,0x0000008b9e800000] [id=14344]
  0x00000268c275ce30 ConcurrentGCThread "G1 Conc#0" [stack: 0x0000008b9e800000,0x0000008b9e900000] [id=16768]
  0x00000268c27b4380 ConcurrentGCThread "G1 Refine#0" [stack: 0x0000008b9e900000,0x0000008b9ea00000] [id=13652]
  0x00000268dd3be3a0 ConcurrentGCThread "G1 Refine#1" [stack: 0x0000008b9fb00000,0x0000008b9fc00000] [id=9692]
  0x00000268dcc4d280 ConcurrentGCThread "G1 Refine#2" [stack: 0x0000008b9fc00000,0x0000008b9fd00000] [id=11548]
  0x00000268e0bf34e0 ConcurrentGCThread "G1 Refine#3" [stack: 0x0000008ba0900000,0x0000008ba0a00000] [id=18780]
  0x00000268c27b4f10 ConcurrentGCThread "G1 Young RemSet Sampling" [stack: 0x0000008b9ea00000,0x0000008b9eb00000] [id=7732]

Threads with active compile tasks:

VM state: at safepoint (normal execution)

VM Mutex/Monitor currently owned by a thread:  ([mutex/lock_event])
[0x00000268c2701200] Threads_lock - owner thread: 0x00000268dc1dc000
[0x00000268c27020a0] Heap_lock - owner thread: 0x00000268de57d8b0

Heap address: 0x0000000080a00000, size: 2038 MB, Compressed Oops mode: 32-bit
CDS disabled.
Compressed class space mapped at: 0x0000000100000000-0x0000000140000000, size: 1073741824
Narrow klass base: 0x0000000000000000, Narrow klass shift: 3, Narrow klass range: 0x140000000

GC Precious Log:
 CPUs: 4 total, 4 available
 Memory: 8144M
 Large Page Support: Disabled
 NUMA Support: Disabled
 Compressed Oops: Enabled (32-bit)
 Heap Region Size: 1M
 Heap Min Capacity: 8M
 Heap Initial Capacity: 128M
 Heap Max Capacity: 2038M
 Pre-touch: Disabled
 Parallel Workers: 4
 Concurrent Workers: 1
 Concurrent Refinement Workers: 4
 Periodic GC: Disabled

Heap:
 garbage-first heap   total 726016K, used 115478K [0x0000000080a00000, 0x0000000100000000)
  region size 1024K, 6 young (6144K), 6 survivors (6144K)
 Metaspace       used 71312K, capacity 72054K, committed 72320K, reserved 1112064K
  class space    used 9034K, capacity 9285K, committed 9420K, reserved 1048576K

Heap Regions: E=young(eden), S=young(survivor), O=old, HS=humongous(starts), HC=humongous(continues), CS=collection set, F=free, OA=open archive, CA=closed archive, TAMS=top-at-mark-start (previous, next)
|   0|0x0000000080a00000, 0x0000000080b00000, 0x0000000080b00000|100%| O|  |TAMS 0x0000000080b00000, 0x0000000080a00000| Untracked 
|   1|0x0000000080b00000, 0x0000000080c00000, 0x0000000080c00000|100%| O|  |TAMS 0x0000000080c00000, 0x0000000080b00000| Untracked 
|   2|0x0000000080c00000, 0x0000000080d00000, 0x0000000080d00000|100%| O|  |TAMS 0x0000000080d00000, 0x0000000080c00000| Untracked 
|   3|0x0000000080d00000, 0x0000000080e00000, 0x0000000080e00000|100%| O|  |TAMS 0x0000000080e00000, 0x0000000080d00000| Untracked 
|   4|0x0000000080e00000, 0x0000000080f00000, 0x0000000080f00000|100%| O|  |TAMS 0x0000000080f00000, 0x0000000080e00000| Untracked 
|   5|0x0000000080f00000, 0x0000000081000000, 0x0000000081000000|100%|HS|  |TAMS 0x0000000081000000, 0x0000000080f00000| Complete 
|   6|0x0000000081000000, 0x0000000081100000, 0x0000000081100000|100%| O|  |TAMS 0x0000000081100000, 0x0000000081000000| Untracked 
|   7|0x0000000081100000, 0x0000000081200000, 0x0000000081200000|100%| O|  |TAMS 0x0000000081200000, 0x0000000081100000| Untracked 
|   8|0x0000000081200000, 0x0000000081300000, 0x0000000081300000|100%| O|  |TAMS 0x0000000081200000, 0x0000000081200000| Untracked 
|   9|0x0000000081300000, 0x0000000081400000, 0x0000000081400000|100%| O|  |TAMS 0x0000000081400000, 0x0000000081300000| Untracked 
|  10|0x0000000081400000, 0x0000000081500000, 0x0000000081500000|100%| O|  |TAMS 0x0000000081500000, 0x0000000081400000| Untracked 
|  11|0x0000000081500000, 0x0000000081600000, 0x0000000081600000|100%| O|  |TAMS 0x0000000081500000, 0x0000000081500000| Untracked 
|  12|0x0000000081600000, 0x0000000081700000, 0x0000000081700000|100%| O|  |TAMS 0x0000000081600000, 0x0000000081600000| Untracked 
|  13|0x0000000081700000, 0x0000000081800000, 0x0000000081800000|100%| O|  |TAMS 0x0000000081800000, 0x0000000081700000| Untracked 
|  14|0x0000000081800000, 0x0000000081900000, 0x0000000081900000|100%| O|  |TAMS 0x0000000081900000, 0x0000000081800000| Untracked 
|  15|0x0000000081900000, 0x0000000081a00000, 0x0000000081a00000|100%| O|  |TAMS 0x0000000081a00000, 0x0000000081900000| Untracked 
|  16|0x0000000081a00000, 0x0000000081b00000, 0x0000000081b00000|100%| O|  |TAMS 0x0000000081b00000, 0x0000000081a00000| Untracked 
|  17|0x0000000081b00000, 0x0000000081c00000, 0x0000000081c00000|100%| O|  |TAMS 0x0000000081c00000, 0x0000000081b00000| Untracked 
|  18|0x0000000081c00000, 0x0000000081d00000, 0x0000000081d00000|100%| O|  |TAMS 0x0000000081c00000, 0x0000000081c00000| Untracked 
|  19|0x0000000081d00000, 0x0000000081e00000, 0x0000000081e00000|100%| O|  |TAMS 0x0000000081e00000, 0x0000000081d00000| Untracked 
|  20|0x0000000081e00000, 0x0000000081f00000, 0x0000000081f00000|100%| O|  |TAMS 0x0000000081f00000, 0x0000000081e00000| Untracked 
|  21|0x0000000081f00000, 0x0000000082000000, 0x0000000082000000|100%| O|  |TAMS 0x0000000081f00000, 0x0000000081f00000| Untracked 
|  22|0x0000000082000000, 0x0000000082100000, 0x0000000082100000|100%| O|  |TAMS 0x0000000082100000, 0x0000000082000000| Untracked 
|  23|0x0000000082100000, 0x0000000082200000, 0x0000000082200000|100%| O|  |TAMS 0x0000000082200000, 0x0000000082100000| Untracked 
|  24|0x0000000082200000, 0x0000000082300000, 0x0000000082300000|100%| O|  |TAMS 0x0000000082200000, 0x0000000082200000| Untracked 
|  25|0x0000000082300000, 0x0000000082400000, 0x0000000082400000|100%| O|  |TAMS 0x0000000082400000, 0x0000000082300000| Untracked 
|  26|0x0000000082400000, 0x0000000082500000, 0x0000000082500000|100%| O|  |TAMS 0x0000000082400000, 0x0000000082400000| Untracked 
|  27|0x0000000082500000, 0x0000000082600000, 0x0000000082600000|100%| O|  |TAMS 0x0000000082600000, 0x0000000082500000| Untracked 
|  28|0x0000000082600000, 0x0000000082700000, 0x0000000082700000|100%| O|  |TAMS 0x0000000082700000, 0x0000000082600000| Untracked 
|  29|0x0000000082700000, 0x0000000082800000, 0x0000000082800000|100%| O|  |TAMS 0x0000000082700000, 0x0000000082700000| Untracked 
|  30|0x0000000082800000, 0x0000000082900000, 0x0000000082900000|100%| O|  |TAMS 0x0000000082800000, 0x0000000082800000| Untracked 
|  31|0x0000000082900000, 0x0000000082a00000, 0x0000000082a00000|100%| O|  |TAMS 0x0000000082a00000, 0x0000000082900000| Untracked 
|  32|0x0000000082a00000, 0x0000000082b00000, 0x0000000082b00000|100%| O|  |TAMS 0x0000000082b00000, 0x0000000082a00000| Untracked 
|  33|0x0000000082b00000, 0x0000000082c00000, 0x0000000082c00000|100%| O|  |TAMS 0x0000000082b00000, 0x0000000082b00000| Untracked 
|  34|0x0000000082c00000, 0x0000000082d00000, 0x0000000082d00000|100%| O|  |TAMS 0x0000000082d00000, 0x0000000082c00000| Untracked 
|  35|0x0000000082d00000, 0x0000000082e00000, 0x0000000082e00000|100%|HS|  |TAMS 0x0000000082e00000, 0x0000000082d00000| Complete 
|  36|0x0000000082e00000, 0x0000000082f00000, 0x0000000082f00000|100%|HC|  |TAMS 0x0000000082f00000, 0x0000000082e00000| Complete 
|  37|0x0000000082f00000, 0x0000000083000000, 0x0000000083000000|100%|HS|  |TAMS 0x0000000083000000, 0x0000000082f00000| Complete 
|  38|0x0000000083000000, 0x0000000083100000, 0x0000000083100000|100%|HC|  |TAMS 0x0000000083100000, 0x0000000083000000| Complete 
|  39|0x0000000083100000, 0x0000000083200000, 0x0000000083200000|100%| O|  |TAMS 0x0000000083200000, 0x0000000083100000| Untracked 
|  40|0x0000000083200000, 0x0000000083300000, 0x0000000083300000|100%| O|  |TAMS 0x0000000083300000, 0x0000000083200000| Untracked 
|  41|0x0000000083300000, 0x0000000083400000, 0x0000000083400000|100%| O|  |TAMS 0x0000000083400000, 0x0000000083300000| Untracked 
|  42|0x0000000083400000, 0x0000000083500000, 0x0000000083500000|100%| O|  |TAMS 0x0000000083400000, 0x0000000083400000| Untracked 
|  43|0x0000000083500000, 0x0000000083600000, 0x0000000083600000|100%| O|  |TAMS 0x0000000083600000, 0x0000000083500000| Untracked 
|  44|0x0000000083600000, 0x0000000083700000, 0x0000000083700000|100%| O|  |TAMS 0x0000000083700000, 0x0000000083600000| Untracked 
|  45|0x0000000083700000, 0x0000000083800000, 0x0000000083800000|100%| O|  |TAMS 0x0000000083700000, 0x0000000083700000| Untracked 
|  46|0x0000000083800000, 0x0000000083900000, 0x0000000083900000|100%| O|  |TAMS 0x0000000083800000, 0x0000000083800000| Untracked 
|  47|0x0000000083900000, 0x0000000083a00000, 0x0000000083a00000|100%| O|  |TAMS 0x0000000083a00000, 0x0000000083900000| Untracked 
|  48|0x0000000083a00000, 0x0000000083b00000, 0x0000000083b00000|100%| O|  |TAMS 0x0000000083a00000, 0x0000000083a00000| Untracked 
|  49|0x0000000083b00000, 0x0000000083c00000, 0x0000000083c00000|100%| O|  |TAMS 0x0000000083b00000, 0x0000000083b00000| Untracked 
|  50|0x0000000083c00000, 0x0000000083d00000, 0x0000000083d00000|100%|HS|  |TAMS 0x0000000083d00000, 0x0000000083c00000| Complete 
|  51|0x0000000083d00000, 0x0000000083e00000, 0x0000000083e00000|100%|HS|  |TAMS 0x0000000083e00000, 0x0000000083d00000| Complete 
|  52|0x0000000083e00000, 0x0000000083f00000, 0x0000000083f00000|100%| O|  |TAMS 0x0000000083e00000, 0x0000000083e00000| Untracked 
|  53|0x0000000083f00000, 0x0000000084000000, 0x0000000084000000|100%| O|  |TAMS 0x0000000083f00000, 0x0000000083f00000| Untracked 
|  54|0x0000000084000000, 0x0000000084100000, 0x0000000084100000|100%| O|  |TAMS 0x0000000084000000, 0x0000000084000000| Untracked 
|  55|0x0000000084100000, 0x0000000084200000, 0x0000000084200000|100%| O|  |TAMS 0x0000000084200000, 0x0000000084100000| Untracked 
|  56|0x0000000084200000, 0x0000000084300000, 0x0000000084300000|100%| O|  |TAMS 0x0000000084300000, 0x0000000084200000| Untracked 
|  57|0x0000000084300000, 0x0000000084400000, 0x0000000084400000|100%| O|  |TAMS 0x0000000084300000, 0x0000000084300000| Untracked 
|  58|0x0000000084400000, 0x0000000084500000, 0x0000000084500000|100%| O|  |TAMS 0x0000000084400000, 0x0000000084400000| Untracked 
|  59|0x0000000084500000, 0x0000000084600000, 0x0000000084600000|100%| O|  |TAMS 0x0000000084500000, 0x0000000084500000| Untracked 
|  60|0x0000000084600000, 0x0000000084700000, 0x0000000084700000|100%| O|  |TAMS 0x0000000084600000, 0x0000000084600000| Untracked 
|  61|0x0000000084700000, 0x0000000084800000, 0x0000000084800000|100%| O|  |TAMS 0x0000000084700000, 0x0000000084700000| Untracked 
|  62|0x0000000084800000, 0x0000000084900000, 0x0000000084900000|100%|HS|  |TAMS 0x0000000084900000, 0x0000000084800000| Complete 
|  63|0x0000000084900000, 0x0000000084a00000, 0x0000000084a00000|100%|HC|  |TAMS 0x0000000084a00000, 0x0000000084900000| Complete 
|  64|0x0000000084a00000, 0x0000000084b00000, 0x0000000084b00000|100%|HS|  |TAMS 0x0000000084b00000, 0x0000000084a00000| Complete 
|  65|0x0000000084b00000, 0x0000000084c00000, 0x0000000084c00000|100%|HC|  |TAMS 0x0000000084c00000, 0x0000000084b00000| Complete 
|  66|0x0000000084c00000, 0x0000000084d00000, 0x0000000084d00000|100%| O|  |TAMS 0x0000000084c00000, 0x0000000084c00000| Untracked 
|  67|0x0000000084d00000, 0x0000000084e00000, 0x0000000084e00000|100%| O|  |TAMS 0x0000000084d00000, 0x0000000084d00000| Untracked 
|  68|0x0000000084e00000, 0x0000000084f00000, 0x0000000084f00000|100%|HS|  |TAMS 0x0000000084f00000, 0x0000000084e00000| Complete 
|  69|0x0000000084f00000, 0x0000000085000000, 0x0000000085000000|100%|HC|  |TAMS 0x0000000085000000, 0x0000000084f00000| Complete 
|  70|0x0000000085000000, 0x0000000085100000, 0x0000000085100000|100%|HS|  |TAMS 0x0000000085100000, 0x0000000085000000| Complete 
|  71|0x0000000085100000, 0x0000000085200000, 0x0000000085200000|100%|HC|  |TAMS 0x0000000085200000, 0x0000000085100000| Complete 
|  72|0x0000000085200000, 0x0000000085300000, 0x0000000085300000|100%| O|  |TAMS 0x0000000085300000, 0x0000000085200000| Untracked 
|  73|0x0000000085300000, 0x0000000085400000, 0x0000000085400000|100%| O|  |TAMS 0x0000000085400000, 0x0000000085300000| Untracked 
|  74|0x0000000085400000, 0x0000000085500000, 0x0000000085500000|100%| O|  |TAMS 0x0000000085500000, 0x0000000085400000| Untracked 
|  75|0x0000000085500000, 0x0000000085600000, 0x0000000085600000|100%| O|  |TAMS 0x0000000085500000, 0x0000000085500000| Untracked 
|  76|0x0000000085600000, 0x0000000085700000, 0x0000000085700000|100%| O|  |TAMS 0x0000000085600000, 0x0000000085600000| Untracked 
|  77|0x0000000085700000, 0x0000000085800000, 0x0000000085800000|100%| O|  |TAMS 0x0000000085700000, 0x0000000085700000| Untracked 
|  78|0x0000000085800000, 0x0000000085900000, 0x0000000085900000|100%| O|  |TAMS 0x0000000085900000, 0x0000000085800000| Untracked 
|  79|0x0000000085900000, 0x0000000085a00000, 0x0000000085a00000|100%| O|  |TAMS 0x0000000085a00000, 0x0000000085900000| Untracked 
|  80|0x0000000085a00000, 0x0000000085b00000, 0x0000000085b00000|100%| O|  |TAMS 0x0000000085b00000, 0x0000000085a00000| Untracked 
|  81|0x0000000085b00000, 0x0000000085c00000, 0x0000000085c00000|100%| O|  |TAMS 0x0000000085c00000, 0x0000000085b00000| Untracked 
|  82|0x0000000085c00000, 0x0000000085d00000, 0x0000000085d00000|100%| O|  |TAMS 0x0000000085d00000, 0x0000000085c00000| Untracked 
|  83|0x0000000085d00000, 0x0000000085e00000, 0x0000000085e00000|100%| O|  |TAMS 0x0000000085e00000, 0x0000000085d00000| Untracked 
|  84|0x0000000085e00000, 0x0000000085f00000, 0x0000000085f00000|100%| O|  |TAMS 0x0000000085f00000, 0x0000000085e00000| Untracked 
|  85|0x0000000085f00000, 0x0000000086000000, 0x0000000086000000|100%| O|  |TAMS 0x0000000086000000, 0x0000000085f00000| Untracked 
|  86|0x0000000086000000, 0x0000000086100000, 0x0000000086100000|100%| O|  |TAMS 0x0000000086100000, 0x0000000086000000| Untracked 
|  87|0x0000000086100000, 0x0000000086200000, 0x0000000086200000|100%| O|  |TAMS 0x0000000086200000, 0x0000000086100000| Untracked 
|  88|0x0000000086200000, 0x0000000086300000, 0x0000000086300000|100%| O|  |TAMS 0x0000000086200000, 0x0000000086200000| Untracked 
|  89|0x0000000086300000, 0x0000000086400000, 0x0000000086400000|100%| O|  |TAMS 0x0000000086300000, 0x0000000086300000| Untracked 
|  90|0x0000000086400000, 0x0000000086500000, 0x0000000086500000|100%| O|  |TAMS 0x0000000086400000, 0x0000000086400000| Untracked 
|  91|0x0000000086500000, 0x0000000086600000, 0x0000000086600000|100%| O|  |TAMS 0x0000000086500000, 0x0000000086500000| Untracked 
|  92|0x0000000086600000, 0x0000000086700000, 0x0000000086700000|100%| O|  |TAMS 0x0000000086600000, 0x0000000086600000| Untracked 
|  93|0x0000000086700000, 0x0000000086800000, 0x0000000086800000|100%| O|  |TAMS 0x0000000086700000, 0x0000000086700000| Untracked 
|  94|0x0000000086800000, 0x0000000086900000, 0x0000000086900000|100%| O|  |TAMS 0x0000000086800000, 0x0000000086800000| Untracked 
|  95|0x0000000086900000, 0x0000000086a00000, 0x0000000086a00000|100%| O|  |TAMS 0x0000000086900000, 0x0000000086900000| Untracked 
|  96|0x0000000086a00000, 0x0000000086b00000, 0x0000000086b00000|100%| O|  |TAMS 0x0000000086b00000, 0x0000000086a00000| Untracked 
|  97|0x0000000086b00000, 0x0000000086c00000, 0x0000000086c00000|100%| O|  |TAMS 0x0000000086c00000, 0x0000000086b00000| Untracked 
|  98|0x0000000086c00000, 0x0000000086d00000, 0x0000000086d00000|100%| O|  |TAMS 0x0000000086d00000, 0x0000000086c00000| Untracked 
|  99|0x0000000086d00000, 0x0000000086e00000, 0x0000000086e00000|100%| O|  |TAMS 0x0000000086e00000, 0x0000000086d00000| Untracked 
| 100|0x0000000086e00000, 0x0000000086f00000, 0x0000000086f00000|100%| O|  |TAMS 0x0000000086f00000, 0x0000000086e00000| Untracked 
| 101|0x0000000086f00000, 0x0000000087000000, 0x0000000087000000|100%| O|  |TAMS 0x0000000087000000, 0x0000000086f00000| Untracked 
| 102|0x0000000087000000, 0x0000000087100000, 0x0000000087100000|100%| O|  |TAMS 0x00000000870d3a00, 0x0000000087000000| Untracked 
| 103|0x0000000087100000, 0x0000000087200000, 0x0000000087200000|100%| O|  |TAMS 0x0000000087100000, 0x0000000087100000| Untracked 
| 104|0x0000000087200000, 0x0000000087300000, 0x0000000087300000|100%| O|  |TAMS 0x0000000087200000, 0x0000000087200000| Untracked 
| 105|0x0000000087300000, 0x0000000087400000, 0x0000000087400000|100%| O|  |TAMS 0x0000000087300000, 0x0000000087300000| Untracked 
| 106|0x0000000087400000, 0x0000000087500000, 0x0000000087500000|100%| O|  |TAMS 0x0000000087400000, 0x0000000087400000| Untracked 
| 107|0x0000000087500000, 0x0000000087500000, 0x0000000087600000|  0%| F|  |TAMS 0x0000000087500000, 0x0000000087500000| Untracked 
| 108|0x0000000087600000, 0x0000000087600000, 0x0000000087700000|  0%| F|  |TAMS 0x0000000087600000, 0x0000000087600000| Untracked 
| 109|0x0000000087700000, 0x0000000087700000, 0x0000000087800000|  0%| F|  |TAMS 0x0000000087700000, 0x0000000087700000| Untracked 
| 110|0x0000000087800000, 0x0000000087800000, 0x0000000087900000|  0%| F|  |TAMS 0x0000000087800000, 0x0000000087800000| Untracked 
| 111|0x0000000087900000, 0x0000000087900000, 0x0000000087a00000|  0%| F|  |TAMS 0x0000000087900000, 0x0000000087900000| Untracked 
| 112|0x0000000087a00000, 0x0000000087a00000, 0x0000000087b00000|  0%| F|  |TAMS 0x0000000087a00000, 0x0000000087a00000| Untracked 
| 113|0x0000000087b00000, 0x0000000087b00000, 0x0000000087c00000|  0%| F|  |TAMS 0x0000000087b00000, 0x0000000087b00000| Untracked 
| 114|0x0000000087c00000, 0x0000000087c00000, 0x0000000087d00000|  0%| F|  |TAMS 0x0000000087c00000, 0x0000000087c00000| Untracked 
| 115|0x0000000087d00000, 0x0000000087d00000, 0x0000000087e00000|  0%| F|  |TAMS 0x0000000087d00000, 0x0000000087d00000| Untracked 
| 116|0x0000000087e00000, 0x0000000087e00000, 0x0000000087f00000|  0%| F|  |TAMS 0x0000000087e00000, 0x0000000087e00000| Untracked 
| 117|0x0000000087f00000, 0x0000000087f00000, 0x0000000088000000|  0%| F|  |TAMS 0x0000000087f00000, 0x0000000087f00000| Untracked 
| 118|0x0000000088000000, 0x0000000088000000, 0x0000000088100000|  0%| F|  |TAMS 0x0000000088000000, 0x0000000088000000| Untracked 
| 119|0x0000000088100000, 0x0000000088100000, 0x0000000088200000|  0%| F|  |TAMS 0x0000000088100000, 0x0000000088100000| Untracked 
| 120|0x0000000088200000, 0x0000000088200000, 0x0000000088300000|  0%| F|  |TAMS 0x0000000088200000, 0x0000000088200000| Untracked 
| 121|0x0000000088300000, 0x0000000088300000, 0x0000000088400000|  0%| F|  |TAMS 0x0000000088300000, 0x0000000088300000| Untracked 
| 122|0x0000000088400000, 0x0000000088400000, 0x0000000088500000|  0%| F|  |TAMS 0x0000000088400000, 0x0000000088400000| Untracked 
| 123|0x0000000088500000, 0x0000000088500000, 0x0000000088600000|  0%| F|  |TAMS 0x0000000088500000, 0x0000000088500000| Untracked 
| 124|0x0000000088600000, 0x0000000088600000, 0x0000000088700000|  0%| F|  |TAMS 0x0000000088600000, 0x0000000088600000| Untracked 
| 125|0x0000000088700000, 0x0000000088700000, 0x0000000088800000|  0%| F|  |TAMS 0x0000000088700000, 0x0000000088700000| Untracked 
| 126|0x0000000088800000, 0x0000000088800000, 0x0000000088900000|  0%| F|  |TAMS 0x0000000088800000, 0x0000000088800000| Untracked 
| 127|0x0000000088900000, 0x0000000088900000, 0x0000000088a00000|  0%| F|  |TAMS 0x0000000088900000, 0x0000000088900000| Untracked 
| 128|0x0000000088a00000, 0x0000000088a00000, 0x0000000088b00000|  0%| F|  |TAMS 0x0000000088a00000, 0x0000000088a00000| Untracked 
| 129|0x0000000088b00000, 0x0000000088b00000, 0x0000000088c00000|  0%| F|  |TAMS 0x0000000088b00000, 0x0000000088b00000| Untracked 
| 130|0x0000000088c00000, 0x0000000088c00000, 0x0000000088d00000|  0%| F|  |TAMS 0x0000000088c00000, 0x0000000088c00000| Untracked 
| 131|0x0000000088d00000, 0x0000000088d00000, 0x0000000088e00000|  0%| F|  |TAMS 0x0000000088d00000, 0x0000000088d00000| Untracked 
| 132|0x0000000088e00000, 0x0000000088e00000, 0x0000000088f00000|  0%| F|  |TAMS 0x0000000088e00000, 0x0000000088e00000| Untracked 
| 133|0x0000000088f00000, 0x0000000088f00000, 0x0000000089000000|  0%| F|  |TAMS 0x0000000088f00000, 0x0000000088f00000| Untracked 
| 134|0x0000000089000000, 0x0000000089000000, 0x0000000089100000|  0%| F|  |TAMS 0x0000000089000000, 0x0000000089000000| Untracked 
| 135|0x0000000089100000, 0x0000000089100000, 0x0000000089200000|  0%| F|  |TAMS 0x0000000089100000, 0x0000000089100000| Untracked 
| 136|0x0000000089200000, 0x0000000089200000, 0x0000000089300000|  0%| F|  |TAMS 0x0000000089200000, 0x0000000089200000| Untracked 
| 137|0x0000000089300000, 0x0000000089300000, 0x0000000089400000|  0%| F|  |TAMS 0x0000000089300000, 0x0000000089300000| Untracked 
| 138|0x0000000089400000, 0x0000000089400000, 0x0000000089500000|  0%| F|  |TAMS 0x0000000089400000, 0x0000000089400000| Untracked 
| 139|0x0000000089500000, 0x0000000089500000, 0x0000000089600000|  0%| F|  |TAMS 0x0000000089500000, 0x0000000089500000| Untracked 
| 140|0x0000000089600000, 0x0000000089600000, 0x0000000089700000|  0%| F|  |TAMS 0x0000000089600000, 0x0000000089600000| Untracked 
| 141|0x0000000089700000, 0x0000000089700000, 0x0000000089800000|  0%| F|  |TAMS 0x0000000089700000, 0x0000000089700000| Untracked 
| 142|0x0000000089800000, 0x0000000089800000, 0x0000000089900000|  0%| F|  |TAMS 0x0000000089800000, 0x0000000089800000| Untracked 
| 143|0x0000000089900000, 0x0000000089900000, 0x0000000089a00000|  0%| F|  |TAMS 0x0000000089900000, 0x0000000089900000| Untracked 
| 144|0x0000000089a00000, 0x0000000089a00000, 0x0000000089b00000|  0%| F|  |TAMS 0x0000000089a00000, 0x0000000089a00000| Untracked 
| 145|0x0000000089b00000, 0x0000000089b00000, 0x0000000089c00000|  0%| F|  |TAMS 0x0000000089b00000, 0x0000000089b00000| Untracked 
| 146|0x0000000089c00000, 0x0000000089c00000, 0x0000000089d00000|  0%| F|  |TAMS 0x0000000089c00000, 0x0000000089c00000| Untracked 
| 147|0x0000000089d00000, 0x0000000089d00000, 0x0000000089e00000|  0%| F|  |TAMS 0x0000000089d00000, 0x0000000089d00000| Untracked 
| 148|0x0000000089e00000, 0x0000000089e00000, 0x0000000089f00000|  0%| F|  |TAMS 0x0000000089e00000, 0x0000000089e00000| Untracked 
| 149|0x0000000089f00000, 0x0000000089f00000, 0x000000008a000000|  0%| F|  |TAMS 0x0000000089f00000, 0x0000000089f00000| Untracked 
| 150|0x000000008a000000, 0x000000008a000000, 0x000000008a100000|  0%| F|  |TAMS 0x000000008a000000, 0x000000008a000000| Untracked 
| 151|0x000000008a100000, 0x000000008a100000, 0x000000008a200000|  0%| F|  |TAMS 0x000000008a100000, 0x000000008a100000| Untracked 
| 152|0x000000008a200000, 0x000000008a200000, 0x000000008a300000|  0%| F|  |TAMS 0x000000008a200000, 0x000000008a200000| Untracked 
| 153|0x000000008a300000, 0x000000008a300000, 0x000000008a400000|  0%| F|  |TAMS 0x000000008a300000, 0x000000008a300000| Untracked 
| 154|0x000000008a400000, 0x000000008a400000, 0x000000008a500000|  0%| F|  |TAMS 0x000000008a400000, 0x000000008a400000| Untracked 
| 155|0x000000008a500000, 0x000000008a500000, 0x000000008a600000|  0%| F|  |TAMS 0x000000008a500000, 0x000000008a500000| Untracked 
| 156|0x000000008a600000, 0x000000008a600000, 0x000000008a700000|  0%| F|  |TAMS 0x000000008a600000, 0x000000008a600000| Untracked 
| 157|0x000000008a700000, 0x000000008a700000, 0x000000008a800000|  0%| F|  |TAMS 0x000000008a700000, 0x000000008a700000| Untracked 
| 158|0x000000008a800000, 0x000000008a800000, 0x000000008a900000|  0%| F|  |TAMS 0x000000008a800000, 0x000000008a800000| Untracked 
| 159|0x000000008a900000, 0x000000008a900000, 0x000000008aa00000|  0%| F|  |TAMS 0x000000008a900000, 0x000000008a900000| Untracked 
| 160|0x000000008aa00000, 0x000000008aa00000, 0x000000008ab00000|  0%| F|  |TAMS 0x000000008aa00000, 0x000000008aa00000| Untracked 
| 161|0x000000008ab00000, 0x000000008ab00000, 0x000000008ac00000|  0%| F|  |TAMS 0x000000008ab00000, 0x000000008ab00000| Untracked 
| 162|0x000000008ac00000, 0x000000008ac00000, 0x000000008ad00000|  0%| F|  |TAMS 0x000000008ac00000, 0x000000008ac00000| Untracked 
| 163|0x000000008ad00000, 0x000000008ad00000, 0x000000008ae00000|  0%| F|  |TAMS 0x000000008ad00000, 0x000000008ad00000| Untracked 
| 164|0x000000008ae00000, 0x000000008ae00000, 0x000000008af00000|  0%| F|  |TAMS 0x000000008ae00000, 0x000000008ae00000| Untracked 
| 165|0x000000008af00000, 0x000000008af00000, 0x000000008b000000|  0%| F|  |TAMS 0x000000008af00000, 0x000000008af00000| Untracked 
| 166|0x000000008b000000, 0x000000008b000000, 0x000000008b100000|  0%| F|  |TAMS 0x000000008b000000, 0x000000008b000000| Untracked 
| 167|0x000000008b100000, 0x000000008b100000, 0x000000008b200000|  0%| F|  |TAMS 0x000000008b100000, 0x000000008b100000| Untracked 
| 168|0x000000008b200000, 0x000000008b200000, 0x000000008b300000|  0%| F|  |TAMS 0x000000008b200000, 0x000000008b200000| Untracked 
| 169|0x000000008b300000, 0x000000008b300000, 0x000000008b400000|  0%| F|  |TAMS 0x000000008b300000, 0x000000008b300000| Untracked 
| 170|0x000000008b400000, 0x000000008b400000, 0x000000008b500000|  0%| F|  |TAMS 0x000000008b400000, 0x000000008b400000| Untracked 
| 171|0x000000008b500000, 0x000000008b500000, 0x000000008b600000|  0%| F|  |TAMS 0x000000008b500000, 0x000000008b500000| Untracked 
| 172|0x000000008b600000, 0x000000008b600000, 0x000000008b700000|  0%| F|  |TAMS 0x000000008b600000, 0x000000008b600000| Untracked 
| 173|0x000000008b700000, 0x000000008b700000, 0x000000008b800000|  0%| F|  |TAMS 0x000000008b700000, 0x000000008b700000| Untracked 
| 174|0x000000008b800000, 0x000000008b800000, 0x000000008b900000|  0%| F|  |TAMS 0x000000008b800000, 0x000000008b800000| Untracked 
| 175|0x000000008b900000, 0x000000008b900000, 0x000000008ba00000|  0%| F|  |TAMS 0x000000008b900000, 0x000000008b900000| Untracked 
| 176|0x000000008ba00000, 0x000000008ba00000, 0x000000008bb00000|  0%| F|  |TAMS 0x000000008ba00000, 0x000000008ba00000| Untracked 
| 177|0x000000008bb00000, 0x000000008bb00000, 0x000000008bc00000|  0%| F|  |TAMS 0x000000008bb00000, 0x000000008bb00000| Untracked 
| 178|0x000000008bc00000, 0x000000008bc00000, 0x000000008bd00000|  0%| F|  |TAMS 0x000000008bc00000, 0x000000008bc00000| Untracked 
| 179|0x000000008bd00000, 0x000000008bd00000, 0x000000008be00000|  0%| F|  |TAMS 0x000000008bd00000, 0x000000008bd00000| Untracked 
| 180|0x000000008be00000, 0x000000008be00000, 0x000000008bf00000|  0%| F|  |TAMS 0x000000008be00000, 0x000000008be00000| Untracked 
| 181|0x000000008bf00000, 0x000000008bf00000, 0x000000008c000000|  0%| F|  |TAMS 0x000000008bf00000, 0x000000008bf00000| Untracked 
| 182|0x000000008c000000, 0x000000008c000000, 0x000000008c100000|  0%| F|  |TAMS 0x000000008c000000, 0x000000008c000000| Untracked 
| 183|0x000000008c100000, 0x000000008c100000, 0x000000008c200000|  0%| F|  |TAMS 0x000000008c100000, 0x000000008c100000| Untracked 
| 184|0x000000008c200000, 0x000000008c200000, 0x000000008c300000|  0%| F|  |TAMS 0x000000008c200000, 0x000000008c200000| Untracked 
| 185|0x000000008c300000, 0x000000008c300000, 0x000000008c400000|  0%| F|  |TAMS 0x000000008c300000, 0x000000008c300000| Untracked 
| 186|0x000000008c400000, 0x000000008c400000, 0x000000008c500000|  0%| F|  |TAMS 0x000000008c400000, 0x000000008c400000| Untracked 
| 187|0x000000008c500000, 0x000000008c5c58d0, 0x000000008c600000| 77%| S|CS|TAMS 0x000000008c500000, 0x000000008c500000| Complete 
| 188|0x000000008c600000, 0x000000008c700000, 0x000000008c700000|100%| S|CS|TAMS 0x000000008c600000, 0x000000008c600000| Complete 
| 189|0x000000008c700000, 0x000000008c800000, 0x000000008c800000|100%| S|CS|TAMS 0x000000008c700000, 0x000000008c700000| Complete 
| 190|0x000000008c800000, 0x000000008c900000, 0x000000008c900000|100%| S|CS|TAMS 0x000000008c800000, 0x000000008c800000| Complete 
| 191|0x000000008c900000, 0x000000008ca00000, 0x000000008ca00000|100%| S|CS|TAMS 0x000000008c900000, 0x000000008c900000| Complete 
| 192|0x000000008ca00000, 0x000000008cb00000, 0x000000008cb00000|100%| S|CS|TAMS 0x000000008ca00000, 0x000000008ca00000| Complete 
| 193|0x000000008cb00000, 0x000000008cb00000, 0x000000008cc00000|  0%| F|  |TAMS 0x000000008cb00000, 0x000000008cb00000| Untracked 
| 194|0x000000008cc00000, 0x000000008cc00000, 0x000000008cd00000|  0%| F|  |TAMS 0x000000008cc00000, 0x000000008cc00000| Untracked 
| 195|0x000000008cd00000, 0x000000008cd00000, 0x000000008ce00000|  0%| F|  |TAMS 0x000000008cd00000, 0x000000008cd00000| Untracked 
| 196|0x000000008ce00000, 0x000000008ce00000, 0x000000008cf00000|  0%| F|  |TAMS 0x000000008ce00000, 0x000000008ce00000| Untracked 
| 197|0x000000008cf00000, 0x000000008cf00000, 0x000000008d000000|  0%| F|  |TAMS 0x000000008cf00000, 0x000000008cf00000| Untracked 
| 198|0x000000008d000000, 0x000000008d000000, 0x000000008d100000|  0%| F|  |TAMS 0x000000008d000000, 0x000000008d000000| Untracked 
| 199|0x000000008d100000, 0x000000008d100000, 0x000000008d200000|  0%| F|  |TAMS 0x000000008d100000, 0x000000008d100000| Untracked 
| 200|0x000000008d200000, 0x000000008d200000, 0x000000008d300000|  0%| F|  |TAMS 0x000000008d200000, 0x000000008d200000| Untracked 
| 201|0x000000008d300000, 0x000000008d300000, 0x000000008d400000|  0%| F|  |TAMS 0x000000008d300000, 0x000000008d300000| Untracked 
| 202|0x000000008d400000, 0x000000008d400000, 0x000000008d500000|  0%| F|  |TAMS 0x000000008d400000, 0x000000008d400000| Untracked 
| 203|0x000000008d500000, 0x000000008d500000, 0x000000008d600000|  0%| F|  |TAMS 0x000000008d500000, 0x000000008d500000| Untracked 
| 204|0x000000008d600000, 0x000000008d600000, 0x000000008d700000|  0%| F|  |TAMS 0x000000008d600000, 0x000000008d600000| Untracked 
| 205|0x000000008d700000, 0x000000008d700000, 0x000000008d800000|  0%| F|  |TAMS 0x000000008d700000, 0x000000008d700000| Untracked 
| 206|0x000000008d800000, 0x000000008d800000, 0x000000008d900000|  0%| F|  |TAMS 0x000000008d800000, 0x000000008d800000| Untracked 
| 207|0x000000008d900000, 0x000000008d900000, 0x000000008da00000|  0%| F|  |TAMS 0x000000008d900000, 0x000000008d900000| Untracked 
| 208|0x000000008da00000, 0x000000008da00000, 0x000000008db00000|  0%| F|  |TAMS 0x000000008da00000, 0x000000008da00000| Untracked 
| 209|0x000000008db00000, 0x000000008db00000, 0x000000008dc00000|  0%| F|  |TAMS 0x000000008db00000, 0x000000008db00000| Untracked 
| 210|0x000000008dc00000, 0x000000008dc00000, 0x000000008dd00000|  0%| F|  |TAMS 0x000000008dc00000, 0x000000008dc00000| Untracked 
| 211|0x000000008dd00000, 0x000000008dd00000, 0x000000008de00000|  0%| F|  |TAMS 0x000000008dd00000, 0x000000008dd00000| Untracked 
| 212|0x000000008de00000, 0x000000008de00000, 0x000000008df00000|  0%| F|  |TAMS 0x000000008de00000, 0x000000008de00000| Untracked 
| 213|0x000000008df00000, 0x000000008df00000, 0x000000008e000000|  0%| F|  |TAMS 0x000000008df00000, 0x000000008df00000| Untracked 
| 214|0x000000008e000000, 0x000000008e000000, 0x000000008e100000|  0%| F|  |TAMS 0x000000008e000000, 0x000000008e000000| Untracked 
| 215|0x000000008e100000, 0x000000008e100000, 0x000000008e200000|  0%| F|  |TAMS 0x000000008e100000, 0x000000008e100000| Untracked 
| 216|0x000000008e200000, 0x000000008e200000, 0x000000008e300000|  0%| F|  |TAMS 0x000000008e200000, 0x000000008e200000| Untracked 
| 217|0x000000008e300000, 0x000000008e300000, 0x000000008e400000|  0%| F|  |TAMS 0x000000008e300000, 0x000000008e300000| Untracked 
| 218|0x000000008e400000, 0x000000008e400000, 0x000000008e500000|  0%| F|  |TAMS 0x000000008e400000, 0x000000008e400000| Untracked 
| 219|0x000000008e500000, 0x000000008e500000, 0x000000008e600000|  0%| F|  |TAMS 0x000000008e500000, 0x000000008e500000| Untracked 
| 220|0x000000008e600000, 0x000000008e600000, 0x000000008e700000|  0%| F|  |TAMS 0x000000008e600000, 0x000000008e600000| Untracked 
| 221|0x000000008e700000, 0x000000008e700000, 0x000000008e800000|  0%| F|  |TAMS 0x000000008e700000, 0x000000008e700000| Untracked 
| 222|0x000000008e800000, 0x000000008e800000, 0x000000008e900000|  0%| F|  |TAMS 0x000000008e800000, 0x000000008e800000| Untracked 
| 223|0x000000008e900000, 0x000000008e900000, 0x000000008ea00000|  0%| F|  |TAMS 0x000000008e900000, 0x000000008e900000| Untracked 
| 224|0x000000008ea00000, 0x000000008ea00000, 0x000000008eb00000|  0%| F|  |TAMS 0x000000008ea00000, 0x000000008ea00000| Untracked 
| 225|0x000000008eb00000, 0x000000008eb00000, 0x000000008ec00000|  0%| F|  |TAMS 0x000000008eb00000, 0x000000008eb00000| Untracked 
| 226|0x000000008ec00000, 0x000000008ec00000, 0x000000008ed00000|  0%| F|  |TAMS 0x000000008ec00000, 0x000000008ec00000| Untracked 
| 227|0x000000008ed00000, 0x000000008ed00000, 0x000000008ee00000|  0%| F|  |TAMS 0x000000008ed00000, 0x000000008ed00000| Untracked 
| 228|0x000000008ee00000, 0x000000008ee00000, 0x000000008ef00000|  0%| F|  |TAMS 0x000000008ee00000, 0x000000008ee00000| Untracked 
| 229|0x000000008ef00000, 0x000000008ef00000, 0x000000008f000000|  0%| F|  |TAMS 0x000000008ef00000, 0x000000008ef00000| Untracked 
| 230|0x000000008f000000, 0x000000008f000000, 0x000000008f100000|  0%| F|  |TAMS 0x000000008f000000, 0x000000008f000000| Untracked 
| 231|0x000000008f100000, 0x000000008f100000, 0x000000008f200000|  0%| F|  |TAMS 0x000000008f100000, 0x000000008f100000| Untracked 
| 232|0x000000008f200000, 0x000000008f200000, 0x000000008f300000|  0%| F|  |TAMS 0x000000008f200000, 0x000000008f200000| Untracked 
| 233|0x000000008f300000, 0x000000008f300000, 0x000000008f400000|  0%| F|  |TAMS 0x000000008f300000, 0x000000008f300000| Untracked 
| 234|0x000000008f400000, 0x000000008f400000, 0x000000008f500000|  0%| F|  |TAMS 0x000000008f400000, 0x000000008f400000| Untracked 
| 235|0x000000008f500000, 0x000000008f500000, 0x000000008f600000|  0%| F|  |TAMS 0x000000008f500000, 0x000000008f500000| Untracked 
| 236|0x000000008f600000, 0x000000008f600000, 0x000000008f700000|  0%| F|  |TAMS 0x000000008f600000, 0x000000008f600000| Untracked 
| 237|0x000000008f700000, 0x000000008f700000, 0x000000008f800000|  0%| F|  |TAMS 0x000000008f700000, 0x000000008f700000| Untracked 
| 238|0x000000008f800000, 0x000000008f800000, 0x000000008f900000|  0%| F|  |TAMS 0x000000008f800000, 0x000000008f800000| Untracked 
| 239|0x000000008f900000, 0x000000008f900000, 0x000000008fa00000|  0%| F|  |TAMS 0x000000008f900000, 0x000000008f900000| Untracked 
| 240|0x000000008fa00000, 0x000000008fa00000, 0x000000008fb00000|  0%| F|  |TAMS 0x000000008fa00000, 0x000000008fa00000| Untracked 
| 241|0x000000008fb00000, 0x000000008fb00000, 0x000000008fc00000|  0%| F|  |TAMS 0x000000008fb00000, 0x000000008fb00000| Untracked 
| 242|0x000000008fc00000, 0x000000008fc00000, 0x000000008fd00000|  0%| F|  |TAMS 0x000000008fc00000, 0x000000008fc00000| Untracked 
| 243|0x000000008fd00000, 0x000000008fd00000, 0x000000008fe00000|  0%| F|  |TAMS 0x000000008fd00000, 0x000000008fd00000| Untracked 
| 244|0x000000008fe00000, 0x000000008fe00000, 0x000000008ff00000|  0%| F|  |TAMS 0x000000008fe00000, 0x000000008fe00000| Untracked 
| 245|0x000000008ff00000, 0x000000008ff00000, 0x0000000090000000|  0%| F|  |TAMS 0x000000008ff00000, 0x000000008ff00000| Untracked 
| 246|0x0000000090000000, 0x0000000090000000, 0x0000000090100000|  0%| F|  |TAMS 0x0000000090000000, 0x0000000090000000| Untracked 
| 247|0x0000000090100000, 0x0000000090100000, 0x0000000090200000|  0%| F|  |TAMS 0x0000000090100000, 0x0000000090100000| Untracked 
| 248|0x0000000090200000, 0x0000000090200000, 0x0000000090300000|  0%| F|  |TAMS 0x0000000090200000, 0x0000000090200000| Untracked 
| 249|0x0000000090300000, 0x0000000090300000, 0x0000000090400000|  0%| F|  |TAMS 0x0000000090300000, 0x0000000090300000| Untracked 
| 250|0x0000000090400000, 0x0000000090400000, 0x0000000090500000|  0%| F|  |TAMS 0x0000000090400000, 0x0000000090400000| Untracked 
| 251|0x0000000090500000, 0x0000000090500000, 0x0000000090600000|  0%| F|  |TAMS 0x0000000090500000, 0x0000000090500000| Untracked 
| 252|0x0000000090600000, 0x0000000090600000, 0x0000000090700000|  0%| F|  |TAMS 0x0000000090600000, 0x0000000090600000| Untracked 
| 253|0x0000000090700000, 0x0000000090700000, 0x0000000090800000|  0%| F|  |TAMS 0x0000000090700000, 0x0000000090700000| Untracked 
| 254|0x0000000090800000, 0x0000000090800000, 0x0000000090900000|  0%| F|  |TAMS 0x0000000090800000, 0x0000000090800000| Untracked 
| 255|0x0000000090900000, 0x0000000090900000, 0x0000000090a00000|  0%| F|  |TAMS 0x0000000090900000, 0x0000000090900000| Untracked 
| 256|0x0000000090a00000, 0x0000000090a00000, 0x0000000090b00000|  0%| F|  |TAMS 0x0000000090a00000, 0x0000000090a00000| Untracked 
| 257|0x0000000090b00000, 0x0000000090b00000, 0x0000000090c00000|  0%| F|  |TAMS 0x0000000090b00000, 0x0000000090b00000| Untracked 
| 258|0x0000000090c00000, 0x0000000090c00000, 0x0000000090d00000|  0%| F|  |TAMS 0x0000000090c00000, 0x0000000090c00000| Untracked 
| 259|0x0000000090d00000, 0x0000000090d00000, 0x0000000090e00000|  0%| F|  |TAMS 0x0000000090d00000, 0x0000000090d00000| Untracked 
| 260|0x0000000090e00000, 0x0000000090e00000, 0x0000000090f00000|  0%| F|  |TAMS 0x0000000090e00000, 0x0000000090e00000| Untracked 
| 261|0x0000000090f00000, 0x0000000090f00000, 0x0000000091000000|  0%| F|  |TAMS 0x0000000090f00000, 0x0000000090f00000| Untracked 
| 262|0x0000000091000000, 0x0000000091000000, 0x0000000091100000|  0%| F|  |TAMS 0x0000000091000000, 0x0000000091000000| Untracked 
| 263|0x0000000091100000, 0x0000000091100000, 0x0000000091200000|  0%| F|  |TAMS 0x0000000091100000, 0x0000000091100000| Untracked 
| 264|0x0000000091200000, 0x0000000091200000, 0x0000000091300000|  0%| F|  |TAMS 0x0000000091200000, 0x0000000091200000| Untracked 
| 265|0x0000000091300000, 0x0000000091300000, 0x0000000091400000|  0%| F|  |TAMS 0x0000000091300000, 0x0000000091300000| Untracked 
| 266|0x0000000091400000, 0x0000000091400000, 0x0000000091500000|  0%| F|  |TAMS 0x0000000091400000, 0x0000000091400000| Untracked 
| 267|0x0000000091500000, 0x0000000091500000, 0x0000000091600000|  0%| F|  |TAMS 0x0000000091500000, 0x0000000091500000| Untracked 
| 268|0x0000000091600000, 0x0000000091600000, 0x0000000091700000|  0%| F|  |TAMS 0x0000000091600000, 0x0000000091600000| Untracked 
| 269|0x0000000091700000, 0x0000000091700000, 0x0000000091800000|  0%| F|  |TAMS 0x0000000091700000, 0x0000000091700000| Untracked 
| 270|0x0000000091800000, 0x0000000091800000, 0x0000000091900000|  0%| F|  |TAMS 0x0000000091800000, 0x0000000091800000| Untracked 
| 271|0x0000000091900000, 0x0000000091900000, 0x0000000091a00000|  0%| F|  |TAMS 0x0000000091900000, 0x0000000091900000| Untracked 
| 272|0x0000000091a00000, 0x0000000091a00000, 0x0000000091b00000|  0%| F|  |TAMS 0x0000000091a00000, 0x0000000091a00000| Untracked 
| 273|0x0000000091b00000, 0x0000000091b00000, 0x0000000091c00000|  0%| F|  |TAMS 0x0000000091b00000, 0x0000000091b00000| Untracked 
| 274|0x0000000091c00000, 0x0000000091c00000, 0x0000000091d00000|  0%| F|  |TAMS 0x0000000091c00000, 0x0000000091c00000| Untracked 
| 275|0x0000000091d00000, 0x0000000091d00000, 0x0000000091e00000|  0%| F|  |TAMS 0x0000000091d00000, 0x0000000091d00000| Untracked 
| 276|0x0000000091e00000, 0x0000000091e00000, 0x0000000091f00000|  0%| F|  |TAMS 0x0000000091e00000, 0x0000000091e00000| Untracked 
| 277|0x0000000091f00000, 0x0000000091f00000, 0x0000000092000000|  0%| F|  |TAMS 0x0000000091f00000, 0x0000000091f00000| Untracked 
| 278|0x0000000092000000, 0x0000000092000000, 0x0000000092100000|  0%| F|  |TAMS 0x0000000092000000, 0x0000000092000000| Untracked 
| 279|0x0000000092100000, 0x0000000092100000, 0x0000000092200000|  0%| F|  |TAMS 0x0000000092100000, 0x0000000092100000| Untracked 
| 280|0x0000000092200000, 0x0000000092200000, 0x0000000092300000|  0%| F|  |TAMS 0x0000000092200000, 0x0000000092200000| Untracked 
| 281|0x0000000092300000, 0x0000000092300000, 0x0000000092400000|  0%| F|  |TAMS 0x0000000092300000, 0x0000000092300000| Untracked 
| 282|0x0000000092400000, 0x0000000092400000, 0x0000000092500000|  0%| F|  |TAMS 0x0000000092400000, 0x0000000092400000| Untracked 
| 283|0x0000000092500000, 0x0000000092500000, 0x0000000092600000|  0%| F|  |TAMS 0x0000000092500000, 0x0000000092500000| Untracked 
| 284|0x0000000092600000, 0x0000000092600000, 0x0000000092700000|  0%| F|  |TAMS 0x0000000092600000, 0x0000000092600000| Untracked 
| 285|0x0000000092700000, 0x0000000092700000, 0x0000000092800000|  0%| F|  |TAMS 0x0000000092700000, 0x0000000092700000| Untracked 
| 286|0x0000000092800000, 0x0000000092800000, 0x0000000092900000|  0%| F|  |TAMS 0x0000000092800000, 0x0000000092800000| Untracked 
| 287|0x0000000092900000, 0x0000000092900000, 0x0000000092a00000|  0%| F|  |TAMS 0x0000000092900000, 0x0000000092900000| Untracked 
| 288|0x0000000092a00000, 0x0000000092a00000, 0x0000000092b00000|  0%| F|  |TAMS 0x0000000092a00000, 0x0000000092a00000| Untracked 
| 289|0x0000000092b00000, 0x0000000092b00000, 0x0000000092c00000|  0%| F|  |TAMS 0x0000000092b00000, 0x0000000092b00000| Untracked 
| 290|0x0000000092c00000, 0x0000000092c00000, 0x0000000092d00000|  0%| F|  |TAMS 0x0000000092c00000, 0x0000000092c00000| Untracked 
| 291|0x0000000092d00000, 0x0000000092d00000, 0x0000000092e00000|  0%| F|  |TAMS 0x0000000092d00000, 0x0000000092d00000| Untracked 
| 292|0x0000000092e00000, 0x0000000092e00000, 0x0000000092f00000|  0%| F|  |TAMS 0x0000000092e00000, 0x0000000092e00000| Untracked 
| 293|0x0000000092f00000, 0x0000000092f00000, 0x0000000093000000|  0%| F|  |TAMS 0x0000000092f00000, 0x0000000092f00000| Untracked 
| 294|0x0000000093000000, 0x0000000093000000, 0x0000000093100000|  0%| F|  |TAMS 0x0000000093000000, 0x0000000093000000| Untracked 
| 295|0x0000000093100000, 0x0000000093100000, 0x0000000093200000|  0%| F|  |TAMS 0x0000000093100000, 0x0000000093100000| Untracked 
| 296|0x0000000093200000, 0x0000000093200000, 0x0000000093300000|  0%| F|  |TAMS 0x0000000093200000, 0x0000000093200000| Untracked 
| 297|0x0000000093300000, 0x0000000093300000, 0x0000000093400000|  0%| F|  |TAMS 0x0000000093300000, 0x0000000093300000| Untracked 
| 298|0x0000000093400000, 0x0000000093400000, 0x0000000093500000|  0%| F|  |TAMS 0x0000000093400000, 0x0000000093400000| Untracked 
| 299|0x0000000093500000, 0x0000000093500000, 0x0000000093600000|  0%| F|  |TAMS 0x0000000093500000, 0x0000000093500000| Untracked 
| 300|0x0000000093600000, 0x0000000093600000, 0x0000000093700000|  0%| F|  |TAMS 0x0000000093600000, 0x0000000093600000| Untracked 
| 301|0x0000000093700000, 0x0000000093700000, 0x0000000093800000|  0%| F|  |TAMS 0x0000000093700000, 0x0000000093700000| Untracked 
| 302|0x0000000093800000, 0x0000000093800000, 0x0000000093900000|  0%| F|  |TAMS 0x0000000093800000, 0x0000000093800000| Untracked 
| 303|0x0000000093900000, 0x0000000093900000, 0x0000000093a00000|  0%| F|  |TAMS 0x0000000093900000, 0x0000000093900000| Untracked 
| 304|0x0000000093a00000, 0x0000000093a00000, 0x0000000093b00000|  0%| F|  |TAMS 0x0000000093a00000, 0x0000000093a00000| Untracked 
| 305|0x0000000093b00000, 0x0000000093b00000, 0x0000000093c00000|  0%| F|  |TAMS 0x0000000093b00000, 0x0000000093b00000| Untracked 
| 306|0x0000000093c00000, 0x0000000093c00000, 0x0000000093d00000|  0%| F|  |TAMS 0x0000000093c00000, 0x0000000093c00000| Untracked 
| 307|0x0000000093d00000, 0x0000000093d00000, 0x0000000093e00000|  0%| F|  |TAMS 0x0000000093d00000, 0x0000000093d00000| Untracked 
| 308|0x0000000093e00000, 0x0000000093e00000, 0x0000000093f00000|  0%| F|  |TAMS 0x0000000093e00000, 0x0000000093e00000| Untracked 
| 309|0x0000000093f00000, 0x0000000093f00000, 0x0000000094000000|  0%| F|  |TAMS 0x0000000093f00000, 0x0000000093f00000| Untracked 
| 310|0x0000000094000000, 0x0000000094000000, 0x0000000094100000|  0%| F|  |TAMS 0x0000000094000000, 0x0000000094000000| Untracked 
| 311|0x0000000094100000, 0x0000000094100000, 0x0000000094200000|  0%| F|  |TAMS 0x0000000094100000, 0x0000000094100000| Untracked 
| 312|0x0000000094200000, 0x0000000094200000, 0x0000000094300000|  0%| F|  |TAMS 0x0000000094200000, 0x0000000094200000| Untracked 
| 313|0x0000000094300000, 0x0000000094300000, 0x0000000094400000|  0%| F|  |TAMS 0x0000000094300000, 0x0000000094300000| Untracked 
| 314|0x0000000094400000, 0x0000000094400000, 0x0000000094500000|  0%| F|  |TAMS 0x0000000094400000, 0x0000000094400000| Untracked 
| 315|0x0000000094500000, 0x0000000094500000, 0x0000000094600000|  0%| F|  |TAMS 0x0000000094500000, 0x0000000094500000| Untracked 
| 316|0x0000000094600000, 0x0000000094600000, 0x0000000094700000|  0%| F|  |TAMS 0x0000000094600000, 0x0000000094600000| Untracked 
| 317|0x0000000094700000, 0x0000000094700000, 0x0000000094800000|  0%| F|  |TAMS 0x0000000094700000, 0x0000000094700000| Untracked 
| 318|0x0000000094800000, 0x0000000094800000, 0x0000000094900000|  0%| F|  |TAMS 0x0000000094800000, 0x0000000094800000| Untracked 
| 319|0x0000000094900000, 0x0000000094900000, 0x0000000094a00000|  0%| F|  |TAMS 0x0000000094900000, 0x0000000094900000| Untracked 
| 320|0x0000000094a00000, 0x0000000094a00000, 0x0000000094b00000|  0%| F|  |TAMS 0x0000000094a00000, 0x0000000094a00000| Untracked 
| 321|0x0000000094b00000, 0x0000000094b00000, 0x0000000094c00000|  0%| F|  |TAMS 0x0000000094b00000, 0x0000000094b00000| Untracked 
| 322|0x0000000094c00000, 0x0000000094c00000, 0x0000000094d00000|  0%| F|  |TAMS 0x0000000094c00000, 0x0000000094c00000| Untracked 
| 323|0x0000000094d00000, 0x0000000094d00000, 0x0000000094e00000|  0%| F|  |TAMS 0x0000000094d00000, 0x0000000094d00000| Untracked 
| 324|0x0000000094e00000, 0x0000000094e00000, 0x0000000094f00000|  0%| F|  |TAMS 0x0000000094e00000, 0x0000000094e00000| Untracked 
| 325|0x0000000094f00000, 0x0000000094f00000, 0x0000000095000000|  0%| F|  |TAMS 0x0000000094f00000, 0x0000000094f00000| Untracked 
| 326|0x0000000095000000, 0x0000000095000000, 0x0000000095100000|  0%| F|  |TAMS 0x0000000095000000, 0x0000000095000000| Untracked 
| 327|0x0000000095100000, 0x0000000095100000, 0x0000000095200000|  0%| F|  |TAMS 0x0000000095100000, 0x0000000095100000| Untracked 
| 328|0x0000000095200000, 0x0000000095200000, 0x0000000095300000|  0%| F|  |TAMS 0x0000000095200000, 0x0000000095200000| Untracked 
| 329|0x0000000095300000, 0x0000000095300000, 0x0000000095400000|  0%| F|  |TAMS 0x0000000095300000, 0x0000000095300000| Untracked 
| 330|0x0000000095400000, 0x0000000095400000, 0x0000000095500000|  0%| F|  |TAMS 0x0000000095400000, 0x0000000095400000| Untracked 
| 331|0x0000000095500000, 0x0000000095500000, 0x0000000095600000|  0%| F|  |TAMS 0x0000000095500000, 0x0000000095500000| Untracked 
| 332|0x0000000095600000, 0x0000000095600000, 0x0000000095700000|  0%| F|  |TAMS 0x0000000095600000, 0x0000000095600000| Untracked 
| 333|0x0000000095700000, 0x0000000095700000, 0x0000000095800000|  0%| F|  |TAMS 0x0000000095700000, 0x0000000095700000| Untracked 
| 334|0x0000000095800000, 0x0000000095800000, 0x0000000095900000|  0%| F|  |TAMS 0x0000000095800000, 0x0000000095800000| Untracked 
| 335|0x0000000095900000, 0x0000000095900000, 0x0000000095a00000|  0%| F|  |TAMS 0x0000000095900000, 0x0000000095900000| Untracked 
| 336|0x0000000095a00000, 0x0000000095a00000, 0x0000000095b00000|  0%| F|  |TAMS 0x0000000095a00000, 0x0000000095a00000| Untracked 
| 337|0x0000000095b00000, 0x0000000095b00000, 0x0000000095c00000|  0%| F|  |TAMS 0x0000000095b00000, 0x0000000095b00000| Untracked 
| 338|0x0000000095c00000, 0x0000000095c00000, 0x0000000095d00000|  0%| F|  |TAMS 0x0000000095c00000, 0x0000000095c00000| Untracked 
| 339|0x0000000095d00000, 0x0000000095d00000, 0x0000000095e00000|  0%| F|  |TAMS 0x0000000095d00000, 0x0000000095d00000| Untracked 
| 340|0x0000000095e00000, 0x0000000095e00000, 0x0000000095f00000|  0%| F|  |TAMS 0x0000000095e00000, 0x0000000095e00000| Untracked 
| 341|0x0000000095f00000, 0x0000000095f00000, 0x0000000096000000|  0%| F|  |TAMS 0x0000000095f00000, 0x0000000095f00000| Untracked 
| 342|0x0000000096000000, 0x0000000096000000, 0x0000000096100000|  0%| F|  |TAMS 0x0000000096000000, 0x0000000096000000| Untracked 
| 343|0x0000000096100000, 0x0000000096100000, 0x0000000096200000|  0%| F|  |TAMS 0x0000000096100000, 0x0000000096100000| Untracked 
| 344|0x0000000096200000, 0x0000000096200000, 0x0000000096300000|  0%| F|  |TAMS 0x0000000096200000, 0x0000000096200000| Untracked 
| 345|0x0000000096300000, 0x0000000096300000, 0x0000000096400000|  0%| F|  |TAMS 0x0000000096300000, 0x0000000096300000| Untracked 
| 346|0x0000000096400000, 0x0000000096400000, 0x0000000096500000|  0%| F|  |TAMS 0x0000000096400000, 0x0000000096400000| Untracked 
| 347|0x0000000096500000, 0x0000000096500000, 0x0000000096600000|  0%| F|  |TAMS 0x0000000096500000, 0x0000000096500000| Untracked 
| 348|0x0000000096600000, 0x0000000096600000, 0x0000000096700000|  0%| F|  |TAMS 0x0000000096600000, 0x0000000096600000| Untracked 
| 349|0x0000000096700000, 0x0000000096700000, 0x0000000096800000|  0%| F|  |TAMS 0x0000000096700000, 0x0000000096700000| Untracked 
| 350|0x0000000096800000, 0x0000000096800000, 0x0000000096900000|  0%| F|  |TAMS 0x0000000096800000, 0x0000000096800000| Untracked 
| 351|0x0000000096900000, 0x0000000096900000, 0x0000000096a00000|  0%| F|  |TAMS 0x0000000096900000, 0x0000000096900000| Untracked 
| 352|0x0000000096a00000, 0x0000000096a00000, 0x0000000096b00000|  0%| F|  |TAMS 0x0000000096a00000, 0x0000000096a00000| Untracked 
| 353|0x0000000096b00000, 0x0000000096b00000, 0x0000000096c00000|  0%| F|  |TAMS 0x0000000096b00000, 0x0000000096b00000| Untracked 
| 354|0x0000000096c00000, 0x0000000096c00000, 0x0000000096d00000|  0%| F|  |TAMS 0x0000000096c00000, 0x0000000096c00000| Untracked 
| 355|0x0000000096d00000, 0x0000000096d00000, 0x0000000096e00000|  0%| F|  |TAMS 0x0000000096d00000, 0x0000000096d00000| Untracked 
| 356|0x0000000096e00000, 0x0000000096e00000, 0x0000000096f00000|  0%| F|  |TAMS 0x0000000096e00000, 0x0000000096e00000| Untracked 
| 357|0x0000000096f00000, 0x0000000096f00000, 0x0000000097000000|  0%| F|  |TAMS 0x0000000096f00000, 0x0000000096f00000| Untracked 
| 358|0x0000000097000000, 0x0000000097000000, 0x0000000097100000|  0%| F|  |TAMS 0x0000000097000000, 0x0000000097000000| Untracked 
| 359|0x0000000097100000, 0x0000000097100000, 0x0000000097200000|  0%| F|  |TAMS 0x0000000097100000, 0x0000000097100000| Untracked 
| 360|0x0000000097200000, 0x0000000097200000, 0x0000000097300000|  0%| F|  |TAMS 0x0000000097200000, 0x0000000097200000| Untracked 
| 361|0x0000000097300000, 0x0000000097300000, 0x0000000097400000|  0%| F|  |TAMS 0x0000000097300000, 0x0000000097300000| Untracked 
| 362|0x0000000097400000, 0x0000000097400000, 0x0000000097500000|  0%| F|  |TAMS 0x0000000097400000, 0x0000000097400000| Untracked 
| 363|0x0000000097500000, 0x0000000097500000, 0x0000000097600000|  0%| F|  |TAMS 0x0000000097500000, 0x0000000097500000| Untracked 
| 364|0x0000000097600000, 0x0000000097600000, 0x0000000097700000|  0%| F|  |TAMS 0x0000000097600000, 0x0000000097600000| Untracked 
| 365|0x0000000097700000, 0x0000000097700000, 0x0000000097800000|  0%| F|  |TAMS 0x0000000097700000, 0x0000000097700000| Untracked 
| 366|0x0000000097800000, 0x0000000097800000, 0x0000000097900000|  0%| F|  |TAMS 0x0000000097800000, 0x0000000097800000| Untracked 
| 367|0x0000000097900000, 0x0000000097900000, 0x0000000097a00000|  0%| F|  |TAMS 0x0000000097900000, 0x0000000097900000| Untracked 
| 368|0x0000000097a00000, 0x0000000097a00000, 0x0000000097b00000|  0%| F|  |TAMS 0x0000000097a00000, 0x0000000097a00000| Untracked 
| 369|0x0000000097b00000, 0x0000000097b00000, 0x0000000097c00000|  0%| F|  |TAMS 0x0000000097b00000, 0x0000000097b00000| Untracked 
| 370|0x0000000097c00000, 0x0000000097c00000, 0x0000000097d00000|  0%| F|  |TAMS 0x0000000097c00000, 0x0000000097c00000| Untracked 
| 371|0x0000000097d00000, 0x0000000097d00000, 0x0000000097e00000|  0%| F|  |TAMS 0x0000000097d00000, 0x0000000097d00000| Untracked 
| 372|0x0000000097e00000, 0x0000000097e00000, 0x0000000097f00000|  0%| F|  |TAMS 0x0000000097e00000, 0x0000000097e00000| Untracked 
| 373|0x0000000097f00000, 0x0000000097f00000, 0x0000000098000000|  0%| F|  |TAMS 0x0000000097f00000, 0x0000000097f00000| Untracked 
| 374|0x0000000098000000, 0x0000000098000000, 0x0000000098100000|  0%| F|  |TAMS 0x0000000098000000, 0x0000000098000000| Untracked 
| 375|0x0000000098100000, 0x0000000098100000, 0x0000000098200000|  0%| F|  |TAMS 0x0000000098100000, 0x0000000098100000| Untracked 

Card table byte_map: [0x00000268d5500000,0x00000268d5900000] _byte_map_base: 0x00000268d50fb000

Marking Bits (Prev, Next): (CMBitMap*) 0x00000268c2746520, (CMBitMap*) 0x00000268c27464e0
 Prev Bits: [0x00000268d7ce0000, 0x00000268d9cb8000)
 Next Bits: [0x00000268d5d00000, 0x00000268d7cd8000)

Polling page: 0x00000268c05e0000

Metaspace:

Usage:
  Non-class:     61.30 MB capacity,    60.82 MB (>99%) used,   392.45 KB ( <1%) free+waste,    98.44 KB ( <1%) overhead. 
      Class:      9.07 MB capacity,     8.82 MB ( 97%) used,   212.97 KB (  2%) free+waste,    37.94 KB ( <1%) overhead. 
       Both:     70.37 MB capacity,    69.64 MB ( 99%) used,   605.42 KB ( <1%) free+waste,   136.38 KB ( <1%) overhead. 

Virtual space:
  Non-class space:       62.00 MB reserved,      61.43 MB (>99%) committed 
      Class space:        1.00 GB reserved,       9.20 MB ( <1%) committed 
             Both:        1.06 GB reserved,      70.63 MB (  7%) committed 

Chunk freelists:
   Non-Class:  3.00 KB
       Class:  27.00 KB
        Both:  30.00 KB

MaxMetaspaceSize: 17179869184.00 GB
CompressedClassSpaceSize: 1.00 GB

CodeHeap 'non-profiled nmethods': size=238912Kb used=13998Kb max_used=13998Kb free=224914Kb
 bounds [0x00000268c67b0000, 0x00000268c7560000, 0x00000268d5100000]
CodeHeap 'non-nmethods': size=6848Kb used=2370Kb max_used=2370Kb free=4477Kb
 bounds [0x00000268c6100000, 0x00000268c6370000, 0x00000268c67b0000]
 total_blobs=9619 nmethods=8757 adapters=788
 compilation: enabled
              stopped_count=0, restarted_count=0
 full_count=0

Compilation events (20 events):
Event: 1129.441 Thread 0x00000268dca39a60 8748       1       scala.collection.immutable.Vector::cleanRightEdge (449 bytes)
Event: 1129.442 Thread 0x00000268dca39a60 nmethod 8748 0x00000268c7554e10 code [0x00000268c7555160, 0x00000268c7556f78]
Event: 1129.547 Thread 0x00000268dca39a60 8749       1       org.openkoreantext.processor.util.KoreanSubstantive$$$Lambda$1116/0x00000001009177d0::apply (8 bytes)
Event: 1129.547 Thread 0x00000268dca39a60 nmethod 8749 0x00000268c7557890 code [0x00000268c7557a40, 0x00000268c7557b88]
Event: 1129.547 Thread 0x00000268dca39a60 8750       1       org.openkoreantext.processor.util.KoreanSubstantive$::$anonfun$isKoreanNameVariation$3$adapted (8 bytes)
Event: 1129.547 Thread 0x00000268dca39a60 nmethod 8750 0x00000268c7557c90 code [0x00000268c7557e20, 0x00000268c7557f08]
Event: 1129.547 Thread 0x00000268dca39a60 8751       1       org.openkoreantext.processor.util.KoreanSubstantive$::$anonfun$isKoreanNameVariation$3 (8 bytes)
Event: 1129.547 Thread 0x00000268dca39a60 nmethod 8751 0x00000268c7558010 code [0x00000268c75581a0, 0x00000268c7558268]
Event: 1129.763 Thread 0x00000268dca39a60 8752       1       scala.collection.immutable.Vector::last (29 bytes)
Event: 1129.763 Thread 0x00000268dca39a60 nmethod 8752 0x00000268c7558310 code [0x00000268c75584c0, 0x00000268c75586c8]
Event: 1129.763 Thread 0x00000268dca39a60 8753       1       scala.collection.immutable.Vector::apply (18 bytes)
Event: 1129.764 Thread 0x00000268dca39a60 nmethod 8753 0x00000268c7558810 code [0x00000268c75589c0, 0x00000268c7558ad8]
Event: 1129.764 Thread 0x00000268dca39a60 8754       1       scala.collection.immutable.Vector::getElem (7 bytes)
Event: 1129.764 Thread 0x00000268dca39a60 nmethod 8754 0x00000268c7558b90 code [0x00000268c7558d20, 0x00000268c7558de8]
Event: 1129.764 Thread 0x00000268dca39a60 8755       1       scala.collection.immutable.VectorPointer::getElem$ (7 bytes)
Event: 1129.764 Thread 0x00000268dca39a60 nmethod 8755 0x00000268c7558e90 code [0x00000268c7559020, 0x00000268c7559128]
Event: 1129.960 Thread 0x00000268dca39a60 8756       1       java.util.TimSort::mergeLo (659 bytes)
Event: 1129.961 Thread 0x00000268dca39a60 nmethod 8756 0x00000268c7559210 code [0x00000268c75594e0, 0x00000268c755ac38]
Event: 1130.157 Thread 0x00000268dca39a60 8757       1       java.lang.Throwable::<init> (29 bytes)
Event: 1130.157 Thread 0x00000268dca39a60 nmethod 8757 0x00000268c755b390 code [0x00000268c755b540, 0x00000268c755b748]

GC Heap History (20 events):
Event: 1126.896 GC heap after
{Heap after GC invocations=57 (full 0):
 garbage-first heap   total 110592K, used 63221K [0x0000000080a00000, 0x0000000100000000)
  region size 1024K, 3 young (3072K), 3 survivors (3072K)
 Metaspace       used 69644K, capacity 70406K, committed 70656K, reserved 1112064K
  class space    used 8758K, capacity 9013K, committed 9036K, reserved 1048576K
}
Event: 1126.957 GC heap before
{Heap before GC invocations=57 (full 0):
 garbage-first heap   total 110592K, used 89845K [0x0000000080a00000, 0x0000000100000000)
  region size 1024K, 29 young (29696K), 3 survivors (3072K)
 Metaspace       used 69644K, capacity 70406K, committed 70656K, reserved 1112064K
  class space    used 8758K, capacity 9013K, committed 9036K, reserved 1048576K
}
Event: 1126.961 GC heap after
{Heap after GC invocations=58 (full 0):
 garbage-first heap   total 110592K, used 65267K [0x0000000080a00000, 0x0000000100000000)
  region size 1024K, 3 young (3072K), 3 survivors (3072K)
 Metaspace       used 69644K, capacity 70406K, committed 70656K, reserved 1112064K
  class space    used 8758K, capacity 9013K, committed 9036K, reserved 1048576K
}
Event: 1126.999 GC heap before
{Heap before GC invocations=58 (full 0):
 garbage-first heap   total 110592K, used 85747K [0x0000000080a00000, 0x0000000100000000)
  region size 1024K, 27 young (27648K), 3 survivors (3072K)
 Metaspace       used 69644K, capacity 70406K, committed 70656K, reserved 1112064K
  class space    used 8758K, capacity 9013K, committed 9036K, reserved 1048576K
}
Event: 1127.003 GC heap after
{Heap after GC invocations=59 (full 0):
 garbage-first heap   total 158720K, used 63169K [0x0000000080a00000, 0x0000000100000000)
  region size 1024K, 3 young (3072K), 3 survivors (3072K)
 Metaspace       used 69644K, capacity 70406K, committed 70656K, reserved 1112064K
  class space    used 8758K, capacity 9013K, committed 9036K, reserved 1048576K
}
Event: 1127.344 GC heap before
{Heap before GC invocations=60 (full 0):
 garbage-first heap   total 158720K, used 134849K [0x0000000080a00000, 0x0000000100000000)
  region size 1024K, 62 young (63488K), 3 survivors (3072K)
 Metaspace       used 70919K, capacity 71655K, committed 71936K, reserved 1112064K
  class space    used 8952K, capacity 9216K, committed 9292K, reserved 1048576K
}
Event: 1127.362 GC heap after
{Heap after GC invocations=61 (full 0):
 garbage-first heap   total 158720K, used 88051K [0x0000000080a00000, 0x0000000100000000)
  region size 1024K, 8 young (8192K), 8 survivors (8192K)
 Metaspace       used 70919K, capacity 71655K, committed 71936K, reserved 1112064K
  class space    used 8952K, capacity 9216K, committed 9292K, reserved 1048576K
}
Event: 1127.365 GC heap before
{Heap before GC invocations=61 (full 0):
 garbage-first heap   total 158720K, used 89075K [0x0000000080a00000, 0x0000000100000000)
  region size 1024K, 9 young (9216K), 8 survivors (8192K)
 Metaspace       used 70919K, capacity 71655K, committed 71936K, reserved 1112064K
  class space    used 8952K, capacity 9216K, committed 9292K, reserved 1048576K
}
Event: 1127.379 GC heap after
{Heap after GC invocations=62 (full 0):
 garbage-first heap   total 158720K, used 81292K [0x0000000080a00000, 0x0000000100000000)
  region size 1024K, 1 young (1024K), 1 survivors (1024K)
 Metaspace       used 70919K, capacity 71655K, committed 71936K, reserved 1112064K
  class space    used 8952K, capacity 9216K, committed 9292K, reserved 1048576K
}
Event: 1127.481 GC heap before
{Heap before GC invocations=62 (full 0):
 garbage-first heap   total 158720K, used 119180K [0x0000000080a00000, 0x0000000100000000)
  region size 1024K, 37 young (37888K), 1 survivors (1024K)
 Metaspace       used 71191K, capacity 71958K, committed 72192K, reserved 1112064K
  class space    used 8998K, capacity 9253K, committed 9292K, reserved 1048576K
}
Event: 1127.491 GC heap after
{Heap after GC invocations=63 (full 0):
 garbage-first heap   total 158720K, used 89088K [0x0000000080a00000, 0x0000000100000000)
  region size 1024K, 5 young (5120K), 5 survivors (5120K)
 Metaspace       used 71191K, capacity 71958K, committed 72192K, reserved 1112064K
  class space    used 8998K, capacity 9253K, committed 9292K, reserved 1048576K
}
Event: 1127.571 GC heap before
{Heap before GC invocations=63 (full 0):
 garbage-first heap   total 183296K, used 109568K [0x0000000080a00000, 0x0000000100000000)
  region size 1024K, 38 young (38912K), 5 survivors (5120K)
 Metaspace       used 71192K, capacity 71958K, committed 72192K, reserved 1112064K
  class space    used 8998K, capacity 9253K, committed 9292K, reserved 1048576K
}
Event: 1127.581 GC heap after
{Heap after GC invocations=64 (full 0):
 garbage-first heap   total 385024K, used 80029K [0x0000000080a00000, 0x0000000100000000)
  region size 1024K, 4 young (4096K), 4 survivors (4096K)
 Metaspace       used 71192K, capacity 71958K, committed 72192K, reserved 1112064K
  class space    used 8998K, capacity 9253K, committed 9292K, reserved 1048576K
}
Event: 1128.036 GC heap before
{Heap before GC invocations=65 (full 0):
 garbage-first heap   total 385024K, used 265373K [0x0000000080a00000, 0x0000000100000000)
  region size 1024K, 185 young (189440K), 4 survivors (4096K)
 Metaspace       used 71242K, capacity 71990K, committed 72320K, reserved 1112064K
  class space    used 9032K, capacity 9285K, committed 9420K, reserved 1048576K
}
Event: 1128.063 GC heap after
{Heap after GC invocations=66 (full 0):
 garbage-first heap   total 385024K, used 98588K [0x0000000080a00000, 0x0000000100000000)
  region size 1024K, 22 young (22528K), 22 survivors (22528K)
 Metaspace       used 71242K, capacity 71990K, committed 72320K, reserved 1112064K
  class space    used 9032K, capacity 9285K, committed 9420K, reserved 1048576K
}
Event: 1128.353 GC heap before
{Heap before GC invocations=66 (full 0):
 garbage-first heap   total 385024K, used 271644K [0x0000000080a00000, 0x0000000100000000)
  region size 1024K, 191 young (195584K), 22 survivors (22528K)
 Metaspace       used 71242K, capacity 71990K, committed 72320K, reserved 1112064K
  class space    used 9032K, capacity 9285K, committed 9420K, reserved 1048576K
}
Event: 1128.382 GC heap after
{Heap after GC invocations=67 (full 0):
 garbage-first heap   total 385024K, used 114696K [0x0000000080a00000, 0x0000000100000000)
  region size 1024K, 17 young (17408K), 17 survivors (17408K)
 Metaspace       used 71242K, capacity 71990K, committed 72320K, reserved 1112064K
  class space    used 9032K, capacity 9285K, committed 9420K, reserved 1048576K
}
Event: 1129.184 GC heap before
{Heap before GC invocations=67 (full 0):
 garbage-first heap   total 385024K, used 283656K [0x0000000080a00000, 0x0000000100000000)
  region size 1024K, 182 young (186368K), 17 survivors (17408K)
 Metaspace       used 71312K, capacity 72054K, committed 72320K, reserved 1112064K
  class space    used 9034K, capacity 9285K, committed 9420K, reserved 1048576K
}
Event: 1129.198 GC heap after
{Heap after GC invocations=68 (full 0):
 garbage-first heap   total 385024K, used 115712K [0x0000000080a00000, 0x0000000100000000)
  region size 1024K, 6 young (6144K), 6 survivors (6144K)
 Metaspace       used 71312K, capacity 72054K, committed 72320K, reserved 1112064K
  class space    used 9034K, capacity 9285K, committed 9420K, reserved 1048576K
}
Event: 1130.274 GC heap before
{Heap before GC invocations=68 (full 0):
 garbage-first heap   total 385024K, used 296960K [0x0000000080a00000, 0x0000000100000000)
  region size 1024K, 183 young (187392K), 6 survivors (6144K)
 Metaspace       used 71312K, capacity 72054K, committed 72320K, reserved 1112064K
  class space    used 9034K, capacity 9285K, committed 9420K, reserved 1048576K
}

Deoptimization events (6 events):
Event: 3.192 Thread 0x00000268de0f9690 DEOPT PACKING pc=0x00000268c6c16934 sp=0x0000008b9fefe520
Event: 3.192 Thread 0x00000268de0f9690 DEOPT UNPACKING pc=0x00000268c614e23f sp=0x0000008b9fefdbe8 mode 0
Event: 3.247 Thread 0x00000268de0f9690 DEOPT PACKING pc=0x00000268c6a77f52 sp=0x0000008b9fefd960
Event: 3.247 Thread 0x00000268de0f9690 DEOPT UNPACKING pc=0x00000268c614e23f sp=0x0000008b9fefce68 mode 3
Event: 3.247 Thread 0x00000268de0f9690 DEOPT PACKING pc=0x00000268c6a584a5 sp=0x0000008b9fefd920
Event: 3.247 Thread 0x00000268de0f9690 DEOPT UNPACKING pc=0x00000268c614e23f sp=0x0000008b9fefce68 mode 3

Classes unloaded (0 events):
No events

Classes redefined (0 events):
No events

Internal exceptions (20 events):
Event: 18.589 Thread 0x00000268de578210 Exception <a 'java/lang/ClassNotFoundException'{0x00000000830e11c8}: nz/net/ultraq/thymeleaf/fragments/FragmentProcessorCustomizer> (0x00000000830e11c8) 
thrown [./open/src/hotspot/share/classfile/systemDictionary.cpp, line 295]
Event: 18.592 Thread 0x00000268de578210 Exception <a 'java/lang/ClassNotFoundException'{0x0000000082f0c450}: nz/net/ultraq/thymeleaf/fragments/CollectFragmentProcessorBeanInfo> (0x0000000082f0c450) 
thrown [./open/src/hotspot/share/classfile/systemDictionary.cpp, line 295]
Event: 18.593 Thread 0x00000268de578210 Exception <a 'java/lang/ClassNotFoundException'{0x0000000082f14778}: nz/net/ultraq/thymeleaf/fragments/CollectFragmentProcessorCustomizer> (0x0000000082f14778) 
thrown [./open/src/hotspot/share/classfile/systemDictionary.cpp, line 295]
Event: 18.596 Thread 0x00000268de578210 Exception <a 'java/lang/ClassNotFoundException'{0x0000000082f40e10}: nz/net/ultraq/thymeleaf/decorators/TitlePatternProcessorBeanInfo> (0x0000000082f40e10) 
thrown [./open/src/hotspot/share/classfile/systemDictionary.cpp, line 295]
Event: 18.597 Thread 0x00000268de578210 Exception <a 'java/lang/ClassNotFoundException'{0x0000000082f49110}: nz/net/ultraq/thymeleaf/decorators/TitlePatternProcessorCustomizer> (0x0000000082f49110) 
thrown [./open/src/hotspot/share/classfile/systemDictionary.cpp, line 295]
Event: 20.471 Thread 0x00000268de57ca40 Exception <a 'java/lang/NoClassDefFoundError'{0x0000000084242278}: sun/reflect/Reflection> (0x0000000084242278) 
thrown [./open/src/hotspot/share/classfile/systemDictionary.cpp, line 284]
Event: 1119.918 Thread 0x00000268de57d8b0 Exception <a 'sun/nio/fs/WindowsException'{0x00000000833393f0}> (0x00000000833393f0) 
thrown [./open/src/hotspot/share/prims/jni.cpp, line 578]
Event: 1126.215 Thread 0x00000268de57d8b0 Exception <a 'java/lang/NoSuchMethodError'{0x000000008890d6a8}: 'int java.lang.invoke.DirectMethodHandle$Holder.invokeStatic(java.lang.Object, java.lang.Object, int)'> (0x000000008890d6a8) 
thrown [./open/src/hotspot/share/interpreter/linkResolver.cpp, line 782]
Event: 1126.461 Thread 0x00000268de57d8b0 Exception <a 'java/lang/NoSuchMethodError'{0x0000000084c1f260}: 'java.lang.Object java.lang.invoke.DirectMethodHandle$Holder.invokeStatic(java.lang.Object, int, java.lang.Object)'> (0x0000000084c1f260) 
thrown [./open/src/hotspot/share/interpreter/linkResolver.cpp, line 782]
Event: 1127.279 Thread 0x00000268de57d8b0 Exception <a 'java/lang/NoSuchMethodError'{0x0000000086fe5ff0}: 'java.lang.Object java.lang.invoke.DirectMethodHandle$Holder.invokeStatic(java.lang.Object, int, java.lang.Object, java.lang.Object)'> (0x0000000086fe5ff0) 
thrown [./open/src/hotspot/share/interpreter/linkResolver.cpp, line 782]
Event: 1127.279 Thread 0x00000268de57d8b0 Exception <a 'java/lang/NoSuchMethodError'{0x0000000086ff0940}: 'java.lang.Object java.lang.invoke.DirectMethodHandle$Holder.newInvokeSpecial(java.lang.Object, int, java.lang.Object)'> (0x0000000086ff0940) 
thrown [./open/src/hotspot/share/interpreter/linkResolver.cpp, line 782]
Event: 1127.291 Thread 0x00000268de57d8b0 Exception <a 'java/lang/NoSuchMethodError'{0x0000000086e4e288}: 'java.lang.Object java.lang.invoke.DirectMethodHandle$Holder.newInvokeSpecial(java.lang.Object, java.lang.Object, java.lang.Object, java.lang.Object, int)'> (0x0000000086e4e288) 
thrown [./open/src/hotspot/share/interpreter/linkResolver.cpp, line 782]
Event: 1127.291 Thread 0x00000268de57d8b0 Exception <a 'java/lang/NoSuchMethodError'{0x0000000086e52fc8}: 'java.lang.Object java.lang.invoke.DirectMethodHandle$Holder.invokeSpecial(java.lang.Object, java.lang.Object, java.lang.Object, java.lang.Object, java.lang.Object, int)'> (0x0000000086e52fc8) 
thrown [./open/src/hotspot/share/interpreter/linkResolver.cpp, line 782]
Event: 1127.291 Thread 0x00000268de57d8b0 Exception <a 'java/lang/NoSuchMethodError'{0x0000000086e57200}: 'java.lang.Object java.lang.invoke.Invokers$Holder.linkToTargetMethod(java.lang.Object, java.lang.Object, java.lang.Object, int, java.lang.Object)'> (0x0000000086e57200) 
thrown [./open/src/hotspot/share/interpreter/linkResolver.cpp, line 782]
Event: 1127.319 Thread 0x00000268de57d8b0 Exception <a 'java/lang/NoSuchMethodError'{0x0000000086efe680}: 'java.lang.Object java.lang.invoke.DirectMethodHandle$Holder.newInvokeSpecial(java.lang.Object, java.lang.Object, java.lang.Object, java.lang.Object, int, java.lang.Object)'> (0x0000000086efe680) 
thrown [./open/src/hotspot/share/interpreter/linkResolver.cpp, line 782]
Event: 1127.320 Thread 0x00000268de57d8b0 Exception <a 'java/lang/NoSuchMethodError'{0x0000000086d13228}: 'java.lang.Object java.lang.invoke.DirectMethodHandle$Holder.invokeSpecial(java.lang.Object, java.lang.Object, java.lang.Object, java.lang.Object, java.lang.Object, int, java.lang.Object)'> (0x0000000086d13228) 
thrown [./open/src/hotspot/share/interpreter/linkResolver.cpp, line 782]
Event: 1127.320 Thread 0x00000268de57d8b0 Exception <a 'java/lang/NoSuchMethodError'{0x0000000086d177f8}: 'java.lang.Object java.lang.invoke.Invokers$Holder.linkToTargetMethod(java.lang.Object, java.lang.Object, java.lang.Object, int, java.lang.Object, java.lang.Object)'> (0x0000000086d177f8) 
thrown [./open/src/hotspot/share/interpreter/linkResolver.cpp, line 782]
Event: 1127.438 Thread 0x00000268de57d8b0 Exception <a 'java/lang/NoSuchMethodError'{0x00000000885a0a80}: 'java.lang.Object java.lang.invoke.Invokers$Holder.invoke_MT(java.lang.Object, java.lang.Object, java.lang.Object, java.lang.Object, java.lang.Object, java.lang.Object)'> (0x00000000885a0a80) 
thrown [./open/src/hotspot/share/interpreter/linkResolver.cpp, line 782]
Event: 1127.439 Thread 0x00000268de57d8b0 Exception <a 'java/lang/NoSuchMethodError'{0x00000000885aa4a8}: 'java.lang.Object java.lang.invoke.Invokers$Holder.invoker(java.lang.Object, java.lang.Object, java.lang.Object)'> (0x00000000885aa4a8) 
thrown [./open/src/hotspot/share/interpreter/linkResolver.cpp, line 782]
Event: 1127.439 Thread 0x00000268de57d8b0 Exception <a 'java/lang/NoSuchMethodError'{0x00000000885b3e78}: 'java.lang.Object java.lang.invoke.Invokers$Holder.invokeExact_MT(java.lang.Object, java.lang.Object, java.lang.Object, java.lang.Object)'> (0x00000000885b3e78) 
thrown [./open/src/hotspot/share/interpreter/linkResolver.cpp, line 782]

Events (20 events):
Event: 1130.240 Executing VM operation: ICBufferFull done
Event: 1130.244 Executing VM operation: ICBufferFull
Event: 1130.244 Executing VM operation: ICBufferFull done
Event: 1130.249 Executing VM operation: ICBufferFull
Event: 1130.249 Executing VM operation: ICBufferFull done
Event: 1130.252 Executing VM operation: ICBufferFull
Event: 1130.252 Executing VM operation: ICBufferFull done
Event: 1130.255 Executing VM operation: ICBufferFull
Event: 1130.255 Executing VM operation: ICBufferFull done
Event: 1130.259 Executing VM operation: ICBufferFull
Event: 1130.259 Executing VM operation: ICBufferFull done
Event: 1130.261 Executing VM operation: ICBufferFull
Event: 1130.261 Executing VM operation: ICBufferFull done
Event: 1130.264 Executing VM operation: ICBufferFull
Event: 1130.264 Executing VM operation: ICBufferFull done
Event: 1130.266 Executing VM operation: ICBufferFull
Event: 1130.266 Executing VM operation: ICBufferFull done
Event: 1130.273 Executing VM operation: ICBufferFull
Event: 1130.273 Executing VM operation: ICBufferFull done
Event: 1130.274 Executing VM operation: G1CollectForAllocation


Dynamic libraries:
0x00007ff6202a0000 - 0x00007ff6202ad000 	C:\Users\kim\Downloads\newFolder\sts-4.8.1.RELEASE\plugins\org.eclipse.justj.openjdk.hotspot.jre.full.win32.x86_64_15.0.0.v20201014-1246\jre\bin\javaw.exe
0x00007ff98e2c0000 - 0x00007ff98e4ad000 	C:\WINDOWS\SYSTEM32\ntdll.dll
0x00007ff98ca60000 - 0x00007ff98cb13000 	C:\WINDOWS\System32\KERNEL32.DLL
0x00007ff98afd0000 - 0x00007ff98b265000 	C:\WINDOWS\System32\KERNELBASE.dll
0x00007ff98b3b0000 - 0x00007ff98b4aa000 	C:\WINDOWS\System32\ucrtbase.dll
0x00007ff9844b0000 - 0x00007ff9844c8000 	C:\Users\kim\Downloads\newFolder\sts-4.8.1.RELEASE\plugins\org.eclipse.justj.openjdk.hotspot.jre.full.win32.x86_64_15.0.0.v20201014-1246\jre\bin\jli.dll
0x00007ff98c190000 - 0x00007ff98c327000 	C:\WINDOWS\System32\USER32.dll
0x00007ff98b2f0000 - 0x00007ff98b310000 	C:\WINDOWS\System32\win32u.dll
0x00007ff98b740000 - 0x00007ff98b769000 	C:\WINDOWS\System32\GDI32.dll
0x00007ff98ae30000 - 0x00007ff98afcc000 	C:\WINDOWS\System32\gdi32full.dll
0x00007ff98b310000 - 0x00007ff98b3b0000 	C:\WINDOWS\System32\msvcp_win.dll
0x00007ff97c280000 - 0x00007ff97c4f9000 	C:\WINDOWS\WinSxS\amd64_microsoft.windows.common-controls_6595b64144ccf1df_6.0.17763.1637_none_de704308534c3ec5\COMCTL32.dll
0x00007ff983230000 - 0x00007ff983249000 	C:\Users\kim\Downloads\newFolder\sts-4.8.1.RELEASE\plugins\org.eclipse.justj.openjdk.hotspot.jre.full.win32.x86_64_15.0.0.v20201014-1246\jre\bin\VCRUNTIME140.dll
0x00007ff98b770000 - 0x00007ff98b80e000 	C:\WINDOWS\System32\msvcrt.dll
0x00007ff98bb40000 - 0x00007ff98be6e000 	C:\WINDOWS\System32\combase.dll
0x00007ff98e160000 - 0x00007ff98e282000 	C:\WINDOWS\System32\RPCRT4.dll
0x00007ff98b270000 - 0x00007ff98b2ef000 	C:\WINDOWS\System32\bcryptPrimitives.dll
0x00007ff98baf0000 - 0x00007ff98bb1e000 	C:\WINDOWS\System32\IMM32.DLL
0x00007ff983c50000 - 0x00007ff983c5c000 	C:\Users\kim\Downloads\newFolder\sts-4.8.1.RELEASE\plugins\org.eclipse.justj.openjdk.hotspot.jre.full.win32.x86_64_15.0.0.v20201014-1246\jre\bin\vcruntime140_1.dll
0x00007ff963100000 - 0x00007ff963191000 	C:\Users\kim\Downloads\newFolder\sts-4.8.1.RELEASE\plugins\org.eclipse.justj.openjdk.hotspot.jre.full.win32.x86_64_15.0.0.v20201014-1246\jre\bin\msvcp140.dll
0x00007ff95a340000 - 0x00007ff95ae9c000 	C:\Users\kim\Downloads\newFolder\sts-4.8.1.RELEASE\plugins\org.eclipse.justj.openjdk.hotspot.jre.full.win32.x86_64_15.0.0.v20201014-1246\jre\bin\server\jvm.dll
0x00007ff98b690000 - 0x00007ff98b733000 	C:\WINDOWS\System32\ADVAPI32.dll
0x00007ff98ba50000 - 0x00007ff98baef000 	C:\WINDOWS\System32\sechost.dll
0x00007ff98c180000 - 0x00007ff98c188000 	C:\WINDOWS\System32\PSAPI.DLL
0x00007ff9885a0000 - 0x00007ff9885a9000 	C:\WINDOWS\SYSTEM32\WSOCK32.dll
0x00007ff9884e0000 - 0x00007ff988504000 	C:\WINDOWS\SYSTEM32\WINMM.dll
0x00007ff98c570000 - 0x00007ff98c5dd000 	C:\WINDOWS\System32\WS2_32.dll
0x00007ff984100000 - 0x00007ff98410a000 	C:\WINDOWS\SYSTEM32\VERSION.dll
0x00007ff9884b0000 - 0x00007ff9884dd000 	C:\WINDOWS\SYSTEM32\WINMMBASE.dll
0x00007ff98a660000 - 0x00007ff98a6aa000 	C:\WINDOWS\System32\cfgmgr32.dll
0x00007ff98a2c0000 - 0x00007ff98a2d1000 	C:\WINDOWS\System32\kernel.appcore.dll
0x00007ff984f80000 - 0x00007ff984f8a000 	C:\Users\kim\Downloads\newFolder\sts-4.8.1.RELEASE\plugins\org.eclipse.justj.openjdk.hotspot.jre.full.win32.x86_64_15.0.0.v20201014-1246\jre\bin\jimage.dll
0x00007ff975df0000 - 0x00007ff975fdd000 	C:\WINDOWS\SYSTEM32\DBGHELP.DLL
0x00007ff975c40000 - 0x00007ff975c6a000 	C:\WINDOWS\SYSTEM32\dbgcore.DLL
0x00007ff983190000 - 0x00007ff9831b5000 	C:\Users\kim\Downloads\newFolder\sts-4.8.1.RELEASE\plugins\org.eclipse.justj.openjdk.hotspot.jre.full.win32.x86_64_15.0.0.v20201014-1246\jre\bin\java.dll
0x00007ff9843b0000 - 0x00007ff9843c8000 	C:\Users\kim\Downloads\newFolder\sts-4.8.1.RELEASE\plugins\org.eclipse.justj.openjdk.hotspot.jre.full.win32.x86_64_15.0.0.v20201014-1246\jre\bin\zip.dll
0x00007ff98cc60000 - 0x00007ff98e159000 	C:\WINDOWS\System32\SHELL32.dll
0x00007ff98c330000 - 0x00007ff98c3d8000 	C:\WINDOWS\System32\shcore.dll
0x00007ff98a6d0000 - 0x00007ff98ae23000 	C:\WINDOWS\System32\windows.storage.dll
0x00007ff98a2e0000 - 0x00007ff98a304000 	C:\WINDOWS\System32\profapi.dll
0x00007ff98a310000 - 0x00007ff98a36d000 	C:\WINDOWS\System32\powrprof.dll
0x00007ff98c120000 - 0x00007ff98c172000 	C:\WINDOWS\System32\shlwapi.dll
0x00007ff98a6b0000 - 0x00007ff98a6c7000 	C:\WINDOWS\System32\cryptsp.dll
0x00007ff983c10000 - 0x00007ff983c29000 	C:\Users\kim\Downloads\newFolder\sts-4.8.1.RELEASE\plugins\org.eclipse.justj.openjdk.hotspot.jre.full.win32.x86_64_15.0.0.v20201014-1246\jre\bin\net.dll
0x00007ff984e60000 - 0x00007ff984f54000 	C:\WINDOWS\SYSTEM32\WINHTTP.dll
0x00007ff989b10000 - 0x00007ff989b77000 	C:\WINDOWS\system32\mswsock.dll
0x00007ff983be0000 - 0x00007ff983bf2000 	C:\Users\kim\Downloads\newFolder\sts-4.8.1.RELEASE\plugins\org.eclipse.justj.openjdk.hotspot.jre.full.win32.x86_64_15.0.0.v20201014-1246\jre\bin\nio.dll
0x00007ff983220000 - 0x00007ff983229000 	C:\Users\kim\Downloads\newFolder\sts-4.8.1.RELEASE\plugins\org.eclipse.justj.openjdk.hotspot.jre.full.win32.x86_64_15.0.0.v20201014-1246\jre\bin\management.dll
0x00007ff983210000 - 0x00007ff98321b000 	C:\Users\kim\Downloads\newFolder\sts-4.8.1.RELEASE\plugins\org.eclipse.justj.openjdk.hotspot.jre.full.win32.x86_64_15.0.0.v20201014-1246\jre\bin\management_ext.dll
0x00007ff974420000 - 0x00007ff974436000 	C:\WINDOWS\system32\napinsp.dll
0x00007ff974490000 - 0x00007ff9744aa000 	C:\WINDOWS\system32\pnrpnsp.dll
0x00007ff989870000 - 0x00007ff989936000 	C:\WINDOWS\SYSTEM32\DNSAPI.dll
0x00007ff98ba40000 - 0x00007ff98ba48000 	C:\WINDOWS\System32\NSI.dll
0x00007ff989830000 - 0x00007ff98986d000 	C:\WINDOWS\SYSTEM32\IPHLPAPI.DLL
0x00007ff974480000 - 0x00007ff97448e000 	C:\WINDOWS\System32\winrnr.dll
0x00007ff986a00000 - 0x00007ff986a1b000 	C:\WINDOWS\system32\NLAapi.dll
0x00007ff9807d0000 - 0x00007ff9807e5000 	C:\WINDOWS\system32\wshbth.dll
0x00007ff97bb80000 - 0x00007ff97bb8a000 	C:\Windows\System32\rasadhlp.dll
0x00007ff981d40000 - 0x00007ff981db9000 	C:\WINDOWS\System32\fwpuclnt.dll
0x00007ff98b4b0000 - 0x00007ff98b4d6000 	C:\WINDOWS\System32\bcrypt.dll
0x00007ff989690000 - 0x00007ff9896c3000 	C:\WINDOWS\system32\rsaenh.dll
0x00007ff98a1d0000 - 0x00007ff98a1f9000 	C:\WINDOWS\SYSTEM32\USERENV.dll
0x00007ff989ce0000 - 0x00007ff989cec000 	C:\WINDOWS\SYSTEM32\CRYPTBASE.dll
0x00007ff983460000 - 0x00007ff983476000 	C:\WINDOWS\SYSTEM32\dhcpcsvc6.DLL
0x00007ff983430000 - 0x00007ff98344c000 	C:\WINDOWS\SYSTEM32\dhcpcsvc.DLL
0x00007ff984c70000 - 0x00007ff984c80000 	C:\Users\kim\Downloads\newFolder\sts-4.8.1.RELEASE\plugins\org.eclipse.justj.openjdk.hotspot.jre.full.win32.x86_64_15.0.0.v20201014-1246\jre\bin\verify.dll
0x00007ff9844a0000 - 0x00007ff9844ad000 	C:\Users\kim\Downloads\newFolder\sts-4.8.1.RELEASE\plugins\org.eclipse.justj.openjdk.hotspot.jre.full.win32.x86_64_15.0.0.v20201014-1246\jre\bin\sunmscapi.dll
0x00007ff98a480000 - 0x00007ff98a65c000 	C:\WINDOWS\System32\CRYPT32.dll
0x00007ff98a2a0000 - 0x00007ff98a2b2000 	C:\WINDOWS\System32\MSASN1.dll
0x00007ff989de0000 - 0x00007ff989e06000 	C:\WINDOWS\SYSTEM32\ncrypt.dll
0x00007ff989da0000 - 0x00007ff989ddc000 	C:\WINDOWS\SYSTEM32\NTASN1.dll

dbghelp: loaded successfully - version: 4.0.5 - missing functions: none
symbol engine: initialized successfully - sym options: 0x614 - pdb path: .;C:\Users\kim\Downloads\newFolder\sts-4.8.1.RELEASE\plugins\org.eclipse.justj.openjdk.hotspot.jre.full.win32.x86_64_15.0.0.v20201014-1246\jre\bin;C:\WINDOWS\SYSTEM32;C:\WINDOWS\WinSxS\amd64_microsoft.windows.common-controls_6595b64144ccf1df_6.0.17763.1637_none_de704308534c3ec5;C:\Users\kim\Downloads\newFolder\sts-4.8.1.RELEASE\plugins\org.eclipse.justj.openjdk.hotspot.jre.full.win32.x86_64_15.0.0.v20201014-1246\jre\bin\server

VM Arguments:
jvm_args: -Dcom.sun.management.jmxremote -Dcom.sun.management.jmxremote.port=4498 -Dcom.sun.management.jmxremote.authenticate=false -Dcom.sun.management.jmxremote.ssl=false -Djava.rmi.server.hostname=localhost -Dspring.jmx.enabled=true -Dspring.application.admin.enabled=true -XX:TieredStopAtLevel=1 -Dspring.boot.project.name=codari -Dfile.encoding=UTF-8 -XX:+ShowCodeDetailsInExceptionMessages 
java_command: com.codari.myapp.CodariApplication --spring.output.ansi.enabled=always
java_class_path (initial): C:\Users\kim\Downloads\»õ Æú´õ\codari\target\classes;C:\Users\kim\.m2\repository\nz\net\ultraq\thymeleaf\thymeleaf-layout-dialect\2.5.1\thymeleaf-layout-dialect-2.5.1.jar;C:\Users\kim\.m2\repository\nz\net\ultraq\extensions\groovy-extensions\0.3.0\groovy-extensions-0.3.0.jar;C:\Users\kim\.m2\repository\nz\net\ultraq\thymeleaf\thymeleaf-expression-processor\1.2.0\thymeleaf-expression-processor-1.2.0.jar;C:\Users\kim\.m2\repository\org\codehaus\groovy\groovy\2.5.14\groovy-2.5.14.jar;C:\Users\kim\.m2\repository\org\thymeleaf\thymeleaf\3.0.11.RELEASE\thymeleaf-3.0.11.RELEASE.jar;C:\Users\kim\.m2\repository\ognl\ognl\3.1.12\ognl-3.1.12.jar;C:\Users\kim\.m2\repository\org\javassist\javassist\3.20.0-GA\javassist-3.20.0-GA.jar;C:\Users\kim\.m2\repository\org\attoparser\attoparser\2.0.5.RELEASE\attoparser-2.0.5.RELEASE.jar;C:\Users\kim\.m2\repository\org\unbescape\unbescape\1.1.6.RELEASE\unbescape-1.1.6.RELEASE.jar;C:\Users\kim\.m2\repository\org\slf4j\slf4j-api\1.7.30\slf4j-api-1.7.30.jar;C:\Users\kim\.m2\repository\org\springframework\boot\spring-boot-starter-thymeleaf\2.4.1\spring-boot-starter-thymeleaf-2.4.1.jar;C:\Users\kim\.m2\repository\org\springframework\boot\spring-boot-starter\2.4.1\spring-boot-starter-2.4.1.jar;C:\Users\kim\.m2\repository\org\springframework\boot\spring-boot-starter-logging\2.4.1\spring-boot-starter-logging-2.4.1.jar;C:\Users\kim\.m2\repository\ch\qos\logback\logback-classic\1.2.3\logback-classic-1.2.3.jar;C:\Users\kim\.m2\repository\ch\qos\logback\logback-core\1.2.3\logback-core-1.2.3.jar;C:\Users\kim\.m2\repository\org\apache\logging\log4j\log4j-to-slf4j\2.13.3\log4j-to-slf4j-2.13.3.jar;C:\Users\kim\.m2\repository\org\apache\logging\log4j\log4j-api\2.13.3\log4j-api-2.13.3.jar;C:\Users\kim\.m2\repository\org\slf4j\jul-to-slf4j\1.7.30\jul-to-slf4j-1.7.30.jar;C:\Users\kim\.m2\repository\jakarta\annotation\jakarta.annotation-api\1.3.5\jakarta.annotation-api-1.3.5.jar;C:\Users\kim\.m2\repository\org\yaml\snakeyaml\1.27\s
Launcher Type: SUN_STANDARD

[Global flags]
     intx CICompilerCount                          = 3                                         {product} {ergonomic}
     uint ConcGCThreads                            = 1                                         {product} {ergonomic}
     uint G1ConcRefinementThreads                  = 4                                         {product} {ergonomic}
   size_t G1HeapRegionSize                         = 1048576                                   {product} {ergonomic}
    uintx GCDrainStackTargetSize                   = 64                                        {product} {ergonomic}
   size_t InitialHeapSize                          = 134217728                                 {product} {ergonomic}
     bool ManagementServer                         = true                                      {product} {command line}
   size_t MarkStackSize                            = 4194304                                   {product} {ergonomic}
   size_t MaxHeapSize                              = 2136997888                                {product} {ergonomic}
   size_t MaxNewSize                               = 1281359872                                {product} {ergonomic}
   size_t MinHeapDeltaBytes                        = 1048576                                   {product} {ergonomic}
   size_t MinHeapSize                              = 8388608                                   {product} {ergonomic}
    uintx NonNMethodCodeHeapSize                   = 6973028                                {pd product} {ergonomic}
    uintx NonProfiledCodeHeapSize                  = 244685212                              {pd product} {ergonomic}
    uintx ProfiledCodeHeapSize                     = 0                                      {pd product} {ergonomic}
    uintx ReservedCodeCacheSize                    = 251658240                              {pd product} {ergonomic}
     bool SegmentedCodeCache                       = true                                      {product} {ergonomic}
     bool ShowCodeDetailsInExceptionMessages       = true                                   {manageable} {command line}
   size_t SoftMaxHeapSize                          = 2136997888                             {manageable} {ergonomic}
     intx TieredStopAtLevel                        = 1                                         {product} {command line}
     bool UseCompressedClassPointers               = true                                 {lp64_product} {ergonomic}
     bool UseCompressedOops                        = true                                 {lp64_product} {ergonomic}
     bool UseG1GC                                  = true                                      {product} {ergonomic}
     bool UseLargePagesIndividualAllocation        = false                                  {pd product} {ergonomic}

Logging:
Log output configuration:
 #0: stdout all=warning uptime,level,tags
 #1: stderr all=off uptime,level,tags

Environment Variables:
JAVA_HOME=C:\Program Files\Java\jdk1.8.0_271
CLASSPATH=C:\Program Files\Java\jdk1.8.0_271\lib\tools.jar
PATH=C:/Users/kim/Downloads/newFolder/sts-4.8.1.RELEASE//plugins/org.eclipse.justj.openjdk.hotspot.jre.full.win32.x86_64_15.0.0.v20201014-1246/jre/bin/server;C:/Users/kim/Downloads/newFolder/sts-4.8.1.RELEASE//plugins/org.eclipse.justj.openjdk.hotspot.jre.full.win32.x86_64_15.0.0.v20201014-1246/jre/bin;C:\Python39\Scripts\;C:\Python39\;C:\Program Files (x86)\Common Files\Oracle\Java\javapath;C:\Program Files\Java\jdk1.8.0_271\bin;C:\ProgramData\chocolatey\bin;C:\Users\kim\AppData\Local\Programs\Python\Python38\Scripts\;C:\Users\kim\AppData\Local\Programs\Python\Python38\;C:\Users\kim\AppData\Local\Microsoft\WindowsApps;C:\Program Files\JetBrains\PyCharm Community Edition 2019.3.1\bin;C:\Users\kim\.dotnet\tools;C:\Program Files\Java\jdk1.6.0_45\bin;C:\Users\kim\AppData\Local\Programs\Microsoft VS Code\bin;C:\Program Files\Java\jdk1.8.0_271\bin;C:\Users\kim\AppData\Local\GitHubDesktop\bin;C:\Users\kim\Downloads\newFolder\sts-4.8.1.RELEASE;
USERNAME=kim
OS=Windows_NT
PROCESSOR_IDENTIFIER=Intel64 Family 6 Model 94 Stepping 3, GenuineIntel



---------------  S Y S T E M  ---------------

OS:
 Windows 10 , 64 bit Build 17763 (10.0.17763.475)
OS uptime: 22 days 7:17 hours

CPU: total 4 (initial active 4) (4 cores per cpu, 1 threads per core) family 6 model 94 stepping 3, cmov, cx8, fxsr, mmx, sse, sse2, sse3, ssse3, sse4.1, sse4.2, popcnt, vzeroupper, avx, avx2, aes, clmul, erms, rtm, 3dnowpref, lzcnt, tsc, tscinvbit, bmi1, bmi2, adx, fma, clflush, clflushopt

Memory: 4k page, system-wide physical 8144M (2454M free)
TotalPageFile size 11071M (AvailPageFile size 72M)
current process WorkingSet (physical memory assigned to process): 535M, peak: 535M
current process commit charge ("private bytes"): 578M, peak: 911M

vm_info: OpenJDK 64-Bit Server VM (15+36-1562) for windows-amd64 JRE (15+36-1562), built on Aug 11 2020 22:33:04 by "mach5one" with unknown MS VC++:1925

END.
