#
# There is insufficient memory for the Java Runtime Environment to continue.
# Native memory allocation (mmap) failed to map 26214400 bytes for G1 virtual space
# Possible reasons:
#   The system is out of physical RAM or swap space
#   The process is running with CompressedOops enabled, and the Java Heap may be blocking the growth of the native heap
# Possible solutions:
#   Reduce memory load on the system
#   Increase physical memory or swap space
#   Check if swap backing store is full
#   Decrease Java heap size (-Xmx/-Xms)
#   Decrease number of Java threads
#   Decrease Java thread stack sizes (-Xss)
#   Set larger code cache with -XX:ReservedCodeCacheSize=
#   JVM is running with Unscaled Compressed Oops mode in which the Java heap is
#     placed in the first 4GB address space. The Java Heap base address is the
#     maximum limit for the native heap growth. Please use -XX:HeapBaseMinAddress
#     to set the Java Heap base and to place the Java Heap above 4GB virtual address.
# This output file may be truncated or incomplete.
#
#  Out of Memory Error (./open/src/hotspot/os/windows/os_windows.cpp:3472), pid=8456, tid=11344
#
# JRE version: OpenJDK Runtime Environment (15.0+36) (build 15+36-1562)
# Java VM: OpenJDK 64-Bit Server VM (15+36-1562, mixed mode, tiered, compressed oops, g1 gc, windows-amd64)
# No core dump will be written. Minidumps are not enabled by default on client versions of Windows
#

---------------  S U M M A R Y ------------

Command Line: -Dcom.sun.management.jmxremote -Dcom.sun.management.jmxremote.port=4871 -Dcom.sun.management.jmxremote.authenticate=false -Dcom.sun.management.jmxremote.ssl=false -Djava.rmi.server.hostname=localhost -Dspring.jmx.enabled=true -Dspring.application.admin.enabled=true -XX:TieredStopAtLevel=1 -Dspring.boot.project.name=codari -Dfile.encoding=UTF-8 -XX:+ShowCodeDetailsInExceptionMessages com.codari.myapp.CodariApplication --spring.output.ansi.enabled=always

Host: Intel(R) Core(TM) i5-6600 CPU @ 3.30GHz, 4 cores, 7G,  Windows 10 , 64 bit Build 17763 (10.0.17763.475)
Time: Thu Jan  7 22:23:00 2021 ¢¥eCN©öI¡¾©ö C¡ÍA¨ª¨öA elapsed time: 41.099324 seconds (0d 0h 0m 41s)

---------------  T H R E A D  ---------------

Current thread (0x00000186e984ebc0):  VMThread "VM Thread" [stack: 0x0000001221600000,0x0000001221700000] [id=11344]

Stack: [0x0000001221600000,0x0000001221700000]
[error occurred during error reporting (printing stack bounds), id 0xc0000005, EXCEPTION_ACCESS_VIOLATION (0xc0000005) at pc=0x00000186d2f410ad]

Native frames: (J=compiled Java code, j=interpreted, Vv=VM code, C=native code)
V  [jvm.dll+0x629eaa]
V  [jvm.dll+0x780379]
V  [jvm.dll+0x781ad3]
V  [jvm.dll+0x782095]
V  [jvm.dll+0x78204b]
V  [jvm.dll+0x629379]
V  [jvm.dll+0x629b48]
C  [ntdll.dll+0xa41bf]
C  [ntdll.dll+0x4bef]
C  [ntdll.dll+0xa2f2e]
C  0x00000186d2f410ad

VM_Operation (0x00000012212ff700): G1Concurrent, mode: safepoint, requested by thread 0x00000186cf597100


---------------  P R O C E S S  ---------------

Threads class SMR info:
_java_thread_list=0x00000186edae5cb0, length=33, elements={
0x00000186e902d260, 0x00000186e9034930, 0x00000186e9897010, 0x00000186e98975e0,
0x00000186e989af70, 0x00000186e98ab4e0, 0x00000186e98ace00, 0x00000186e8fc0920,
0x00000186e9a77150, 0x00000186ea069ef0, 0x00000186ea065200, 0x00000186ea0ec500,
0x00000186ea1cb3a0, 0x00000186ea1cb870, 0x00000186ea1cc6e0, 0x00000186ed97ecd0,
0x00000186ed97c650, 0x00000186ed979fd0, 0x00000186ed97b7e0, 0x00000186ed97d4c0,
0x00000186ed979b00, 0x00000186ed97a4a0, 0x00000186ed97f670, 0x00000186ed97de60,
0x00000186ed97a970, 0x00000186ed97bcb0, 0x00000186ed97e330, 0x00000186ed97e800,
0x00000186ed977e20, 0x00000186ed9782f0, 0x00000186ed979160, 0x00000186ed9787c0,
0x00000186ed97b310
}

Java Threads: ( => current thread )
  0x00000186e902d260 JavaThread "Reference Handler" daemon [_thread_blocked, id=17404, stack(0x0000001221700000,0x0000001221800000)]
  0x00000186e9034930 JavaThread "Finalizer" daemon [_thread_blocked, id=11216, stack(0x0000001221800000,0x0000001221900000)]
  0x00000186e9897010 JavaThread "Signal Dispatcher" daemon [_thread_blocked, id=17352, stack(0x0000001221900000,0x0000001221a00000)]
  0x00000186e98975e0 JavaThread "Attach Listener" daemon [_thread_blocked, id=16808, stack(0x0000001221a00000,0x0000001221b00000)]
  0x00000186e989af70 JavaThread "Service Thread" daemon [_thread_blocked, id=16828, stack(0x0000001221b00000,0x0000001221c00000)]
  0x00000186e98ab4e0 JavaThread "C1 CompilerThread0" daemon [_thread_blocked, id=18744, stack(0x0000001221c00000,0x0000001221d00000)]
  0x00000186e98ace00 JavaThread "Sweeper thread" daemon [_thread_blocked, id=20980, stack(0x0000001221d00000,0x0000001221e00000)]
  0x00000186e8fc0920 JavaThread "Common-Cleaner" daemon [_thread_blocked, id=12932, stack(0x0000001221e00000,0x0000001221f00000)]
  0x00000186e9a77150 JavaThread "Notification Thread" daemon [_thread_blocked, id=8180, stack(0x0000001221f00000,0x0000001222000000)]
  0x00000186ea069ef0 JavaThread "RMI TCP Accept-0" daemon [_thread_in_native, id=20536, stack(0x0000001222000000,0x0000001222100000)]
  0x00000186ea065200 JavaThread "RMI TCP Accept-4871" daemon [_thread_in_native, id=6076, stack(0x0000001222100000,0x0000001222200000)]
  0x00000186ea0ec500 JavaThread "RMI TCP Accept-0" daemon [_thread_in_native, id=20780, stack(0x0000001222200000,0x0000001222300000)]
  0x00000186ea1cb3a0 JavaThread "Catalina-utility-1" [_thread_blocked, id=5456, stack(0x0000001222a00000,0x0000001222b00000)]
  0x00000186ea1cb870 JavaThread "Catalina-utility-2" [_thread_blocked, id=1840, stack(0x0000001222c00000,0x0000001222d00000)]
  0x00000186ea1cc6e0 JavaThread "container-0" [_thread_blocked, id=18764, stack(0x0000001222d00000,0x0000001222e00000)]
  0x00000186ed97ecd0 JavaThread "HikariPool-1 housekeeper" daemon [_thread_blocked, id=13572, stack(0x0000001222f00000,0x0000001223000000)]
  0x00000186ed97c650 JavaThread "File Watcher" daemon [_thread_blocked, id=18296, stack(0x0000001223100000,0x0000001223200000)]
  0x00000186ed979fd0 JavaThread "Live Reload Server" daemon [_thread_in_native, id=12348, stack(0x0000001223300000,0x0000001223400000)]
  0x00000186ed97b7e0 JavaThread "http-nio-9090-BlockPoller" daemon [_thread_in_native, id=6524, stack(0x0000001223200000,0x0000001223300000)]
  0x00000186ed97d4c0 JavaThread "http-nio-9090-exec-1" daemon [_thread_blocked, id=19140, stack(0x0000001223400000,0x0000001223500000)]
  0x00000186ed979b00 JavaThread "http-nio-9090-exec-2" daemon [_thread_blocked, id=17156, stack(0x0000001223500000,0x0000001223600000)]
  0x00000186ed97a4a0 JavaThread "http-nio-9090-exec-3" daemon [_thread_blocked, id=21132, stack(0x0000001223600000,0x0000001223700000)]
  0x00000186ed97f670 JavaThread "http-nio-9090-exec-4" daemon [_thread_blocked, id=5996, stack(0x0000001223700000,0x0000001223800000)]
  0x00000186ed97de60 JavaThread "http-nio-9090-exec-5" daemon [_thread_blocked, id=19056, stack(0x0000001223800000,0x0000001223900000)]
  0x00000186ed97a970 JavaThread "http-nio-9090-exec-6" daemon [_thread_blocked, id=19748, stack(0x0000001223900000,0x0000001223a00000)]
  0x00000186ed97bcb0 JavaThread "http-nio-9090-exec-7" daemon [_thread_blocked, id=12728, stack(0x0000001223a00000,0x0000001223b00000)]
  0x00000186ed97e330 JavaThread "http-nio-9090-exec-8" daemon [_thread_blocked, id=20668, stack(0x0000001223b00000,0x0000001223c00000)]
  0x00000186ed97e800 JavaThread "http-nio-9090-exec-9" daemon [_thread_blocked, id=12168, stack(0x0000001223c00000,0x0000001223d00000)]
  0x00000186ed977e20 JavaThread "http-nio-9090-exec-10" daemon [_thread_blocked, id=18400, stack(0x0000001223d00000,0x0000001223e00000)]
  0x00000186ed9782f0 JavaThread "http-nio-9090-ClientPoller" daemon [_thread_in_native, id=21080, stack(0x0000001223e00000,0x0000001223f00000)]
  0x00000186ed979160 JavaThread "http-nio-9090-Acceptor" daemon [_thread_in_native, id=19852, stack(0x0000001223f00000,0x0000001224000000)]
  0x00000186ed9787c0 JavaThread "DestroyJavaVM" [_thread_blocked, id=11068, stack(0x0000001221000000,0x0000001221100000)]
  0x00000186ed97b310 JavaThread "Keep-Alive-Timer" daemon [_thread_blocked, id=6592, stack(0x0000001222800000,0x0000001222900000)]

Other Threads:
=>0x00000186e984ebc0 VMThread "VM Thread" [stack: 0x0000001221600000,0x0000001221700000] [id=11344]
  0x00000186ea07b1f0 WatcherThread [stack: 0x0000001222300000,0x0000001222400000] [id=17812]
  0x00000186cf585050 GCTaskThread "GC Thread#0" [stack: 0x0000001221100000,0x0000001221200000] [id=22348]
  0x00000186ea13d3a0 GCTaskThread "GC Thread#1" [stack: 0x0000001222400000,0x0000001222500000] [id=19676]
  0x00000186ea13bd50 GCTaskThread "GC Thread#2" [stack: 0x0000001222500000,0x0000001222600000] [id=15196]
  0x00000186ea13d6d0 GCTaskThread "GC Thread#3" [stack: 0x0000001222b00000,0x0000001222c00000] [id=11808]
  0x00000186cf597100 ConcurrentGCThread "G1 Main Marker" [stack: 0x0000001221200000,0x0000001221300000] [id=20060]
  0x00000186cf598980 ConcurrentGCThread "G1 Conc#0" [stack: 0x0000001221300000,0x0000001221400000] [id=18080]
  0x00000186cf5fd730 ConcurrentGCThread "G1 Refine#0" [stack: 0x0000001221400000,0x0000001221500000] [id=20552]
  0x00000186ea23e5b0 ConcurrentGCThread "G1 Refine#1" [stack: 0x0000001222600000,0x0000001222700000] [id=12436]
  0x00000186e9a910a0 ConcurrentGCThread "G1 Refine#2" [stack: 0x0000001222700000,0x0000001222800000] [id=6840]
  0x00000186e8e520a0 ConcurrentGCThread "G1 Young RemSet Sampling" [stack: 0x0000001221500000,0x0000001221600000] [id=8996]

Threads with active compile tasks:

VM state: at safepoint (normal execution)

VM Mutex/Monitor currently owned by a thread:  ([mutex/lock_event])
[0x00000186cf5428f0] Threads_lock - owner thread: 0x00000186e984ebc0
[0x00000186cf542aa0] Heap_lock - owner thread: 0x00000186cf597100

Heap address: 0x0000000080a00000, size: 2038 MB, Compressed Oops mode: 32-bit
CDS disabled.
Compressed class space mapped at: 0x0000000100000000-0x0000000140000000, size: 1073741824
Narrow klass base: 0x0000000000000000, Narrow klass shift: 3, Narrow klass range: 0x140000000

GC Precious Log:
 CPUs: 4 total, 4 available
 Memory: 8144M
 Large Page Support: Disabled
 NUMA Support: Disabled
 Compressed Oops: Enabled (32-bit)
 Heap Region Size: 1M
 Heap Min Capacity: 8M
 Heap Initial Capacity: 128M
 Heap Max Capacity: 2038M
 Pre-touch: Disabled
 Parallel Workers: 4
 Concurrent Workers: 1
 Concurrent Refinement Workers: 4
 Periodic GC: Disabled

Heap:
 garbage-first heap   total 206848K, used 122650K [0x0000000080a00000, 0x0000000100000000)
  region size 1024K, 44 young (45056K), 6 survivors (6144K)
 Metaspace       used 69707K, capacity 70332K, committed 70448K, reserved 1110016K
  class space    used 8827K, capacity 9051K, committed 9088K, reserved 1048576K

Heap Regions: E=young(eden), S=young(survivor), O=old, HS=humongous(starts), HC=humongous(continues), CS=collection set, F=free, OA=open archive, CA=closed archive, TAMS=top-at-mark-start (previous, next)
|   0|0x0000000080a00000, 0x0000000080b00000, 0x0000000080b00000|100%| O|  |TAMS 0x0000000080b00000, 0x0000000080a00000| Updating 
|   1|0x0000000080b00000, 0x0000000080b00000, 0x0000000080c00000|  0%| F|  |TAMS 0x0000000080b00000, 0x0000000080b00000| Untracked 
|   2|0x0000000080c00000, 0x0000000080d00000, 0x0000000080d00000|100%| O|  |TAMS 0x0000000080d00000, 0x0000000080c00000| Updating 
|   3|0x0000000080d00000, 0x0000000080e00000, 0x0000000080e00000|100%| O|  |TAMS 0x0000000080e00000, 0x0000000080d00000| Updating 
|   4|0x0000000080e00000, 0x0000000080f00000, 0x0000000080f00000|100%| O|  |TAMS 0x0000000080f00000, 0x0000000080e00000| Updating 
|   5|0x0000000080f00000, 0x0000000081000000, 0x0000000081000000|100%| O|  |TAMS 0x0000000081000000, 0x0000000080f00000| Updating 
|   6|0x0000000081000000, 0x0000000081100000, 0x0000000081100000|100%| O|  |TAMS 0x0000000081100000, 0x0000000081000000| Updating 
|   7|0x0000000081100000, 0x0000000081200000, 0x0000000081200000|100%| O|  |TAMS 0x0000000081200000, 0x0000000081100000| Updating 
|   8|0x0000000081200000, 0x0000000081300000, 0x0000000081300000|100%| O|  |TAMS 0x0000000081300000, 0x0000000081200000| Updating 
|   9|0x0000000081300000, 0x0000000081400000, 0x0000000081400000|100%| O|  |TAMS 0x0000000081400000, 0x0000000081300000| Updating 
|  10|0x0000000081400000, 0x0000000081500000, 0x0000000081500000|100%| O|  |TAMS 0x0000000081500000, 0x0000000081400000| Updating 
|  11|0x0000000081500000, 0x0000000081600000, 0x0000000081600000|100%| O|  |TAMS 0x0000000081600000, 0x0000000081500000| Updating 
|  12|0x0000000081600000, 0x0000000081700000, 0x0000000081700000|100%|HS|  |TAMS 0x0000000081700000, 0x0000000081600000| Complete 
|  13|0x0000000081700000, 0x0000000081800000, 0x0000000081800000|100%| O|  |TAMS 0x0000000081800000, 0x0000000081700000| Updating 
|  14|0x0000000081800000, 0x0000000081900000, 0x0000000081900000|100%| O|  |TAMS 0x0000000081900000, 0x0000000081800000| Updating 
|  15|0x0000000081900000, 0x0000000081a00000, 0x0000000081a00000|100%| O|  |TAMS 0x0000000081a00000, 0x0000000081900000| Updating 
|  16|0x0000000081a00000, 0x0000000081b00000, 0x0000000081b00000|100%| O|  |TAMS 0x0000000081b00000, 0x0000000081a00000| Updating 
|  17|0x0000000081b00000, 0x0000000081c00000, 0x0000000081c00000|100%| O|  |TAMS 0x0000000081c00000, 0x0000000081b00000| Updating 
|  18|0x0000000081c00000, 0x0000000081d00000, 0x0000000081d00000|100%| O|  |TAMS 0x0000000081d00000, 0x0000000081c00000| Updating 
|  19|0x0000000081d00000, 0x0000000081e00000, 0x0000000081e00000|100%| O|  |TAMS 0x0000000081e00000, 0x0000000081d00000| Updating 
|  20|0x0000000081e00000, 0x0000000081f00000, 0x0000000081f00000|100%| O|  |TAMS 0x0000000081f00000, 0x0000000081e00000| Updating 
|  21|0x0000000081f00000, 0x0000000082000000, 0x0000000082000000|100%| O|  |TAMS 0x0000000082000000, 0x0000000081f00000| Updating 
|  22|0x0000000082000000, 0x0000000082100000, 0x0000000082100000|100%| O|  |TAMS 0x0000000082100000, 0x0000000082000000| Updating 
|  23|0x0000000082100000, 0x0000000082200000, 0x0000000082200000|100%| O|  |TAMS 0x0000000082200000, 0x0000000082100000| Updating 
|  24|0x0000000082200000, 0x0000000082300000, 0x0000000082300000|100%| O|  |TAMS 0x0000000082300000, 0x0000000082200000| Updating 
|  25|0x0000000082300000, 0x0000000082400000, 0x0000000082400000|100%| O|  |TAMS 0x0000000082400000, 0x0000000082300000| Updating 
|  26|0x0000000082400000, 0x0000000082500000, 0x0000000082500000|100%| O|  |TAMS 0x0000000082500000, 0x0000000082400000| Updating 
|  27|0x0000000082500000, 0x0000000082600000, 0x0000000082600000|100%|HS|  |TAMS 0x0000000082600000, 0x0000000082500000| Complete 
|  28|0x0000000082600000, 0x0000000082700000, 0x0000000082700000|100%|HS|  |TAMS 0x0000000082700000, 0x0000000082600000| Complete 
|  29|0x0000000082700000, 0x0000000082800000, 0x0000000082800000|100%| O|  |TAMS 0x0000000082800000, 0x0000000082700000| Updating 
|  30|0x0000000082800000, 0x0000000082900000, 0x0000000082900000|100%| O|  |TAMS 0x0000000082900000, 0x0000000082800000| Updating 
|  31|0x0000000082900000, 0x0000000082a00000, 0x0000000082a00000|100%| O|  |TAMS 0x0000000082a00000, 0x0000000082900000| Updating 
|  32|0x0000000082a00000, 0x0000000082b00000, 0x0000000082b00000|100%| O|  |TAMS 0x0000000082b00000, 0x0000000082a00000| Updating 
|  33|0x0000000082b00000, 0x0000000082c00000, 0x0000000082c00000|100%| O|  |TAMS 0x0000000082c00000, 0x0000000082b00000| Updating 
|  34|0x0000000082c00000, 0x0000000082d00000, 0x0000000082d00000|100%| O|  |TAMS 0x0000000082d00000, 0x0000000082c00000| Updating 
|  35|0x0000000082d00000, 0x0000000082e00000, 0x0000000082e00000|100%| O|  |TAMS 0x0000000082e00000, 0x0000000082d00000| Updating 
|  36|0x0000000082e00000, 0x0000000082f00000, 0x0000000082f00000|100%|HS|  |TAMS 0x0000000082f00000, 0x0000000082e00000| Complete 
|  37|0x0000000082f00000, 0x0000000083000000, 0x0000000083000000|100%|HC|  |TAMS 0x0000000083000000, 0x0000000082f00000| Complete 
|  38|0x0000000083000000, 0x0000000083100000, 0x0000000083100000|100%| O|  |TAMS 0x0000000083100000, 0x0000000083000000| Updating 
|  39|0x0000000083100000, 0x0000000083200000, 0x0000000083200000|100%| O|  |TAMS 0x0000000083200000, 0x0000000083100000| Updating 
|  40|0x0000000083200000, 0x0000000083300000, 0x0000000083300000|100%| O|  |TAMS 0x0000000083300000, 0x0000000083200000| Updating 
|  41|0x0000000083300000, 0x0000000083400000, 0x0000000083400000|100%| O|  |TAMS 0x0000000083400000, 0x0000000083300000| Updating 
|  42|0x0000000083400000, 0x0000000083500000, 0x0000000083500000|100%| O|  |TAMS 0x0000000083500000, 0x0000000083400000| Updating 
|  43|0x0000000083500000, 0x0000000083600000, 0x0000000083600000|100%|HS|  |TAMS 0x0000000083600000, 0x0000000083500000| Complete 
|  44|0x0000000083600000, 0x0000000083700000, 0x0000000083700000|100%|HC|  |TAMS 0x0000000083700000, 0x0000000083600000| Complete 
|  45|0x0000000083700000, 0x0000000083800000, 0x0000000083800000|100%| O|  |TAMS 0x0000000083800000, 0x0000000083700000| Updating 
|  46|0x0000000083800000, 0x0000000083900000, 0x0000000083900000|100%| O|  |TAMS 0x0000000083900000, 0x0000000083800000| Updating 
|  47|0x0000000083900000, 0x0000000083a00000, 0x0000000083a00000|100%| O|  |TAMS 0x0000000083a00000, 0x0000000083900000| Updating 
|  48|0x0000000083a00000, 0x0000000083b00000, 0x0000000083b00000|100%| O|  |TAMS 0x0000000083b00000, 0x0000000083a00000| Updating 
|  49|0x0000000083b00000, 0x0000000083c00000, 0x0000000083c00000|100%| O|  |TAMS 0x0000000083c00000, 0x0000000083b00000| Updating 
|  50|0x0000000083c00000, 0x0000000083d00000, 0x0000000083d00000|100%| O|  |TAMS 0x0000000083d00000, 0x0000000083c00000| Updating 
|  51|0x0000000083d00000, 0x0000000083e00000, 0x0000000083e00000|100%| O|  |TAMS 0x0000000083e00000, 0x0000000083d00000| Updating 
|  52|0x0000000083e00000, 0x0000000083f00000, 0x0000000083f00000|100%| O|  |TAMS 0x0000000083f00000, 0x0000000083e00000| Updating 
|  53|0x0000000083f00000, 0x0000000084000000, 0x0000000084000000|100%| O|  |TAMS 0x0000000084000000, 0x0000000083f00000| Updating 
|  54|0x0000000084000000, 0x0000000084000000, 0x0000000084100000|  0%| F|  |TAMS 0x0000000084000000, 0x0000000084000000| Untracked 
|  55|0x0000000084100000, 0x0000000084100000, 0x0000000084200000|  0%| F|  |TAMS 0x0000000084100000, 0x0000000084100000| Untracked 
|  56|0x0000000084200000, 0x0000000084200000, 0x0000000084300000|  0%| F|  |TAMS 0x0000000084200000, 0x0000000084200000| Untracked 
|  57|0x0000000084300000, 0x0000000084300000, 0x0000000084400000|  0%| F|  |TAMS 0x0000000084300000, 0x0000000084300000| Untracked 
|  58|0x0000000084400000, 0x0000000084400000, 0x0000000084500000|  0%| F|  |TAMS 0x0000000084400000, 0x0000000084400000| Untracked 
|  59|0x0000000084500000, 0x0000000084600000, 0x0000000084600000|100%|HS|  |TAMS 0x0000000084600000, 0x0000000084500000| Complete 
|  60|0x0000000084600000, 0x0000000084700000, 0x0000000084700000|100%|HC|  |TAMS 0x0000000084700000, 0x0000000084600000| Complete 
|  61|0x0000000084700000, 0x0000000084800000, 0x0000000084800000|100%|HS|  |TAMS 0x0000000084800000, 0x0000000084700000| Complete 
|  62|0x0000000084800000, 0x0000000084900000, 0x0000000084900000|100%|HC|  |TAMS 0x0000000084900000, 0x0000000084800000| Complete 
|  63|0x0000000084900000, 0x0000000084900000, 0x0000000084a00000|  0%| F|  |TAMS 0x0000000084900000, 0x0000000084900000| Untracked 
|  64|0x0000000084a00000, 0x0000000084a00000, 0x0000000084b00000|  0%| F|  |TAMS 0x0000000084a00000, 0x0000000084a00000| Untracked 
|  65|0x0000000084b00000, 0x0000000084c00000, 0x0000000084c00000|100%|HS|  |TAMS 0x0000000084c00000, 0x0000000084b00000| Complete 
|  66|0x0000000084c00000, 0x0000000084d00000, 0x0000000084d00000|100%|HC|  |TAMS 0x0000000084d00000, 0x0000000084c00000| Complete 
|  67|0x0000000084d00000, 0x0000000084e00000, 0x0000000084e00000|100%|HS|  |TAMS 0x0000000084e00000, 0x0000000084d00000| Complete 
|  68|0x0000000084e00000, 0x0000000084f00000, 0x0000000084f00000|100%|HC|  |TAMS 0x0000000084f00000, 0x0000000084e00000| Complete 
|  69|0x0000000084f00000, 0x0000000085000000, 0x0000000085000000|100%| O|  |TAMS 0x0000000085000000, 0x0000000084f00000| Updating 
|  70|0x0000000085000000, 0x0000000085100000, 0x0000000085100000|100%| O|  |TAMS 0x0000000085100000, 0x0000000085000000| Updating 
|  71|0x0000000085100000, 0x0000000085200000, 0x0000000085200000|100%| O|  |TAMS 0x0000000085200000, 0x0000000085100000| Updating 
|  72|0x0000000085200000, 0x0000000085300000, 0x0000000085300000|100%| O|  |TAMS 0x0000000085300000, 0x0000000085200000| Updating 
|  73|0x0000000085300000, 0x0000000085400000, 0x0000000085400000|100%| O|  |TAMS 0x0000000085400000, 0x0000000085300000| Updating 
|  74|0x0000000085400000, 0x0000000085500000, 0x0000000085500000|100%| O|  |TAMS 0x0000000085500000, 0x0000000085400000| Updating 
|  75|0x0000000085500000, 0x0000000085600000, 0x0000000085600000|100%| O|  |TAMS 0x000000008556f400, 0x0000000085500000| Updating 
|  76|0x0000000085600000, 0x0000000085700000, 0x0000000085700000|100%| O|  |TAMS 0x0000000085600000, 0x0000000085600000| Untracked 
|  77|0x0000000085700000, 0x0000000085800000, 0x0000000085800000|100%| O|  |TAMS 0x0000000085700000, 0x0000000085700000| Untracked 
|  78|0x0000000085800000, 0x0000000085900000, 0x0000000085900000|100%| O|  |TAMS 0x0000000085800000, 0x0000000085800000| Untracked 
|  79|0x0000000085900000, 0x0000000085a00000, 0x0000000085a00000|100%| O|  |TAMS 0x0000000085900000, 0x0000000085900000| Untracked 
|  80|0x0000000085a00000, 0x0000000085b00000, 0x0000000085b00000|100%| O|  |TAMS 0x0000000085a00000, 0x0000000085a00000| Untracked 
|  81|0x0000000085b00000, 0x0000000085c00000, 0x0000000085c00000|100%| O|  |TAMS 0x0000000085b00000, 0x0000000085b00000| Untracked 
|  82|0x0000000085c00000, 0x0000000085d00000, 0x0000000085d00000|100%| O|  |TAMS 0x0000000085c00000, 0x0000000085c00000| Untracked 
|  83|0x0000000085d00000, 0x0000000085e00000, 0x0000000085e00000|100%| O|  |TAMS 0x0000000085d00000, 0x0000000085d00000| Untracked 
|  84|0x0000000085e00000, 0x0000000085ef3000, 0x0000000085f00000| 94%| O|  |TAMS 0x0000000085e00000, 0x0000000085e00000| Untracked 
|  85|0x0000000085f00000, 0x0000000085f00000, 0x0000000086000000|  0%| F|  |TAMS 0x0000000085f00000, 0x0000000085f00000| Untracked 
|  86|0x0000000086000000, 0x0000000086000000, 0x0000000086100000|  0%| F|  |TAMS 0x0000000086000000, 0x0000000086000000| Untracked 
|  87|0x0000000086100000, 0x0000000086100000, 0x0000000086200000|  0%| F|  |TAMS 0x0000000086100000, 0x0000000086100000| Untracked 
|  88|0x0000000086200000, 0x0000000086200000, 0x0000000086300000|  0%| F|  |TAMS 0x0000000086200000, 0x0000000086200000| Untracked 
|  89|0x0000000086300000, 0x0000000086300000, 0x0000000086400000|  0%| F|  |TAMS 0x0000000086300000, 0x0000000086300000| Untracked 
|  90|0x0000000086400000, 0x0000000086400000, 0x0000000086500000|  0%| F|  |TAMS 0x0000000086400000, 0x0000000086400000| Untracked 
|  91|0x0000000086500000, 0x0000000086500000, 0x0000000086600000|  0%| F|  |TAMS 0x0000000086500000, 0x0000000086500000| Untracked 
|  92|0x0000000086600000, 0x0000000086600000, 0x0000000086700000|  0%| F|  |TAMS 0x0000000086600000, 0x0000000086600000| Untracked 
|  93|0x0000000086700000, 0x0000000086700000, 0x0000000086800000|  0%| F|  |TAMS 0x0000000086700000, 0x0000000086700000| Untracked 
|  94|0x0000000086800000, 0x0000000086800000, 0x0000000086900000|  0%| F|  |TAMS 0x0000000086800000, 0x0000000086800000| Untracked 
|  95|0x0000000086900000, 0x0000000086900000, 0x0000000086a00000|  0%| F|  |TAMS 0x0000000086900000, 0x0000000086900000| Untracked 
|  96|0x0000000086a00000, 0x0000000086a00000, 0x0000000086b00000|  0%| F|  |TAMS 0x0000000086a00000, 0x0000000086a00000| Untracked 
|  97|0x0000000086b00000, 0x0000000086b00000, 0x0000000086c00000|  0%| F|  |TAMS 0x0000000086b00000, 0x0000000086b00000| Untracked 
|  98|0x0000000086c00000, 0x0000000086c00000, 0x0000000086d00000|  0%| F|  |TAMS 0x0000000086c00000, 0x0000000086c00000| Untracked 
|  99|0x0000000086d00000, 0x0000000086d00000, 0x0000000086e00000|  0%| F|  |TAMS 0x0000000086d00000, 0x0000000086d00000| Untracked 
| 100|0x0000000086e00000, 0x0000000086e00000, 0x0000000086f00000|  0%| F|  |TAMS 0x0000000086e00000, 0x0000000086e00000| Untracked 
| 101|0x0000000086f00000, 0x0000000086f00000, 0x0000000087000000|  0%| F|  |TAMS 0x0000000086f00000, 0x0000000086f00000| Untracked 
| 102|0x0000000087000000, 0x0000000087000000, 0x0000000087100000|  0%| F|  |TAMS 0x0000000087000000, 0x0000000087000000| Untracked 
| 103|0x0000000087100000, 0x0000000087100000, 0x0000000087200000|  0%| F|  |TAMS 0x0000000087100000, 0x0000000087100000| Untracked 
| 104|0x0000000087200000, 0x0000000087200000, 0x0000000087300000|  0%| F|  |TAMS 0x0000000087200000, 0x0000000087200000| Untracked 
| 105|0x0000000087300000, 0x0000000087300000, 0x0000000087400000|  0%| F|  |TAMS 0x0000000087300000, 0x0000000087300000| Untracked 
| 106|0x0000000087400000, 0x0000000087400000, 0x0000000087500000|  0%| F|  |TAMS 0x0000000087400000, 0x0000000087400000| Untracked 
| 107|0x0000000087500000, 0x0000000087500000, 0x0000000087600000|  0%| F|  |TAMS 0x0000000087500000, 0x0000000087500000| Untracked 
| 108|0x0000000087600000, 0x0000000087600000, 0x0000000087700000|  0%| F|  |TAMS 0x0000000087600000, 0x0000000087600000| Untracked 
| 109|0x0000000087700000, 0x0000000087700000, 0x0000000087800000|  0%| F|  |TAMS 0x0000000087700000, 0x0000000087700000| Untracked 
| 110|0x0000000087800000, 0x0000000087800000, 0x0000000087900000|  0%| F|  |TAMS 0x0000000087800000, 0x0000000087800000| Untracked 
| 111|0x0000000087900000, 0x0000000087900000, 0x0000000087a00000|  0%| F|  |TAMS 0x0000000087900000, 0x0000000087900000| Untracked 
| 112|0x0000000087a00000, 0x0000000087a00000, 0x0000000087b00000|  0%| F|  |TAMS 0x0000000087a00000, 0x0000000087a00000| Untracked 
| 113|0x0000000087b00000, 0x0000000087b00000, 0x0000000087c00000|  0%| F|  |TAMS 0x0000000087b00000, 0x0000000087b00000| Untracked 
| 114|0x0000000087c00000, 0x0000000087c00000, 0x0000000087d00000|  0%| F|  |TAMS 0x0000000087c00000, 0x0000000087c00000| Untracked 
| 115|0x0000000087d00000, 0x0000000087d00000, 0x0000000087e00000|  0%| F|  |TAMS 0x0000000087d00000, 0x0000000087d00000| Untracked 
| 116|0x0000000087e00000, 0x0000000087e00000, 0x0000000087f00000|  0%| F|  |TAMS 0x0000000087e00000, 0x0000000087e00000| Untracked 
| 117|0x0000000087f00000, 0x0000000087f00000, 0x0000000088000000|  0%| F|  |TAMS 0x0000000087f00000, 0x0000000087f00000| Untracked 
| 118|0x0000000088000000, 0x0000000088000000, 0x0000000088100000|  0%| F|  |TAMS 0x0000000088000000, 0x0000000088000000| Untracked 
| 119|0x0000000088100000, 0x0000000088100000, 0x0000000088200000|  0%| F|  |TAMS 0x0000000088100000, 0x0000000088100000| Untracked 
| 120|0x0000000088200000, 0x0000000088200000, 0x0000000088300000|  0%| F|  |TAMS 0x0000000088200000, 0x0000000088200000| Untracked 
| 121|0x0000000088300000, 0x00000000883d38e0, 0x0000000088400000| 82%| S|CS|TAMS 0x0000000088300000, 0x0000000088300000| Complete 
| 122|0x0000000088400000, 0x0000000088500000, 0x0000000088500000|100%| S|CS|TAMS 0x0000000088400000, 0x0000000088400000| Complete 
| 123|0x0000000088500000, 0x0000000088600000, 0x0000000088600000|100%| S|CS|TAMS 0x0000000088500000, 0x0000000088500000| Complete 
| 124|0x0000000088600000, 0x0000000088700000, 0x0000000088700000|100%| S|CS|TAMS 0x0000000088600000, 0x0000000088600000| Complete 
| 125|0x0000000088700000, 0x0000000088800000, 0x0000000088800000|100%| S|CS|TAMS 0x0000000088700000, 0x0000000088700000| Complete 
| 126|0x0000000088800000, 0x0000000088900000, 0x0000000088900000|100%| S|CS|TAMS 0x0000000088800000, 0x0000000088800000| Complete 
| 127|0x0000000088900000, 0x0000000088900000, 0x0000000088a00000|  0%| F|  |TAMS 0x0000000088900000, 0x0000000088900000| Untracked 
| 128|0x0000000088a00000, 0x0000000088a00000, 0x0000000088b00000|  0%| F|  |TAMS 0x0000000088a00000, 0x0000000088a00000| Untracked 
| 129|0x0000000088b00000, 0x0000000088b00000, 0x0000000088c00000|  0%| F|  |TAMS 0x0000000088b00000, 0x0000000088b00000| Untracked 
| 130|0x0000000088c00000, 0x0000000088c00000, 0x0000000088d00000|  0%| F|  |TAMS 0x0000000088c00000, 0x0000000088c00000| Untracked 
| 131|0x0000000088d00000, 0x0000000088d00000, 0x0000000088e00000|  0%| F|  |TAMS 0x0000000088d00000, 0x0000000088d00000| Untracked 
| 132|0x0000000088e00000, 0x0000000088e00000, 0x0000000088f00000|  0%| F|  |TAMS 0x0000000088e00000, 0x0000000088e00000| Untracked 
| 133|0x0000000088f00000, 0x0000000088f00000, 0x0000000089000000|  0%| F|  |TAMS 0x0000000088f00000, 0x0000000088f00000| Untracked 
| 134|0x0000000089000000, 0x0000000089000000, 0x0000000089100000|  0%| F|  |TAMS 0x0000000089000000, 0x0000000089000000| Untracked 
| 135|0x0000000089100000, 0x0000000089100000, 0x0000000089200000|  0%| F|  |TAMS 0x0000000089100000, 0x0000000089100000| Untracked 
| 136|0x0000000089200000, 0x0000000089200000, 0x0000000089300000|  0%| F|  |TAMS 0x0000000089200000, 0x0000000089200000| Untracked 
| 137|0x0000000089300000, 0x0000000089300000, 0x0000000089400000|  0%| F|  |TAMS 0x0000000089300000, 0x0000000089300000| Untracked 
| 138|0x0000000089400000, 0x0000000089400000, 0x0000000089500000|  0%| F|  |TAMS 0x0000000089400000, 0x0000000089400000| Untracked 
| 139|0x0000000089500000, 0x0000000089600000, 0x0000000089600000|100%| E|  |TAMS 0x0000000089500000, 0x0000000089500000| Complete 
| 140|0x0000000089600000, 0x0000000089700000, 0x0000000089700000|100%| E|CS|TAMS 0x0000000089600000, 0x0000000089600000| Complete 
| 141|0x0000000089700000, 0x0000000089800000, 0x0000000089800000|100%| E|CS|TAMS 0x0000000089700000, 0x0000000089700000| Complete 
| 142|0x0000000089800000, 0x0000000089900000, 0x0000000089900000|100%| E|CS|TAMS 0x0000000089800000, 0x0000000089800000| Complete 
| 143|0x0000000089900000, 0x0000000089a00000, 0x0000000089a00000|100%| E|CS|TAMS 0x0000000089900000, 0x0000000089900000| Complete 
| 144|0x0000000089a00000, 0x0000000089b00000, 0x0000000089b00000|100%| E|CS|TAMS 0x0000000089a00000, 0x0000000089a00000| Complete 
| 145|0x0000000089b00000, 0x0000000089c00000, 0x0000000089c00000|100%| E|CS|TAMS 0x0000000089b00000, 0x0000000089b00000| Complete 
| 146|0x0000000089c00000, 0x0000000089d00000, 0x0000000089d00000|100%| E|CS|TAMS 0x0000000089c00000, 0x0000000089c00000| Complete 
| 147|0x0000000089d00000, 0x0000000089e00000, 0x0000000089e00000|100%| E|CS|TAMS 0x0000000089d00000, 0x0000000089d00000| Complete 
| 148|0x0000000089e00000, 0x0000000089f00000, 0x0000000089f00000|100%| E|CS|TAMS 0x0000000089e00000, 0x0000000089e00000| Complete 
| 149|0x0000000089f00000, 0x000000008a000000, 0x000000008a000000|100%| E|CS|TAMS 0x0000000089f00000, 0x0000000089f00000| Complete 
| 150|0x000000008a000000, 0x000000008a100000, 0x000000008a100000|100%| E|CS|TAMS 0x000000008a000000, 0x000000008a000000| Complete 
| 151|0x000000008a100000, 0x000000008a200000, 0x000000008a200000|100%| E|CS|TAMS 0x000000008a100000, 0x000000008a100000| Complete 
| 152|0x000000008a200000, 0x000000008a300000, 0x000000008a300000|100%| E|CS|TAMS 0x000000008a200000, 0x000000008a200000| Complete 
| 153|0x000000008a300000, 0x000000008a400000, 0x000000008a400000|100%| E|CS|TAMS 0x000000008a300000, 0x000000008a300000| Complete 
| 154|0x000000008a400000, 0x000000008a500000, 0x000000008a500000|100%| E|CS|TAMS 0x000000008a400000, 0x000000008a400000| Complete 
| 155|0x000000008a500000, 0x000000008a600000, 0x000000008a600000|100%| E|CS|TAMS 0x000000008a500000, 0x000000008a500000| Complete 
| 156|0x000000008a600000, 0x000000008a700000, 0x000000008a700000|100%| E|CS|TAMS 0x000000008a600000, 0x000000008a600000| Complete 
| 157|0x000000008a700000, 0x000000008a800000, 0x000000008a800000|100%| E|CS|TAMS 0x000000008a700000, 0x000000008a700000| Complete 
| 158|0x000000008a800000, 0x000000008a900000, 0x000000008a900000|100%| E|CS|TAMS 0x000000008a800000, 0x000000008a800000| Complete 
| 159|0x000000008a900000, 0x000000008aa00000, 0x000000008aa00000|100%| E|CS|TAMS 0x000000008a900000, 0x000000008a900000| Complete 
| 160|0x000000008aa00000, 0x000000008ab00000, 0x000000008ab00000|100%| E|CS|TAMS 0x000000008aa00000, 0x000000008aa00000| Complete 
| 161|0x000000008ab00000, 0x000000008ac00000, 0x000000008ac00000|100%| E|CS|TAMS 0x000000008ab00000, 0x000000008ab00000| Complete 
| 162|0x000000008ac00000, 0x000000008ad00000, 0x000000008ad00000|100%| E|CS|TAMS 0x000000008ac00000, 0x000000008ac00000| Complete 
| 163|0x000000008ad00000, 0x000000008ae00000, 0x000000008ae00000|100%| E|CS|TAMS 0x000000008ad00000, 0x000000008ad00000| Complete 
| 164|0x000000008ae00000, 0x000000008af00000, 0x000000008af00000|100%| E|CS|TAMS 0x000000008ae00000, 0x000000008ae00000| Complete 
| 165|0x000000008af00000, 0x000000008b000000, 0x000000008b000000|100%| E|CS|TAMS 0x000000008af00000, 0x000000008af00000| Complete 
| 166|0x000000008b000000, 0x000000008b100000, 0x000000008b100000|100%| E|CS|TAMS 0x000000008b000000, 0x000000008b000000| Complete 
| 167|0x000000008b100000, 0x000000008b200000, 0x000000008b200000|100%| E|CS|TAMS 0x000000008b100000, 0x000000008b100000| Complete 
| 168|0x000000008b200000, 0x000000008b300000, 0x000000008b300000|100%| E|CS|TAMS 0x000000008b200000, 0x000000008b200000| Complete 
| 169|0x000000008b300000, 0x000000008b400000, 0x000000008b400000|100%| E|CS|TAMS 0x000000008b300000, 0x000000008b300000| Complete 
| 170|0x000000008b400000, 0x000000008b500000, 0x000000008b500000|100%| E|CS|TAMS 0x000000008b400000, 0x000000008b400000| Complete 
| 171|0x000000008b500000, 0x000000008b600000, 0x000000008b600000|100%| E|CS|TAMS 0x000000008b500000, 0x000000008b500000| Complete 
| 172|0x000000008b600000, 0x000000008b700000, 0x000000008b700000|100%| E|CS|TAMS 0x000000008b600000, 0x000000008b600000| Complete 
| 173|0x000000008b700000, 0x000000008b800000, 0x000000008b800000|100%| E|CS|TAMS 0x000000008b700000, 0x000000008b700000| Complete 
| 174|0x000000008b800000, 0x000000008b900000, 0x000000008b900000|100%| E|CS|TAMS 0x000000008b800000, 0x000000008b800000| Complete 
| 175|0x000000008b900000, 0x000000008ba00000, 0x000000008ba00000|100%| E|CS|TAMS 0x000000008b900000, 0x000000008b900000| Complete 
| 176|0x000000008ba00000, 0x000000008bb00000, 0x000000008bb00000|100%| E|CS|TAMS 0x000000008ba00000, 0x000000008ba00000| Complete 

Card table byte_map: [0x00000186e2340000,0x00000186e2740000] _byte_map_base: 0x00000186e1f3b000

Marking Bits (Prev, Next): (CMBitMap*) 0x00000186cf5867e0, (CMBitMap*) 0x00000186cf586820
 Prev Bits: [0x00000186e2b40000, 0x00000186e4b18000)
 Next Bits: [0x00000186e4b20000, 0x00000186e6af8000)

Polling page: 0x00000186cd510000

Metaspace:

Usage:
  Non-class:     59.84 MB capacity,    59.45 MB (>99%) used,   309.27 KB ( <1%) free+waste,    91.88 KB ( <1%) overhead. 
      Class:      8.84 MB capacity,     8.62 MB ( 98%) used,   188.38 KB (  2%) free+waste,    35.00 KB ( <1%) overhead. 
       Both:     68.68 MB capacity,    68.07 MB (>99%) used,   497.65 KB ( <1%) free+waste,   126.88 KB ( <1%) overhead. 

Virtual space:
  Non-class space:       60.00 MB reserved,      59.92 MB (>99%) committed 
      Class space:        1.00 GB reserved,       8.88 MB ( <1%) committed 
             Both:        1.06 GB reserved,      68.80 MB (  6%) committed 

Chunk freelists:
   Non-Class:  15.00 KB
       Class:  5.00 KB
        Both:  20.00 KB

MaxMetaspaceSize: 17179869184.00 GB
CompressedClassSpaceSize: 1.00 GB

CodeHeap 'non-profiled nmethods': size=238912Kb used=12114Kb max_used=12114Kb free=226797Kb
 bounds [0x00000186d35f0000, 0x00000186d41d0000, 0x00000186e1f40000]
CodeHeap 'non-nmethods': size=6848Kb used=2366Kb max_used=2366Kb free=4481Kb
 bounds [0x00000186d2f40000, 0x00000186d31b0000, 0x00000186d35f0000]
 total_blobs=8304 nmethods=7448 adapters=782
 compilation: enabled
              stopped_count=0, restarted_count=0
 full_count=0

Compilation events (20 events):
Event: 40.917 Thread 0x00000186e98ab4e0 7440       1       scala.collection.AbstractSet::map (7 bytes)
Event: 40.917 Thread 0x00000186e98ab4e0 nmethod 7440 0x00000186d41be490 code [0x00000186d41be620, 0x00000186d41be6e8]
Event: 40.917 Thread 0x00000186e98ab4e0 7441       1       scala.collection.SetLike::map$ (7 bytes)
Event: 40.917 Thread 0x00000186e98ab4e0 nmethod 7441 0x00000186d41be790 code [0x00000186d41be940, 0x00000186d41bea68]
Event: 40.917 Thread 0x00000186e98ab4e0 7442       1       scala.collection.SetLike::map (9 bytes)
Event: 40.917 Thread 0x00000186e98ab4e0 nmethod 7442 0x00000186d41beb90 code [0x00000186d41bed20, 0x00000186d41bee08]
Event: 40.917 Thread 0x00000186e98ab4e0 7443       1       scala.collection.AbstractSet::scala$collection$SetLike$$super$map (7 bytes)
Event: 40.917 Thread 0x00000186e98ab4e0 nmethod 7443 0x00000186d41bee90 code [0x00000186d41bf080, 0x00000186d41bf308]
Event: 40.917 Thread 0x00000186e98ab4e0 7444       1       scala.collection.immutable.Set$Set4::$plus (6 bytes)
Event: 40.917 Thread 0x00000186e98ab4e0 nmethod 7444 0x00000186d41bf510 code [0x00000186d41bf6a0, 0x00000186d41bf768]
Event: 40.917 Thread 0x00000186e98ab4e0 7445       1       scala.collection.immutable.Set$Set4::$plus (50 bytes)
Event: 40.918 Thread 0x00000186e98ab4e0 nmethod 7445 0x00000186d41bf810 code [0x00000186d41bfa80, 0x00000186d41bff68]
Event: 40.918 Thread 0x00000186e98ab4e0 7432       1       org.openkoreantext.processor.util.KoreanConjugation$::expanded$1 (24 bytes)
Event: 40.918 Thread 0x00000186e98ab4e0 nmethod 7432 0x00000186d41c0310 code [0x00000186d41c04a0, 0x00000186d41c05c8]
Event: 40.975 Thread 0x00000186e98ab4e0 7446       1       scala.collection.immutable.Set$Set1::$minus (6 bytes)
Event: 40.975 Thread 0x00000186e98ab4e0 nmethod 7446 0x00000186d41c0690 code [0x00000186d41c0840, 0x00000186d41c0988]
Event: 40.975 Thread 0x00000186e98ab4e0 7447       1       scala.collection.immutable.Set$Set1::$minus (20 bytes)
Event: 40.975 Thread 0x00000186e98ab4e0 nmethod 7447 0x00000186d41c0a90 code [0x00000186d41c0c40, 0x00000186d41c0d88]
Event: 41.037 Thread 0x00000186e98ab4e0 7448       1       scala.collection.immutable.VectorPointer::gotoFreshPosWritable0 (820 bytes)
Event: 41.038 Thread 0x00000186e98ab4e0 nmethod 7448 0x00000186d41c0e90 code [0x00000186d41c1560, 0x00000186d41c38f8]

GC Heap History (20 events):
Event: 40.027 GC heap before
{Heap before GC invocations=45 (full 0):
 garbage-first heap   total 87040K, used 67534K [0x0000000080a00000, 0x0000000100000000)
  region size 1024K, 23 young (23552K), 3 survivors (3072K)
 Metaspace       used 67909K, capacity 68556K, committed 68656K, reserved 1110016K
  class space    used 8540K, capacity 8779K, committed 8832K, reserved 1048576K
}
Event: 40.030 GC heap after
{Heap after GC invocations=46 (full 0):
 garbage-first heap   total 87040K, used 49084K [0x0000000080a00000, 0x0000000100000000)
  region size 1024K, 3 young (3072K), 3 survivors (3072K)
 Metaspace       used 67909K, capacity 68556K, committed 68656K, reserved 1110016K
  class space    used 8540K, capacity 8779K, committed 8832K, reserved 1048576K
}
Event: 40.088 GC heap before
{Heap before GC invocations=46 (full 0):
 garbage-first heap   total 87040K, used 68540K [0x0000000080a00000, 0x0000000100000000)
  region size 1024K, 22 young (22528K), 3 survivors (3072K)
 Metaspace       used 68153K, capacity 68780K, committed 68912K, reserved 1110016K
  class space    used 8585K, capacity 8811K, committed 8832K, reserved 1048576K
}
Event: 40.091 GC heap after
{Heap after GC invocations=47 (full 0):
 garbage-first heap   total 87040K, used 51484K [0x0000000080a00000, 0x0000000100000000)
  region size 1024K, 3 young (3072K), 3 survivors (3072K)
 Metaspace       used 68153K, capacity 68780K, committed 68912K, reserved 1110016K
  class space    used 8585K, capacity 8811K, committed 8832K, reserved 1048576K
}
Event: 40.154 GC heap before
{Heap before GC invocations=47 (full 0):
 garbage-first heap   total 87040K, used 71964K [0x0000000080a00000, 0x0000000100000000)
  region size 1024K, 21 young (21504K), 3 survivors (3072K)
 Metaspace       used 68159K, capacity 68780K, committed 68912K, reserved 1110016K
  class space    used 8586K, capacity 8811K, committed 8832K, reserved 1048576K
}
Event: 40.159 GC heap after
{Heap after GC invocations=48 (full 0):
 garbage-first heap   total 104448K, used 56314K [0x0000000080a00000, 0x0000000100000000)
  region size 1024K, 3 young (3072K), 3 survivors (3072K)
 Metaspace       used 68159K, capacity 68780K, committed 68912K, reserved 1110016K
  class space    used 8586K, capacity 8811K, committed 8832K, reserved 1048576K
}
Event: 40.211 GC heap before
{Heap before GC invocations=49 (full 0):
 garbage-first heap   total 104448K, used 81914K [0x0000000080a00000, 0x0000000100000000)
  region size 1024K, 28 young (28672K), 3 survivors (3072K)
 Metaspace       used 68159K, capacity 68780K, committed 68912K, reserved 1110016K
  class space    used 8586K, capacity 8811K, committed 8832K, reserved 1048576K
}
Event: 40.215 GC heap after
{Heap after GC invocations=50 (full 0):
 garbage-first heap   total 104448K, used 58230K [0x0000000080a00000, 0x0000000100000000)
  region size 1024K, 2 young (2048K), 2 survivors (2048K)
 Metaspace       used 68159K, capacity 68780K, committed 68912K, reserved 1110016K
  class space    used 8586K, capacity 8811K, committed 8832K, reserved 1048576K
}
Event: 40.250 GC heap before
{Heap before GC invocations=50 (full 0):
 garbage-first heap   total 104448K, used 83830K [0x0000000080a00000, 0x0000000100000000)
  region size 1024K, 27 young (27648K), 2 survivors (2048K)
 Metaspace       used 68159K, capacity 68780K, committed 68912K, reserved 1110016K
  class space    used 8586K, capacity 8811K, committed 8832K, reserved 1048576K
}
Event: 40.253 GC heap after
{Heap after GC invocations=51 (full 0):
 garbage-first heap   total 104448K, used 60111K [0x0000000080a00000, 0x0000000100000000)
  region size 1024K, 4 young (4096K), 4 survivors (4096K)
 Metaspace       used 68159K, capacity 68780K, committed 68912K, reserved 1110016K
  class space    used 8586K, capacity 8811K, committed 8832K, reserved 1048576K
}
Event: 40.298 GC heap before
{Heap before GC invocations=51 (full 0):
 garbage-first heap   total 104448K, used 84687K [0x0000000080a00000, 0x0000000100000000)
  region size 1024K, 28 young (28672K), 4 survivors (4096K)
 Metaspace       used 68159K, capacity 68780K, committed 68912K, reserved 1110016K
  class space    used 8586K, capacity 8811K, committed 8832K, reserved 1048576K
}
Event: 40.302 GC heap after
{Heap after GC invocations=52 (full 0):
 garbage-first heap   total 104448K, used 62109K [0x0000000080a00000, 0x0000000100000000)
  region size 1024K, 3 young (3072K), 3 survivors (3072K)
 Metaspace       used 68159K, capacity 68780K, committed 68912K, reserved 1110016K
  class space    used 8586K, capacity 8811K, committed 8832K, reserved 1048576K
}
Event: 40.350 GC heap before
{Heap before GC invocations=52 (full 0):
 garbage-first heap   total 111616K, used 80541K [0x0000000080a00000, 0x0000000100000000)
  region size 1024K, 25 young (25600K), 3 survivors (3072K)
 Metaspace       used 68159K, capacity 68780K, committed 68912K, reserved 1110016K
  class space    used 8586K, capacity 8811K, committed 8832K, reserved 1048576K
}
Event: 40.354 GC heap after
{Heap after GC invocations=53 (full 0):
 garbage-first heap   total 181248K, used 59769K [0x0000000080a00000, 0x0000000100000000)
  region size 1024K, 3 young (3072K), 3 survivors (3072K)
 Metaspace       used 68159K, capacity 68780K, committed 68912K, reserved 1110016K
  class space    used 8586K, capacity 8811K, committed 8832K, reserved 1048576K
}
Event: 40.517 GC heap before
{Heap before GC invocations=54 (full 0):
 garbage-first heap   total 181248K, used 115065K [0x0000000080a00000, 0x0000000100000000)
  region size 1024K, 52 young (53248K), 3 survivors (3072K)
 Metaspace       used 68159K, capacity 68780K, committed 68912K, reserved 1110016K
  class space    used 8586K, capacity 8811K, committed 8832K, reserved 1048576K
}
Event: 40.528 GC heap after
{Heap after GC invocations=55 (full 0):
 garbage-first heap   total 181248K, used 75769K [0x0000000080a00000, 0x0000000100000000)
  region size 1024K, 10 young (10240K), 10 survivors (10240K)
 Metaspace       used 68159K, capacity 68780K, committed 68912K, reserved 1110016K
  class space    used 8586K, capacity 8811K, committed 8832K, reserved 1048576K
}
Event: 40.873 GC heap before
{Heap before GC invocations=56 (full 0):
 garbage-first heap   total 181248K, used 142329K [0x0000000080a00000, 0x0000000100000000)
  region size 1024K, 71 young (72704K), 10 survivors (10240K)
 Metaspace       used 69707K, capacity 70332K, committed 70448K, reserved 1110016K
  class space    used 8827K, capacity 9051K, committed 9088K, reserved 1048576K
}
Event: 40.890 GC heap after
{Heap after GC invocations=57 (full 0):
 garbage-first heap   total 181248K, used 86461K [0x0000000080a00000, 0x0000000100000000)
  region size 1024K, 9 young (9216K), 9 survivors (9216K)
 Metaspace       used 69707K, capacity 70332K, committed 70448K, reserved 1110016K
  class space    used 8827K, capacity 9051K, committed 9088K, reserved 1048576K
}
Event: 40.997 GC heap before
{Heap before GC invocations=57 (full 0):
 garbage-first heap   total 181248K, used 137661K [0x0000000080a00000, 0x0000000100000000)
  region size 1024K, 59 young (60416K), 9 survivors (9216K)
 Metaspace       used 69707K, capacity 70332K, committed 70448K, reserved 1110016K
  class space    used 8827K, capacity 9051K, committed 9088K, reserved 1048576K
}
Event: 41.008 GC heap after
{Heap after GC invocations=58 (full 0):
 garbage-first heap   total 181248K, used 92954K [0x0000000080a00000, 0x0000000100000000)
  region size 1024K, 6 young (6144K), 6 survivors (6144K)
 Metaspace       used 69707K, capacity 70332K, committed 70448K, reserved 1110016K
  class space    used 8827K, capacity 9051K, committed 9088K, reserved 1048576K
}

Deoptimization events (8 events):
Event: 2.965 Thread 0x00000186ea1cb870 DEOPT PACKING pc=0x00000186d388a311 sp=0x0000001222cfef90
Event: 2.965 Thread 0x00000186ea1cb870 DEOPT UNPACKING pc=0x00000186d2f8e23f sp=0x0000001222cfe3e8 mode 3
Event: 2.965 Thread 0x00000186ea237590 DEOPT PACKING pc=0x00000186d388707e sp=0x00000012229fdaf0
Event: 2.965 Thread 0x00000186ea237590 DEOPT UNPACKING pc=0x00000186d2f8e23f sp=0x00000012229fcf80 mode 3
Event: 3.353 Thread 0x00000186ea237590 DEOPT PACKING pc=0x00000186d38a7852 sp=0x00000012229fb8a0
Event: 3.353 Thread 0x00000186ea237590 DEOPT UNPACKING pc=0x00000186d2f8e23f sp=0x00000012229fada8 mode 3
Event: 3.552 Thread 0x00000186ea237590 DEOPT PACKING pc=0x00000186d3a3cf34 sp=0x00000012229fde60
Event: 3.552 Thread 0x00000186ea237590 DEOPT UNPACKING pc=0x00000186d2f8e23f sp=0x00000012229fd528 mode 0

Classes unloaded (0 events):
No events

Classes redefined (0 events):
No events

Internal exceptions (20 events):
Event: 19.961 Thread 0x00000186ed97d4c0 Exception <a 'java/lang/ClassNotFoundException'{0x0000000084252938}: nz/net/ultraq/thymeleaf/fragments/FragmentProcessorBeanInfo> (0x0000000084252938) 
thrown [./open/src/hotspot/share/classfile/systemDictionary.cpp, line 295]
Event: 19.962 Thread 0x00000186ed97d4c0 Exception <a 'java/lang/ClassNotFoundException'{0x0000000084259e98}: nz/net/ultraq/thymeleaf/fragments/FragmentProcessorCustomizer> (0x0000000084259e98) 
thrown [./open/src/hotspot/share/classfile/systemDictionary.cpp, line 295]
Event: 19.966 Thread 0x00000186ed97d4c0 Exception <a 'java/lang/ClassNotFoundException'{0x0000000084283b40}: nz/net/ultraq/thymeleaf/fragments/CollectFragmentProcessorBeanInfo> (0x0000000084283b40) 
thrown [./open/src/hotspot/share/classfile/systemDictionary.cpp, line 295]
Event: 19.970 Thread 0x00000186ed97d4c0 Exception <a 'java/lang/ClassNotFoundException'{0x000000008428b018}: nz/net/ultraq/thymeleaf/fragments/CollectFragmentProcessorCustomizer> (0x000000008428b018) 
thrown [./open/src/hotspot/share/classfile/systemDictionary.cpp, line 295]
Event: 19.976 Thread 0x00000186ed97d4c0 Exception <a 'java/lang/ClassNotFoundException'{0x00000000842b6358}: nz/net/ultraq/thymeleaf/decorators/TitlePatternProcessorBeanInfo> (0x00000000842b6358) 
thrown [./open/src/hotspot/share/classfile/systemDictionary.cpp, line 295]
Event: 19.977 Thread 0x00000186ed97d4c0 Exception <a 'java/lang/ClassNotFoundException'{0x00000000842bd7d8}: nz/net/ultraq/thymeleaf/decorators/TitlePatternProcessorCustomizer> (0x00000000842bd7d8) 
thrown [./open/src/hotspot/share/classfile/systemDictionary.cpp, line 295]
Event: 31.910 Thread 0x00000186ed97bcb0 Exception <a 'sun/nio/fs/WindowsException'{0x0000000088271d00}> (0x0000000088271d00) 
thrown [./open/src/hotspot/share/prims/jni.cpp, line 578]
Event: 39.565 Thread 0x00000186ed97bcb0 Exception <a 'java/lang/NoSuchMethodError'{0x0000000084815d40}: 'int java.lang.invoke.DirectMethodHandle$Holder.invokeStatic(java.lang.Object, java.lang.Object, int)'> (0x0000000084815d40) 
thrown [./open/src/hotspot/share/interpreter/linkResolver.cpp, line 782]
Event: 39.800 Thread 0x00000186ed97bcb0 Exception <a 'java/lang/NoSuchMethodError'{0x0000000088225a00}: 'java.lang.Object java.lang.invoke.DirectMethodHandle$Holder.invokeStatic(java.lang.Object, int, java.lang.Object)'> (0x0000000088225a00) 
thrown [./open/src/hotspot/share/interpreter/linkResolver.cpp, line 782]
Event: 40.674 Thread 0x00000186ed97bcb0 Exception <a 'java/lang/NoSuchMethodError'{0x000000008abc4580}: 'java.lang.Object java.lang.invoke.DirectMethodHandle$Holder.invokeStatic(java.lang.Object, int, java.lang.Object, java.lang.Object)'> (0x000000008abc4580) 
thrown [./open/src/hotspot/share/interpreter/linkResolver.cpp, line 782]
Event: 40.674 Thread 0x00000186ed97bcb0 Exception <a 'java/lang/NoSuchMethodError'{0x000000008abceed0}: 'java.lang.Object java.lang.invoke.DirectMethodHandle$Holder.newInvokeSpecial(java.lang.Object, int, java.lang.Object)'> (0x000000008abceed0) 
thrown [./open/src/hotspot/share/interpreter/linkResolver.cpp, line 782]
Event: 40.683 Thread 0x00000186ed97bcb0 Exception <a 'java/lang/NoSuchMethodError'{0x000000008aa2b750}: 'java.lang.Object java.lang.invoke.DirectMethodHandle$Holder.newInvokeSpecial(java.lang.Object, java.lang.Object, java.lang.Object, java.lang.Object, int)'> (0x000000008aa2b750) 
thrown [./open/src/hotspot/share/interpreter/linkResolver.cpp, line 782]
Event: 40.684 Thread 0x00000186ed97bcb0 Exception <a 'java/lang/NoSuchMethodError'{0x000000008aa30490}: 'java.lang.Object java.lang.invoke.DirectMethodHandle$Holder.invokeSpecial(java.lang.Object, java.lang.Object, java.lang.Object, java.lang.Object, java.lang.Object, int)'> (0x000000008aa30490) 
thrown [./open/src/hotspot/share/interpreter/linkResolver.cpp, line 782]
Event: 40.684 Thread 0x00000186ed97bcb0 Exception <a 'java/lang/NoSuchMethodError'{0x000000008aa346c8}: 'java.lang.Object java.lang.invoke.Invokers$Holder.linkToTargetMethod(java.lang.Object, java.lang.Object, java.lang.Object, int, java.lang.Object)'> (0x000000008aa346c8) 
thrown [./open/src/hotspot/share/interpreter/linkResolver.cpp, line 782]
Event: 40.714 Thread 0x00000186ed97bcb0 Exception <a 'java/lang/NoSuchMethodError'{0x000000008aae9f10}: 'java.lang.Object java.lang.invoke.DirectMethodHandle$Holder.newInvokeSpecial(java.lang.Object, java.lang.Object, java.lang.Object, java.lang.Object, int, java.lang.Object)'> (0x000000008aae9f10) 
thrown [./open/src/hotspot/share/interpreter/linkResolver.cpp, line 782]
Event: 40.714 Thread 0x00000186ed97bcb0 Exception <a 'java/lang/NoSuchMethodError'{0x000000008aaeeb88}: 'java.lang.Object java.lang.invoke.DirectMethodHandle$Holder.invokeSpecial(java.lang.Object, java.lang.Object, java.lang.Object, java.lang.Object, java.lang.Object, int, java.lang.Object)'> (0x000000008aaeeb88) 
thrown [./open/src/hotspot/share/interpreter/linkResolver.cpp, line 782]
Event: 40.714 Thread 0x00000186ed97bcb0 Exception <a 'java/lang/NoSuchMethodError'{0x000000008aaf3158}: 'java.lang.Object java.lang.invoke.Invokers$Holder.linkToTargetMethod(java.lang.Object, java.lang.Object, java.lang.Object, int, java.lang.Object, java.lang.Object)'> (0x000000008aaf3158) 
thrown [./open/src/hotspot/share/interpreter/linkResolver.cpp, line 782]
Event: 40.813 Thread 0x00000186ed97bcb0 Exception <a 'java/lang/NoSuchMethodError'{0x0000000087c74530}: 'java.lang.Object java.lang.invoke.Invokers$Holder.invoke_MT(java.lang.Object, java.lang.Object, java.lang.Object, java.lang.Object, java.lang.Object, java.lang.Object)'> (0x0000000087c74530) 
thrown [./open/src/hotspot/share/interpreter/linkResolver.cpp, line 782]
Event: 40.814 Thread 0x00000186ed97bcb0 Exception <a 'java/lang/NoSuchMethodError'{0x0000000087c7df58}: 'java.lang.Object java.lang.invoke.Invokers$Holder.invoker(java.lang.Object, java.lang.Object, java.lang.Object)'> (0x0000000087c7df58) 
thrown [./open/src/hotspot/share/interpreter/linkResolver.cpp, line 782]
Event: 40.815 Thread 0x00000186ed97bcb0 Exception <a 'java/lang/NoSuchMethodError'{0x0000000087c87c50}: 'java.lang.Object java.lang.invoke.Invokers$Holder.invokeExact_MT(java.lang.Object, java.lang.Object, java.lang.Object, java.lang.Object)'> (0x0000000087c87c50) 
thrown [./open/src/hotspot/share/interpreter/linkResolver.cpp, line 782]

Events (20 events):
Event: 40.650 loading class java/util/regex/Pattern$GroupCurly done
Event: 40.657 loading class java/util/regex/Pattern$Pos
Event: 40.657 Executing VM operation: G1Concurrent
Event: 40.657 loading class java/util/regex/Pattern$Pos done
Event: 40.657 Executing VM operation: G1Concurrent done
Event: 40.658 loading class java/util/regex/Pattern$Behind
Event: 40.658 loading class java/util/regex/Pattern$Behind done
Event: 40.658 loading class java/lang/Character$UnicodeBlock
Event: 40.659 loading class java/lang/Character$Subset
Event: 40.659 loading class java/lang/Character$Subset done
Event: 40.659 loading class java/lang/Character$UnicodeBlock done
Event: 40.813 loading class java/lang/invoke/DirectMethodHandle$EnsureInitialized
Event: 40.813 loading class java/lang/invoke/DirectMethodHandle$EnsureInitialized done
Event: 40.846 Executing VM operation: ICBufferFull
Event: 40.846 Executing VM operation: ICBufferFull done
Event: 40.873 Executing VM operation: G1CollectForAllocation
Event: 40.891 Executing VM operation: G1CollectForAllocation done
Event: 40.996 Executing VM operation: G1CollectForAllocation
Event: 41.008 Executing VM operation: G1CollectForAllocation done
Event: 41.091 Executing VM operation: G1Concurrent


Dynamic libraries:
0x00007ff6202a0000 - 0x00007ff6202ad000 	C:\Users\kim\Downloads\newFolder\sts-4.8.1.RELEASE\plugins\org.eclipse.justj.openjdk.hotspot.jre.full.win32.x86_64_15.0.0.v20201014-1246\jre\bin\javaw.exe
0x00007ff98e2c0000 - 0x00007ff98e4ad000 	C:\WINDOWS\SYSTEM32\ntdll.dll
0x00007ff98ca60000 - 0x00007ff98cb13000 	C:\WINDOWS\System32\KERNEL32.DLL
0x00007ff98afd0000 - 0x00007ff98b265000 	C:\WINDOWS\System32\KERNELBASE.dll
0x00007ff98b3b0000 - 0x00007ff98b4aa000 	C:\WINDOWS\System32\ucrtbase.dll
0x00007ff983c10000 - 0x00007ff983c28000 	C:\Users\kim\Downloads\newFolder\sts-4.8.1.RELEASE\plugins\org.eclipse.justj.openjdk.hotspot.jre.full.win32.x86_64_15.0.0.v20201014-1246\jre\bin\jli.dll
0x00007ff98c190000 - 0x00007ff98c327000 	C:\WINDOWS\System32\USER32.dll
0x00007ff98b2f0000 - 0x00007ff98b310000 	C:\WINDOWS\System32\win32u.dll
0x00007ff98b740000 - 0x00007ff98b769000 	C:\WINDOWS\System32\GDI32.dll
0x00007ff98ae30000 - 0x00007ff98afcc000 	C:\WINDOWS\System32\gdi32full.dll
0x00007ff98b310000 - 0x00007ff98b3b0000 	C:\WINDOWS\System32\msvcp_win.dll
0x00007ff9844a0000 - 0x00007ff9844b9000 	C:\Users\kim\Downloads\newFolder\sts-4.8.1.RELEASE\plugins\org.eclipse.justj.openjdk.hotspot.jre.full.win32.x86_64_15.0.0.v20201014-1246\jre\bin\VCRUNTIME140.dll
0x00007ff97c280000 - 0x00007ff97c4f9000 	C:\WINDOWS\WinSxS\amd64_microsoft.windows.common-controls_6595b64144ccf1df_6.0.17763.1637_none_de704308534c3ec5\COMCTL32.dll
0x00007ff98b770000 - 0x00007ff98b80e000 	C:\WINDOWS\System32\msvcrt.dll
0x00007ff98bb40000 - 0x00007ff98be6e000 	C:\WINDOWS\System32\combase.dll
0x00007ff98e160000 - 0x00007ff98e282000 	C:\WINDOWS\System32\RPCRT4.dll
0x00007ff98b270000 - 0x00007ff98b2ef000 	C:\WINDOWS\System32\bcryptPrimitives.dll
0x00007ff98baf0000 - 0x00007ff98bb1e000 	C:\WINDOWS\System32\IMM32.DLL
0x00007ff984d20000 - 0x00007ff984d2c000 	C:\Users\kim\Downloads\newFolder\sts-4.8.1.RELEASE\plugins\org.eclipse.justj.openjdk.hotspot.jre.full.win32.x86_64_15.0.0.v20201014-1246\jre\bin\vcruntime140_1.dll
0x00007ff982f00000 - 0x00007ff982f91000 	C:\Users\kim\Downloads\newFolder\sts-4.8.1.RELEASE\plugins\org.eclipse.justj.openjdk.hotspot.jre.full.win32.x86_64_15.0.0.v20201014-1246\jre\bin\msvcp140.dll
0x00007ff95c010000 - 0x00007ff95cb6c000 	C:\Users\kim\Downloads\newFolder\sts-4.8.1.RELEASE\plugins\org.eclipse.justj.openjdk.hotspot.jre.full.win32.x86_64_15.0.0.v20201014-1246\jre\bin\server\jvm.dll
0x00007ff98b690000 - 0x00007ff98b733000 	C:\WINDOWS\System32\ADVAPI32.dll
0x00007ff98ba50000 - 0x00007ff98baef000 	C:\WINDOWS\System32\sechost.dll
0x00007ff98c180000 - 0x00007ff98c188000 	C:\WINDOWS\System32\PSAPI.DLL
0x00007ff9885a0000 - 0x00007ff9885a9000 	C:\WINDOWS\SYSTEM32\WSOCK32.dll
0x00007ff9884e0000 - 0x00007ff988504000 	C:\WINDOWS\SYSTEM32\WINMM.dll
0x00007ff98c570000 - 0x00007ff98c5dd000 	C:\WINDOWS\System32\WS2_32.dll
0x00007ff984100000 - 0x00007ff98410a000 	C:\WINDOWS\SYSTEM32\VERSION.dll
0x00007ff9884b0000 - 0x00007ff9884dd000 	C:\WINDOWS\SYSTEM32\WINMMBASE.dll
0x00007ff98a660000 - 0x00007ff98a6aa000 	C:\WINDOWS\System32\cfgmgr32.dll
0x00007ff98a2c0000 - 0x00007ff98a2d1000 	C:\WINDOWS\System32\kernel.appcore.dll
0x00007ff988580000 - 0x00007ff98858a000 	C:\Users\kim\Downloads\newFolder\sts-4.8.1.RELEASE\plugins\org.eclipse.justj.openjdk.hotspot.jre.full.win32.x86_64_15.0.0.v20201014-1246\jre\bin\jimage.dll
0x00007ff975df0000 - 0x00007ff975fdd000 	C:\WINDOWS\SYSTEM32\DBGHELP.DLL
0x00007ff975c40000 - 0x00007ff975c6a000 	C:\WINDOWS\SYSTEM32\dbgcore.DLL
0x00007ff983c30000 - 0x00007ff983c55000 	C:\Users\kim\Downloads\newFolder\sts-4.8.1.RELEASE\plugins\org.eclipse.justj.openjdk.hotspot.jre.full.win32.x86_64_15.0.0.v20201014-1246\jre\bin\java.dll
0x00007ff983be0000 - 0x00007ff983bf8000 	C:\Users\kim\Downloads\newFolder\sts-4.8.1.RELEASE\plugins\org.eclipse.justj.openjdk.hotspot.jre.full.win32.x86_64_15.0.0.v20201014-1246\jre\bin\zip.dll
0x00007ff98cc60000 - 0x00007ff98e159000 	C:\WINDOWS\System32\SHELL32.dll
0x00007ff98c330000 - 0x00007ff98c3d8000 	C:\WINDOWS\System32\shcore.dll
0x00007ff98a6d0000 - 0x00007ff98ae23000 	C:\WINDOWS\System32\windows.storage.dll
0x00007ff98a2e0000 - 0x00007ff98a304000 	C:\WINDOWS\System32\profapi.dll
0x00007ff98a310000 - 0x00007ff98a36d000 	C:\WINDOWS\System32\powrprof.dll
0x00007ff98c120000 - 0x00007ff98c172000 	C:\WINDOWS\System32\shlwapi.dll
0x00007ff98a6b0000 - 0x00007ff98a6c7000 	C:\WINDOWS\System32\cryptsp.dll
0x00007ff983b60000 - 0x00007ff983b79000 	C:\Users\kim\Downloads\newFolder\sts-4.8.1.RELEASE\plugins\org.eclipse.justj.openjdk.hotspot.jre.full.win32.x86_64_15.0.0.v20201014-1246\jre\bin\net.dll
0x00007ff984e60000 - 0x00007ff984f54000 	C:\WINDOWS\SYSTEM32\WINHTTP.dll
0x00007ff989b10000 - 0x00007ff989b77000 	C:\WINDOWS\system32\mswsock.dll
0x00007ff983940000 - 0x00007ff983952000 	C:\Users\kim\Downloads\newFolder\sts-4.8.1.RELEASE\plugins\org.eclipse.justj.openjdk.hotspot.jre.full.win32.x86_64_15.0.0.v20201014-1246\jre\bin\nio.dll
0x00007ff984c70000 - 0x00007ff984c79000 	C:\Users\kim\Downloads\newFolder\sts-4.8.1.RELEASE\plugins\org.eclipse.justj.openjdk.hotspot.jre.full.win32.x86_64_15.0.0.v20201014-1246\jre\bin\management.dll
0x00007ff984b20000 - 0x00007ff984b2b000 	C:\Users\kim\Downloads\newFolder\sts-4.8.1.RELEASE\plugins\org.eclipse.justj.openjdk.hotspot.jre.full.win32.x86_64_15.0.0.v20201014-1246\jre\bin\management_ext.dll
0x00007ff974420000 - 0x00007ff974436000 	C:\WINDOWS\system32\napinsp.dll
0x00007ff974490000 - 0x00007ff9744aa000 	C:\WINDOWS\system32\pnrpnsp.dll
0x00007ff989870000 - 0x00007ff989936000 	C:\WINDOWS\SYSTEM32\DNSAPI.dll
0x00007ff98ba40000 - 0x00007ff98ba48000 	C:\WINDOWS\System32\NSI.dll
0x00007ff989830000 - 0x00007ff98986d000 	C:\WINDOWS\SYSTEM32\IPHLPAPI.DLL
0x00007ff974480000 - 0x00007ff97448e000 	C:\WINDOWS\System32\winrnr.dll
0x00007ff986a00000 - 0x00007ff986a1b000 	C:\WINDOWS\system32\NLAapi.dll
0x00007ff9807d0000 - 0x00007ff9807e5000 	C:\WINDOWS\system32\wshbth.dll
0x00007ff97bb80000 - 0x00007ff97bb8a000 	C:\Windows\System32\rasadhlp.dll
0x00007ff981d40000 - 0x00007ff981db9000 	C:\WINDOWS\System32\fwpuclnt.dll
0x00007ff98b4b0000 - 0x00007ff98b4d6000 	C:\WINDOWS\System32\bcrypt.dll
0x00007ff989690000 - 0x00007ff9896c3000 	C:\WINDOWS\system32\rsaenh.dll
0x00007ff98a1d0000 - 0x00007ff98a1f9000 	C:\WINDOWS\SYSTEM32\USERENV.dll
0x00007ff989ce0000 - 0x00007ff989cec000 	C:\WINDOWS\SYSTEM32\CRYPTBASE.dll
0x00007ff983460000 - 0x00007ff983476000 	C:\WINDOWS\SYSTEM32\dhcpcsvc6.DLL
0x00007ff983430000 - 0x00007ff98344c000 	C:\WINDOWS\SYSTEM32\dhcpcsvc.DLL
0x00007ff984f80000 - 0x00007ff984f90000 	C:\Users\kim\Downloads\newFolder\sts-4.8.1.RELEASE\plugins\org.eclipse.justj.openjdk.hotspot.jre.full.win32.x86_64_15.0.0.v20201014-1246\jre\bin\verify.dll
0x00007ff984b40000 - 0x00007ff984b4d000 	C:\Users\kim\Downloads\newFolder\sts-4.8.1.RELEASE\plugins\org.eclipse.justj.openjdk.hotspot.jre.full.win32.x86_64_15.0.0.v20201014-1246\jre\bin\sunmscapi.dll
0x00007ff98a480000 - 0x00007ff98a65c000 	C:\WINDOWS\System32\CRYPT32.dll
0x00007ff98a2a0000 - 0x00007ff98a2b2000 	C:\WINDOWS\System32\MSASN1.dll
0x00007ff989de0000 - 0x00007ff989e06000 	C:\WINDOWS\SYSTEM32\ncrypt.dll
0x00007ff989da0000 - 0x00007ff989ddc000 	C:\WINDOWS\SYSTEM32\NTASN1.dll

dbghelp: loaded successfully - version: 4.0.5 - missing functions: none
symbol engine: initialized successfully - sym options: 0x614 - pdb path: .;C:\Users\kim\Downloads\newFolder\sts-4.8.1.RELEASE\plugins\org.eclipse.justj.openjdk.hotspot.jre.full.win32.x86_64_15.0.0.v20201014-1246\jre\bin;C:\WINDOWS\SYSTEM32;C:\WINDOWS\WinSxS\amd64_microsoft.windows.common-controls_6595b64144ccf1df_6.0.17763.1637_none_de704308534c3ec5;C:\Users\kim\Downloads\newFolder\sts-4.8.1.RELEASE\plugins\org.eclipse.justj.openjdk.hotspot.jre.full.win32.x86_64_15.0.0.v20201014-1246\jre\bin\server

VM Arguments:
jvm_args: -Dcom.sun.management.jmxremote -Dcom.sun.management.jmxremote.port=4871 -Dcom.sun.management.jmxremote.authenticate=false -Dcom.sun.management.jmxremote.ssl=false -Djava.rmi.server.hostname=localhost -Dspring.jmx.enabled=true -Dspring.application.admin.enabled=true -XX:TieredStopAtLevel=1 -Dspring.boot.project.name=codari -Dfile.encoding=UTF-8 -XX:+ShowCodeDetailsInExceptionMessages 
java_command: com.codari.myapp.CodariApplication --spring.output.ansi.enabled=always
java_class_path (initial): C:\Users\kim\Downloads\codari_project\codari\target\classes;C:\Users\kim\.m2\repository\nz\net\ultraq\thymeleaf\thymeleaf-layout-dialect\2.5.1\thymeleaf-layout-dialect-2.5.1.jar;C:\Users\kim\.m2\repository\nz\net\ultraq\extensions\groovy-extensions\0.3.0\groovy-extensions-0.3.0.jar;C:\Users\kim\.m2\repository\nz\net\ultraq\thymeleaf\thymeleaf-expression-processor\1.2.0\thymeleaf-expression-processor-1.2.0.jar;C:\Users\kim\.m2\repository\org\codehaus\groovy\groovy\2.5.14\groovy-2.5.14.jar;C:\Users\kim\.m2\repository\org\thymeleaf\thymeleaf\3.0.11.RELEASE\thymeleaf-3.0.11.RELEASE.jar;C:\Users\kim\.m2\repository\ognl\ognl\3.1.12\ognl-3.1.12.jar;C:\Users\kim\.m2\repository\org\javassist\javassist\3.20.0-GA\javassist-3.20.0-GA.jar;C:\Users\kim\.m2\repository\org\attoparser\attoparser\2.0.5.RELEASE\attoparser-2.0.5.RELEASE.jar;C:\Users\kim\.m2\repository\org\unbescape\unbescape\1.1.6.RELEASE\unbescape-1.1.6.RELEASE.jar;C:\Users\kim\.m2\repository\org\slf4j\slf4j-api\1.7.30\slf4j-api-1.7.30.jar;C:\Users\kim\.m2\repository\org\springframework\boot\spring-boot-starter-thymeleaf\2.4.1\spring-boot-starter-thymeleaf-2.4.1.jar;C:\Users\kim\.m2\repository\org\springframework\boot\spring-boot-starter\2.4.1\spring-boot-starter-2.4.1.jar;C:\Users\kim\.m2\repository\org\springframework\boot\spring-boot-starter-logging\2.4.1\spring-boot-starter-logging-2.4.1.jar;C:\Users\kim\.m2\repository\ch\qos\logback\logback-classic\1.2.3\logback-classic-1.2.3.jar;C:\Users\kim\.m2\repository\ch\qos\logback\logback-core\1.2.3\logback-core-1.2.3.jar;C:\Users\kim\.m2\repository\org\apache\logging\log4j\log4j-to-slf4j\2.13.3\log4j-to-slf4j-2.13.3.jar;C:\Users\kim\.m2\repository\org\apache\logging\log4j\log4j-api\2.13.3\log4j-api-2.13.3.jar;C:\Users\kim\.m2\repository\org\slf4j\jul-to-slf4j\1.7.30\jul-to-slf4j-1.7.30.jar;C:\Users\kim\.m2\repository\jakarta\annotation\jakarta.annotation-api\1.3.5\jakarta.annotation-api-1.3.5.jar;C:\Users\kim\.m2\repository\org\yaml\snakeyaml
Launcher Type: SUN_STANDARD

[Global flags]
     intx CICompilerCount                          = 3                                         {product} {ergonomic}
     uint ConcGCThreads                            = 1                                         {product} {ergonomic}
     uint G1ConcRefinementThreads                  = 4                                         {product} {ergonomic}
   size_t G1HeapRegionSize                         = 1048576                                   {product} {ergonomic}
    uintx GCDrainStackTargetSize                   = 64                                        {product} {ergonomic}
   size_t InitialHeapSize                          = 134217728                                 {product} {ergonomic}
     bool ManagementServer                         = true                                      {product} {command line}
   size_t MarkStackSize                            = 4194304                                   {product} {ergonomic}
   size_t MaxHeapSize                              = 2136997888                                {product} {ergonomic}
   size_t MaxNewSize                               = 1281359872                                {product} {ergonomic}
   size_t MinHeapDeltaBytes                        = 1048576                                   {product} {ergonomic}
   size_t MinHeapSize                              = 8388608                                   {product} {ergonomic}
    uintx NonNMethodCodeHeapSize                   = 6973028                                {pd product} {ergonomic}
    uintx NonProfiledCodeHeapSize                  = 244685212                              {pd product} {ergonomic}
    uintx ProfiledCodeHeapSize                     = 0                                      {pd product} {ergonomic}
    uintx ReservedCodeCacheSize                    = 251658240                              {pd product} {ergonomic}
     bool SegmentedCodeCache                       = true                                      {product} {ergonomic}
     bool ShowCodeDetailsInExceptionMessages       = true                                   {manageable} {command line}
   size_t SoftMaxHeapSize                          = 2136997888                             {manageable} {ergonomic}
     intx TieredStopAtLevel                        = 1                                         {product} {command line}
     bool UseCompressedClassPointers               = true                                 {lp64_product} {ergonomic}
     bool UseCompressedOops                        = true                                 {lp64_product} {ergonomic}
     bool UseG1GC                                  = true                                      {product} {ergonomic}
     bool UseLargePagesIndividualAllocation        = false                                  {pd product} {ergonomic}

Logging:
Log output configuration:
 #0: stdout all=warning uptime,level,tags
 #1: stderr all=off uptime,level,tags

Environment Variables:
JAVA_HOME=C:\Program Files\Java\jdk1.8.0_271
CLASSPATH=C:\Program Files\Java\jdk1.8.0_271\lib\tools.jar
PATH=C:/Users/kim/Downloads/newFolder/sts-4.8.1.RELEASE//plugins/org.eclipse.justj.openjdk.hotspot.jre.full.win32.x86_64_15.0.0.v20201014-1246/jre/bin/server;C:/Users/kim/Downloads/newFolder/sts-4.8.1.RELEASE//plugins/org.eclipse.justj.openjdk.hotspot.jre.full.win32.x86_64_15.0.0.v20201014-1246/jre/bin;C:\Python39\Scripts\;C:\Python39\;C:\Program Files (x86)\Common Files\Oracle\Java\javapath;C:\Program Files\Java\jdk1.8.0_271\bin;C:\ProgramData\chocolatey\bin;C:\Users\kim\AppData\Local\Programs\Python\Python38\Scripts\;C:\Users\kim\AppData\Local\Programs\Python\Python38\;C:\Users\kim\AppData\Local\Microsoft\WindowsApps;C:\Program Files\JetBrains\PyCharm Community Edition 2019.3.1\bin;C:\Users\kim\.dotnet\tools;C:\Program Files\Java\jdk1.6.0_45\bin;C:\Users\kim\AppData\Local\Programs\Microsoft VS Code\bin;C:\Program Files\Java\jdk1.8.0_271\bin;C:\Users\kim\AppData\Local\GitHubDesktop\bin;C:\Users\kim\Downloads\newFolder\sts-4.8.1.RELEASE;
USERNAME=kim
OS=Windows_NT
PROCESSOR_IDENTIFIER=Intel64 Family 6 Model 94 Stepping 3, GenuineIntel



---------------  S Y S T E M  ---------------

OS:
 Windows 10 , 64 bit Build 17763 (10.0.17763.475)
OS uptime: 22 days 7:30 hours

CPU: total 4 (initial active 4) (4 cores per cpu, 1 threads per core) family 6 model 94 stepping 3, cmov, cx8, fxsr, mmx, sse, sse2, sse3, ssse3, sse4.1, sse4.2, popcnt, vzeroupper, avx, avx2, aes, clmul, erms, rtm, 3dnowpref, lzcnt, tsc, tscinvbit, bmi1, bmi2, adx, fma, clflush, clflushopt

Memory: 4k page, system-wide physical 8144M (2244M free)
TotalPageFile size 11071M (AvailPageFile size 12M)
current process WorkingSet (physical memory assigned to process): 342M, peak: 342M
current process commit charge ("private bytes"): 366M, peak: 391M

vm_info: OpenJDK 64-Bit Server VM (15+36-1562) for windows-amd64 JRE (15+36-1562), built on Aug 11 2020 22:33:04 by "mach5one" with unknown MS VC++:1925

END.
