#
# There is insufficient memory for the Java Runtime Environment to continue.
# Native memory allocation (mmap) failed to map 3768320 bytes for G1 virtual space
# Possible reasons:
#   The system is out of physical RAM or swap space
#   The process is running with CompressedOops enabled, and the Java Heap may be blocking the growth of the native heap
# Possible solutions:
#   Reduce memory load on the system
#   Increase physical memory or swap space
#   Check if swap backing store is full
#   Decrease Java heap size (-Xmx/-Xms)
#   Decrease number of Java threads
#   Decrease Java thread stack sizes (-Xss)
#   Set larger code cache with -XX:ReservedCodeCacheSize=
#   JVM is running with Unscaled Compressed Oops mode in which the Java heap is
#     placed in the first 4GB address space. The Java Heap base address is the
#     maximum limit for the native heap growth. Please use -XX:HeapBaseMinAddress
#     to set the Java Heap base and to place the Java Heap above 4GB virtual address.
# This output file may be truncated or incomplete.
#
#  Out of Memory Error (./open/src/hotspot/os/windows/os_windows.cpp:3472), pid=3656, tid=5524
#
# JRE version: OpenJDK Runtime Environment (15.0+36) (build 15+36-1562)
# Java VM: OpenJDK 64-Bit Server VM (15+36-1562, mixed mode, tiered, compressed oops, g1 gc, windows-amd64)
# No core dump will be written. Minidumps are not enabled by default on client versions of Windows
#

---------------  S U M M A R Y ------------

Command Line: -Dcom.sun.management.jmxremote -Dcom.sun.management.jmxremote.port=4704 -Dcom.sun.management.jmxremote.authenticate=false -Dcom.sun.management.jmxremote.ssl=false -Djava.rmi.server.hostname=localhost -Dspring.jmx.enabled=true -Dspring.application.admin.enabled=true -XX:TieredStopAtLevel=1 -Dspring.boot.project.name=codari -Dfile.encoding=UTF-8 -XX:+ShowCodeDetailsInExceptionMessages com.codari.myapp.CodariApplication --spring.output.ansi.enabled=always

Host: Intel(R) Core(TM) i5-6600 CPU @ 3.30GHz, 4 cores, 7G,  Windows 10 , 64 bit Build 17763 (10.0.17763.475)
Time: Thu Jan  7 22:11:33 2021 ¢¥eCN©öI¡¾©ö C¡ÍA¨ª¨öA elapsed time: 21.768697 seconds (0d 0h 0m 21s)

---------------  T H R E A D  ---------------

Current thread (0x000001994784e3f0):  VMThread "VM Thread" [stack: 0x00000043eaf00000,0x00000043eb000000] [id=5524]

Stack: [0x00000043eaf00000,0x00000043eb000000]
[error occurred during error reporting (printing stack bounds), id 0xc0000005, EXCEPTION_ACCESS_VIOLATION (0xc0000005) at pc=0x00000199310810ad]

Native frames: (J=compiled Java code, j=interpreted, Vv=VM code, C=native code)
V  [jvm.dll+0x629eaa]
V  [jvm.dll+0x780379]
V  [jvm.dll+0x781ad3]
V  [jvm.dll+0x782095]
V  [jvm.dll+0x78204b]
V  [jvm.dll+0x629379]
V  [jvm.dll+0x629b48]
C  [ntdll.dll+0xa41bf]
C  [ntdll.dll+0x4bef]
C  [ntdll.dll+0xa2f2e]
C  0x00000199310810ad

VM_Operation (0x00000043ed6f97b0): G1CollectForAllocation, mode: safepoint, requested by thread 0x000001994a71c8e0


---------------  P R O C E S S  ---------------

Threads class SMR info:
_java_thread_list=0x000001994c359050, length=37, elements={
0x000001994788c660, 0x0000019947892d60, 0x00000199480b8840, 0x00000199480b9100,
0x00000199480ba580, 0x00000199480bf9b0, 0x00000199480eb260, 0x0000019948288e20,
0x00000199482d1c30, 0x00000199488ffdc0, 0x0000019948901300, 0x000001994896f9b0,
0x0000019949815370, 0x0000019949823200, 0x000001994982bf00, 0x0000019949840260,
0x000001994a7163d0, 0x000001994a71b0d0, 0x000001994a7193f0, 0x000001994a715f00,
0x000001994a717710, 0x000001994a7168a0, 0x000001994a71b5a0, 0x000001994a71ba70,
0x000001994a7198c0, 0x000001994a716d70, 0x000001994a71a730, 0x000001994a71ac00,
0x000001994a71c8e0, 0x000001994a719d90, 0x000001994a71bf40, 0x000001994a71c410,
0x000001994a715090, 0x000001994a715560, 0x000001994a715a30, 0x000001994a717240,
0x0000019948af3210
}

Java Threads: ( => current thread )
  0x000001994788c660 JavaThread "Reference Handler" daemon [_thread_blocked, id=17564, stack(0x00000043eb000000,0x00000043eb100000)]
  0x0000019947892d60 JavaThread "Finalizer" daemon [_thread_blocked, id=11072, stack(0x00000043eb100000,0x00000043eb200000)]
  0x00000199480b8840 JavaThread "Signal Dispatcher" daemon [_thread_blocked, id=18148, stack(0x00000043eb200000,0x00000043eb300000)]
  0x00000199480b9100 JavaThread "Attach Listener" daemon [_thread_blocked, id=1836, stack(0x00000043eb300000,0x00000043eb400000)]
  0x00000199480ba580 JavaThread "Service Thread" daemon [_thread_blocked, id=2772, stack(0x00000043eb400000,0x00000043eb500000)]
  0x00000199480bf9b0 JavaThread "C1 CompilerThread0" daemon [_thread_blocked, id=16572, stack(0x00000043eb500000,0x00000043eb600000)]
  0x00000199480eb260 JavaThread "Sweeper thread" daemon [_thread_blocked, id=7640, stack(0x00000043eb600000,0x00000043eb700000)]
  0x0000019948288e20 JavaThread "Common-Cleaner" daemon [_thread_blocked, id=2376, stack(0x00000043eb700000,0x00000043eb800000)]
  0x00000199482d1c30 JavaThread "Notification Thread" daemon [_thread_blocked, id=19164, stack(0x00000043eb800000,0x00000043eb900000)]
  0x00000199488ffdc0 JavaThread "RMI TCP Accept-0" daemon [_thread_in_native, id=3532, stack(0x00000043eb900000,0x00000043eba00000)]
  0x0000019948901300 JavaThread "RMI TCP Accept-4704" daemon [_thread_in_native, id=10484, stack(0x00000043eba00000,0x00000043ebb00000)]
  0x000001994896f9b0 JavaThread "RMI TCP Accept-0" daemon [_thread_in_native, id=13212, stack(0x00000043ebb00000,0x00000043ebc00000)]
  0x0000019949815370 JavaThread "RMI TCP Connection(1)-127.0.0.1" daemon [_thread_in_native, id=21516, stack(0x00000043ec300000,0x00000043ec400000)]
  0x0000019949823200 JavaThread "RMI Scheduler(0)" daemon [_thread_blocked, id=9432, stack(0x00000043ec400000,0x00000043ec500000)]
  0x000001994982bf00 JavaThread "RMI TCP Connection(2)-127.0.0.1" daemon [_thread_in_native, id=11320, stack(0x00000043ec500000,0x00000043ec600000)]
  0x0000019949840260 JavaThread "JMX server connection timeout 23" daemon [_thread_blocked, id=15164, stack(0x00000043ec600000,0x00000043ec700000)]
  0x000001994a7163d0 JavaThread "Catalina-utility-1" [_thread_blocked, id=14692, stack(0x00000043ec800000,0x00000043ec900000)]
  0x000001994a71b0d0 JavaThread "Catalina-utility-2" [_thread_blocked, id=15860, stack(0x00000043ec900000,0x00000043eca00000)]
  0x000001994a7193f0 JavaThread "container-0" [_thread_blocked, id=9256, stack(0x00000043eca00000,0x00000043ecb00000)]
  0x000001994a715f00 JavaThread "HikariPool-1 housekeeper" daemon [_thread_blocked, id=11636, stack(0x00000043ecc00000,0x00000043ecd00000)]
  0x000001994a717710 JavaThread "File Watcher" daemon [_thread_blocked, id=9156, stack(0x00000043ece00000,0x00000043ecf00000)]
  0x000001994a7168a0 JavaThread "Live Reload Server" daemon [_thread_in_native, id=7256, stack(0x00000043ed000000,0x00000043ed100000)]
  0x000001994a71b5a0 JavaThread "http-nio-9090-BlockPoller" daemon [_thread_in_native, id=13788, stack(0x00000043ecf00000,0x00000043ed000000)]
  0x000001994a71ba70 JavaThread "http-nio-9090-exec-1" daemon [_thread_blocked, id=5500, stack(0x00000043ed100000,0x00000043ed200000)]
  0x000001994a7198c0 JavaThread "http-nio-9090-exec-2" daemon [_thread_blocked, id=8860, stack(0x00000043ed200000,0x00000043ed300000)]
  0x000001994a716d70 JavaThread "http-nio-9090-exec-3" daemon [_thread_blocked, id=5416, stack(0x00000043ed300000,0x00000043ed400000)]
  0x000001994a71a730 JavaThread "http-nio-9090-exec-4" daemon [_thread_blocked, id=12228, stack(0x00000043ed400000,0x00000043ed500000)]
  0x000001994a71ac00 JavaThread "http-nio-9090-exec-5" daemon [_thread_blocked, id=3412, stack(0x00000043ed500000,0x00000043ed600000)]
  0x000001994a71c8e0 JavaThread "http-nio-9090-exec-6" daemon [_thread_blocked, id=15080, stack(0x00000043ed600000,0x00000043ed700000)]
  0x000001994a719d90 JavaThread "http-nio-9090-exec-7" daemon [_thread_blocked, id=21720, stack(0x00000043ed700000,0x00000043ed800000)]
  0x000001994a71bf40 JavaThread "http-nio-9090-exec-8" daemon [_thread_blocked, id=15640, stack(0x00000043ed800000,0x00000043ed900000)]
  0x000001994a71c410 JavaThread "http-nio-9090-exec-9" daemon [_thread_blocked, id=10780, stack(0x00000043ed900000,0x00000043eda00000)]
  0x000001994a715090 JavaThread "http-nio-9090-exec-10" daemon [_thread_blocked, id=18656, stack(0x00000043eda00000,0x00000043edb00000)]
  0x000001994a715560 JavaThread "http-nio-9090-ClientPoller" daemon [_thread_in_native, id=8092, stack(0x00000043edb00000,0x00000043edc00000)]
  0x000001994a715a30 JavaThread "http-nio-9090-Acceptor" daemon [_thread_in_native, id=6592, stack(0x00000043edc00000,0x00000043edd00000)]
  0x000001994a717240 JavaThread "DestroyJavaVM" [_thread_blocked, id=20332, stack(0x00000043ea900000,0x00000043eaa00000)]
  0x0000019948af3210 JavaThread "Keep-Alive-Timer" daemon [_thread_blocked, id=9332, stack(0x00000043ec100000,0x00000043ec200000)]

Other Threads:
=>0x000001994784e3f0 VMThread "VM Thread" [stack: 0x00000043eaf00000,0x00000043eb000000] [id=5524]
  0x000001992beb3a30 WatcherThread [stack: 0x00000043ebc00000,0x00000043ebd00000] [id=22480]
  0x000001992bef1b70 GCTaskThread "GC Thread#0" [stack: 0x00000043eaa00000,0x00000043eab00000] [id=9344]
  0x00000199489a2f70 GCTaskThread "GC Thread#1" [stack: 0x00000043ebd00000,0x00000043ebe00000] [id=20520]
  0x00000199489a0c60 GCTaskThread "GC Thread#2" [stack: 0x00000043ebe00000,0x00000043ebf00000] [id=19596]
  0x00000199489a25e0 GCTaskThread "GC Thread#3" [stack: 0x00000043ec700000,0x00000043ec800000] [id=12196]
  0x000001992bf03c20 ConcurrentGCThread "G1 Main Marker" [stack: 0x00000043eab00000,0x00000043eac00000] [id=5304]
  0x000001992bf054a0 ConcurrentGCThread "G1 Conc#0" [stack: 0x00000043eac00000,0x00000043ead00000] [id=19356]
  0x00000199476b0090 ConcurrentGCThread "G1 Refine#0" [stack: 0x00000043ead00000,0x00000043eae00000] [id=14612]
  0x00000199489b55f0 ConcurrentGCThread "G1 Refine#1" [stack: 0x00000043ebf00000,0x00000043ec000000] [id=19256]
  0x0000019948a90140 ConcurrentGCThread "G1 Refine#2" [stack: 0x00000043ec000000,0x00000043ec100000] [id=20000]
  0x000001994c0efc50 ConcurrentGCThread "G1 Refine#3" [stack: 0x00000043ec200000,0x00000043ec300000] [id=8104]
  0x00000199476b0c20 ConcurrentGCThread "G1 Young RemSet Sampling" [stack: 0x00000043eae00000,0x00000043eaf00000] [id=19220]

Threads with active compile tasks:

VM state: at safepoint (normal execution)

VM Mutex/Monitor currently owned by a thread:  ([mutex/lock_event])
[0x000001992beae450] Threads_lock - owner thread: 0x000001994784e3f0
[0x000001992beaf5c0] Heap_lock - owner thread: 0x000001994a71c8e0

Heap address: 0x0000000080a00000, size: 2038 MB, Compressed Oops mode: 32-bit
CDS disabled.
Compressed class space mapped at: 0x0000000100000000-0x0000000140000000, size: 1073741824
Narrow klass base: 0x0000000000000000, Narrow klass shift: 3, Narrow klass range: 0x140000000

GC Precious Log:
 CPUs: 4 total, 4 available
 Memory: 8144M
 Large Page Support: Disabled
 NUMA Support: Disabled
 Compressed Oops: Enabled (32-bit)
 Heap Region Size: 1M
 Heap Min Capacity: 8M
 Heap Initial Capacity: 128M
 Heap Max Capacity: 2038M
 Pre-touch: Disabled
 Parallel Workers: 4
 Concurrent Workers: 1
 Concurrent Refinement Workers: 4
 Periodic GC: Disabled

Heap:
 garbage-first heap   total 471040K, used 118121K [0x0000000080a00000, 0x0000000100000000)
  region size 1024K, 7 young (7168K), 7 survivors (7168K)
 Metaspace       used 70250K, capacity 70985K, committed 71244K, reserved 1112064K
  class space    used 8928K, capacity 9210K, committed 9292K, reserved 1048576K

Heap Regions: E=young(eden), S=young(survivor), O=old, HS=humongous(starts), HC=humongous(continues), CS=collection set, F=free, OA=open archive, CA=closed archive, TAMS=top-at-mark-start (previous, next)
|   0|0x0000000080a00000, 0x0000000080b00000, 0x0000000080b00000|100%| O|  |TAMS 0x0000000080b00000, 0x0000000080a00000| Untracked 
|   1|0x0000000080b00000, 0x0000000080c00000, 0x0000000080c00000|100%| O|  |TAMS 0x0000000080c00000, 0x0000000080b00000| Untracked 
|   2|0x0000000080c00000, 0x0000000080d00000, 0x0000000080d00000|100%| O|  |TAMS 0x0000000080d00000, 0x0000000080c00000| Untracked 
|   3|0x0000000080d00000, 0x0000000080e00000, 0x0000000080e00000|100%| O|  |TAMS 0x0000000080e00000, 0x0000000080d00000| Untracked 
|   4|0x0000000080e00000, 0x0000000080f00000, 0x0000000080f00000|100%| O|  |TAMS 0x0000000080f00000, 0x0000000080e00000| Untracked 
|   5|0x0000000080f00000, 0x0000000080ffaa00, 0x0000000081000000| 97%| O|  |TAMS 0x0000000080ffaa00, 0x0000000080f00000| Untracked 
|   6|0x0000000081000000, 0x0000000081100000, 0x0000000081100000|100%| O|  |TAMS 0x0000000081100000, 0x0000000081000000| Untracked 
|   7|0x0000000081100000, 0x0000000081200000, 0x0000000081200000|100%| O|  |TAMS 0x0000000081200000, 0x0000000081100000| Untracked 
|   8|0x0000000081200000, 0x0000000081300000, 0x0000000081300000|100%| O|  |TAMS 0x0000000081300000, 0x0000000081200000| Untracked 
|   9|0x0000000081300000, 0x0000000081400000, 0x0000000081400000|100%| O|  |TAMS 0x0000000081400000, 0x0000000081300000| Untracked 
|  10|0x0000000081400000, 0x0000000081500000, 0x0000000081500000|100%| O|  |TAMS 0x0000000081500000, 0x0000000081400000| Untracked 
|  11|0x0000000081500000, 0x0000000081600000, 0x0000000081600000|100%|HS|  |TAMS 0x0000000081500000, 0x0000000081500000| Complete 
|  12|0x0000000081600000, 0x0000000081700000, 0x0000000081700000|100%| O|  |TAMS 0x0000000081700000, 0x0000000081600000| Untracked 
|  13|0x0000000081700000, 0x0000000081800000, 0x0000000081800000|100%| O|  |TAMS 0x0000000081800000, 0x0000000081700000| Untracked 
|  14|0x0000000081800000, 0x0000000081900000, 0x0000000081900000|100%| O|  |TAMS 0x0000000081900000, 0x0000000081800000| Untracked 
|  15|0x0000000081900000, 0x0000000081a00000, 0x0000000081a00000|100%| O|  |TAMS 0x0000000081a00000, 0x0000000081900000| Untracked 
|  16|0x0000000081a00000, 0x0000000081b00000, 0x0000000081b00000|100%| O|  |TAMS 0x0000000081b00000, 0x0000000081a00000| Untracked 
|  17|0x0000000081b00000, 0x0000000081c00000, 0x0000000081c00000|100%| O|  |TAMS 0x0000000081c00000, 0x0000000081b00000| Untracked 
|  18|0x0000000081c00000, 0x0000000081d00000, 0x0000000081d00000|100%| O|  |TAMS 0x0000000081d00000, 0x0000000081c00000| Untracked 
|  19|0x0000000081d00000, 0x0000000081e00000, 0x0000000081e00000|100%| O|  |TAMS 0x0000000081e00000, 0x0000000081d00000| Untracked 
|  20|0x0000000081e00000, 0x0000000081f00000, 0x0000000081f00000|100%| O|  |TAMS 0x0000000081f00000, 0x0000000081e00000| Untracked 
|  21|0x0000000081f00000, 0x0000000082000000, 0x0000000082000000|100%| O|  |TAMS 0x0000000082000000, 0x0000000081f00000| Untracked 
|  22|0x0000000082000000, 0x0000000082100000, 0x0000000082100000|100%| O|  |TAMS 0x0000000082100000, 0x0000000082000000| Untracked 
|  23|0x0000000082100000, 0x0000000082200000, 0x0000000082200000|100%| O|  |TAMS 0x0000000082200000, 0x0000000082100000| Untracked 
|  24|0x0000000082200000, 0x0000000082300000, 0x0000000082300000|100%| O|  |TAMS 0x0000000082300000, 0x0000000082200000| Untracked 
|  25|0x0000000082300000, 0x0000000082400000, 0x0000000082400000|100%| O|  |TAMS 0x0000000082400000, 0x0000000082300000| Untracked 
|  26|0x0000000082400000, 0x0000000082500000, 0x0000000082500000|100%| O|  |TAMS 0x0000000082500000, 0x0000000082400000| Untracked 
|  27|0x0000000082500000, 0x0000000082600000, 0x0000000082600000|100%| O|  |TAMS 0x0000000082600000, 0x0000000082500000| Untracked 
|  28|0x0000000082600000, 0x0000000082700000, 0x0000000082700000|100%| O|  |TAMS 0x0000000082700000, 0x0000000082600000| Untracked 
|  29|0x0000000082700000, 0x0000000082800000, 0x0000000082800000|100%| O|  |TAMS 0x0000000082800000, 0x0000000082700000| Untracked 
|  30|0x0000000082800000, 0x0000000082900000, 0x0000000082900000|100%| O|  |TAMS 0x0000000082900000, 0x0000000082800000| Untracked 
|  31|0x0000000082900000, 0x0000000082a00000, 0x0000000082a00000|100%| O|  |TAMS 0x0000000082a00000, 0x0000000082900000| Untracked 
|  32|0x0000000082a00000, 0x0000000082b00000, 0x0000000082b00000|100%| O|  |TAMS 0x0000000082b00000, 0x0000000082a00000| Untracked 
|  33|0x0000000082b00000, 0x0000000082c00000, 0x0000000082c00000|100%| O|  |TAMS 0x0000000082c00000, 0x0000000082b00000| Untracked 
|  34|0x0000000082c00000, 0x0000000082d00000, 0x0000000082d00000|100%| O|  |TAMS 0x0000000082d00000, 0x0000000082c00000| Untracked 
|  35|0x0000000082d00000, 0x0000000082e00000, 0x0000000082e00000|100%|HS|  |TAMS 0x0000000082e00000, 0x0000000082d00000| Complete 
|  36|0x0000000082e00000, 0x0000000082f00000, 0x0000000082f00000|100%|HC|  |TAMS 0x0000000082f00000, 0x0000000082e00000| Complete 
|  37|0x0000000082f00000, 0x0000000083000000, 0x0000000083000000|100%| O|  |TAMS 0x0000000083000000, 0x0000000082f00000| Untracked 
|  38|0x0000000083000000, 0x0000000083100000, 0x0000000083100000|100%| O|  |TAMS 0x0000000083100000, 0x0000000083000000| Untracked 
|  39|0x0000000083100000, 0x0000000083200000, 0x0000000083200000|100%| O|  |TAMS 0x0000000083200000, 0x0000000083100000| Untracked 
|  40|0x0000000083200000, 0x0000000083300000, 0x0000000083300000|100%| O|  |TAMS 0x0000000083300000, 0x0000000083200000| Untracked 
|  41|0x0000000083300000, 0x0000000083400000, 0x0000000083400000|100%|HS|  |TAMS 0x0000000083400000, 0x0000000083300000| Complete 
|  42|0x0000000083400000, 0x0000000083500000, 0x0000000083500000|100%|HC|  |TAMS 0x0000000083500000, 0x0000000083400000| Complete 
|  43|0x0000000083500000, 0x0000000083600000, 0x0000000083600000|100%| O|  |TAMS 0x0000000083600000, 0x0000000083500000| Untracked 
|  44|0x0000000083600000, 0x0000000083700000, 0x0000000083700000|100%| O|  |TAMS 0x0000000083700000, 0x0000000083600000| Untracked 
|  45|0x0000000083700000, 0x0000000083800000, 0x0000000083800000|100%| O|  |TAMS 0x0000000083800000, 0x0000000083700000| Untracked 
|  46|0x0000000083800000, 0x0000000083900000, 0x0000000083900000|100%| O|  |TAMS 0x0000000083900000, 0x0000000083800000| Untracked 
|  47|0x0000000083900000, 0x0000000083a00000, 0x0000000083a00000|100%|HS|  |TAMS 0x0000000083900000, 0x0000000083900000| Complete 
|  48|0x0000000083a00000, 0x0000000083b00000, 0x0000000083b00000|100%|HC|  |TAMS 0x0000000083a00000, 0x0000000083a00000| Complete 
|  49|0x0000000083b00000, 0x0000000083c00000, 0x0000000083c00000|100%| O|  |TAMS 0x0000000083b00000, 0x0000000083b00000| Untracked 
|  50|0x0000000083c00000, 0x0000000083d00000, 0x0000000083d00000|100%|HS|  |TAMS 0x0000000083d00000, 0x0000000083c00000| Complete 
|  51|0x0000000083d00000, 0x0000000083e00000, 0x0000000083e00000|100%|HS|  |TAMS 0x0000000083e00000, 0x0000000083d00000| Complete 
|  52|0x0000000083e00000, 0x0000000083f00000, 0x0000000083f00000|100%| O|  |TAMS 0x0000000083e00000, 0x0000000083e00000| Untracked 
|  53|0x0000000083f00000, 0x0000000084000000, 0x0000000084000000|100%| O|  |TAMS 0x0000000084000000, 0x0000000083f00000| Untracked 
|  54|0x0000000084000000, 0x0000000084100000, 0x0000000084100000|100%| O|  |TAMS 0x0000000084100000, 0x0000000084000000| Untracked 
|  55|0x0000000084100000, 0x0000000084200000, 0x0000000084200000|100%| O|  |TAMS 0x0000000084200000, 0x0000000084100000| Untracked 
|  56|0x0000000084200000, 0x0000000084300000, 0x0000000084300000|100%| O|  |TAMS 0x0000000084300000, 0x0000000084200000| Untracked 
|  57|0x0000000084300000, 0x0000000084400000, 0x0000000084400000|100%| O|  |TAMS 0x0000000084400000, 0x0000000084300000| Untracked 
|  58|0x0000000084400000, 0x0000000084500000, 0x0000000084500000|100%| O|  |TAMS 0x0000000084500000, 0x0000000084400000| Untracked 
|  59|0x0000000084500000, 0x0000000084600000, 0x0000000084600000|100%| O|  |TAMS 0x0000000084600000, 0x0000000084500000| Untracked 
|  60|0x0000000084600000, 0x0000000084700000, 0x0000000084700000|100%|HS|  |TAMS 0x0000000084700000, 0x0000000084600000| Complete 
|  61|0x0000000084700000, 0x0000000084800000, 0x0000000084800000|100%|HS|  |TAMS 0x0000000084800000, 0x0000000084700000| Complete 
|  62|0x0000000084800000, 0x0000000084900000, 0x0000000084900000|100%| O|  |TAMS 0x0000000084900000, 0x0000000084800000| Untracked 
|  63|0x0000000084900000, 0x0000000084a00000, 0x0000000084a00000|100%| O|  |TAMS 0x0000000084a00000, 0x0000000084900000| Untracked 
|  64|0x0000000084a00000, 0x0000000084b00000, 0x0000000084b00000|100%| O|  |TAMS 0x0000000084b00000, 0x0000000084a00000| Untracked 
|  65|0x0000000084b00000, 0x0000000084c00000, 0x0000000084c00000|100%| O|  |TAMS 0x0000000084b79c00, 0x0000000084b00000| Untracked 
|  66|0x0000000084c00000, 0x0000000084d00000, 0x0000000084d00000|100%| O|  |TAMS 0x0000000084c00000, 0x0000000084c00000| Untracked 
|  67|0x0000000084d00000, 0x0000000084e00000, 0x0000000084e00000|100%| O|  |TAMS 0x0000000084d00000, 0x0000000084d00000| Untracked 
|  68|0x0000000084e00000, 0x0000000084f00000, 0x0000000084f00000|100%| O|  |TAMS 0x0000000084e00000, 0x0000000084e00000| Untracked 
|  69|0x0000000084f00000, 0x0000000085000000, 0x0000000085000000|100%| O|  |TAMS 0x0000000084f00000, 0x0000000084f00000| Untracked 
|  70|0x0000000085000000, 0x0000000085100000, 0x0000000085100000|100%| O|  |TAMS 0x0000000085000000, 0x0000000085000000| Untracked 
|  71|0x0000000085100000, 0x0000000085200000, 0x0000000085200000|100%|HS|  |TAMS 0x0000000085100000, 0x0000000085100000| Complete 
|  72|0x0000000085200000, 0x0000000085300000, 0x0000000085300000|100%|HC|  |TAMS 0x0000000085200000, 0x0000000085200000| Complete 
|  73|0x0000000085300000, 0x0000000085400000, 0x0000000085400000|100%|HS|  |TAMS 0x0000000085300000, 0x0000000085300000| Complete 
|  74|0x0000000085400000, 0x0000000085500000, 0x0000000085500000|100%|HC|  |TAMS 0x0000000085400000, 0x0000000085400000| Complete 
|  75|0x0000000085500000, 0x0000000085600000, 0x0000000085600000|100%|HS|  |TAMS 0x0000000085500000, 0x0000000085500000| Complete 
|  76|0x0000000085600000, 0x0000000085700000, 0x0000000085700000|100%|HS|  |TAMS 0x0000000085600000, 0x0000000085600000| Complete 
|  77|0x0000000085700000, 0x0000000085800000, 0x0000000085800000|100%|HS|  |TAMS 0x0000000085700000, 0x0000000085700000| Complete 
|  78|0x0000000085800000, 0x0000000085900000, 0x0000000085900000|100%|HC|  |TAMS 0x0000000085800000, 0x0000000085800000| Complete 
|  79|0x0000000085900000, 0x0000000085a00000, 0x0000000085a00000|100%| O|  |TAMS 0x0000000085900000, 0x0000000085900000| Untracked 
|  80|0x0000000085a00000, 0x0000000085b00000, 0x0000000085b00000|100%| O|  |TAMS 0x0000000085a00000, 0x0000000085a00000| Untracked 
|  81|0x0000000085b00000, 0x0000000085c00000, 0x0000000085c00000|100%| O|  |TAMS 0x0000000085b00000, 0x0000000085b00000| Untracked 
|  82|0x0000000085c00000, 0x0000000085d00000, 0x0000000085d00000|100%| O|  |TAMS 0x0000000085c00000, 0x0000000085c00000| Untracked 
|  83|0x0000000085d00000, 0x0000000085e00000, 0x0000000085e00000|100%| O|  |TAMS 0x0000000085d00000, 0x0000000085d00000| Untracked 
|  84|0x0000000085e00000, 0x0000000085f00000, 0x0000000085f00000|100%| O|  |TAMS 0x0000000085e00000, 0x0000000085e00000| Untracked 
|  85|0x0000000085f00000, 0x0000000086000000, 0x0000000086000000|100%| O|  |TAMS 0x0000000085f00000, 0x0000000085f00000| Untracked 
|  86|0x0000000086000000, 0x0000000086100000, 0x0000000086100000|100%| O|  |TAMS 0x0000000086000000, 0x0000000086000000| Untracked 
|  87|0x0000000086100000, 0x0000000086200000, 0x0000000086200000|100%| O|  |TAMS 0x0000000086100000, 0x0000000086100000| Untracked 
|  88|0x0000000086200000, 0x0000000086300000, 0x0000000086300000|100%| O|  |TAMS 0x0000000086200000, 0x0000000086200000| Untracked 
|  89|0x0000000086300000, 0x0000000086400000, 0x0000000086400000|100%| O|  |TAMS 0x0000000086300000, 0x0000000086300000| Untracked 
|  90|0x0000000086400000, 0x0000000086500000, 0x0000000086500000|100%| O|  |TAMS 0x0000000086400000, 0x0000000086400000| Untracked 
|  91|0x0000000086500000, 0x0000000086600000, 0x0000000086600000|100%| O|  |TAMS 0x0000000086500000, 0x0000000086500000| Untracked 
|  92|0x0000000086600000, 0x0000000086700000, 0x0000000086700000|100%| O|  |TAMS 0x0000000086600000, 0x0000000086600000| Untracked 
|  93|0x0000000086700000, 0x0000000086800000, 0x0000000086800000|100%| O|  |TAMS 0x0000000086700000, 0x0000000086700000| Untracked 
|  94|0x0000000086800000, 0x0000000086900000, 0x0000000086900000|100%| O|  |TAMS 0x0000000086800000, 0x0000000086800000| Untracked 
|  95|0x0000000086900000, 0x0000000086a00000, 0x0000000086a00000|100%| O|  |TAMS 0x0000000086900000, 0x0000000086900000| Untracked 
|  96|0x0000000086a00000, 0x0000000086b00000, 0x0000000086b00000|100%| O|  |TAMS 0x0000000086a00000, 0x0000000086a00000| Untracked 
|  97|0x0000000086b00000, 0x0000000086c00000, 0x0000000086c00000|100%| O|  |TAMS 0x0000000086b00000, 0x0000000086b00000| Untracked 
|  98|0x0000000086c00000, 0x0000000086d00000, 0x0000000086d00000|100%| O|  |TAMS 0x0000000086c00000, 0x0000000086c00000| Untracked 
|  99|0x0000000086d00000, 0x0000000086e00000, 0x0000000086e00000|100%| O|  |TAMS 0x0000000086d00000, 0x0000000086d00000| Untracked 
| 100|0x0000000086e00000, 0x0000000086f00000, 0x0000000086f00000|100%| O|  |TAMS 0x0000000086e00000, 0x0000000086e00000| Untracked 
| 101|0x0000000086f00000, 0x0000000087000000, 0x0000000087000000|100%| O|  |TAMS 0x0000000086f00000, 0x0000000086f00000| Untracked 
| 102|0x0000000087000000, 0x0000000087100000, 0x0000000087100000|100%| O|  |TAMS 0x0000000087000000, 0x0000000087000000| Untracked 
| 103|0x0000000087100000, 0x0000000087200000, 0x0000000087200000|100%| O|  |TAMS 0x0000000087100000, 0x0000000087100000| Untracked 
| 104|0x0000000087200000, 0x0000000087300000, 0x0000000087300000|100%| O|  |TAMS 0x0000000087200000, 0x0000000087200000| Untracked 
| 105|0x0000000087300000, 0x0000000087400000, 0x0000000087400000|100%| O|  |TAMS 0x0000000087300000, 0x0000000087300000| Untracked 
| 106|0x0000000087400000, 0x0000000087500000, 0x0000000087500000|100%| O|  |TAMS 0x0000000087400000, 0x0000000087400000| Untracked 
| 107|0x0000000087500000, 0x0000000087600000, 0x0000000087600000|100%| O|  |TAMS 0x0000000087500000, 0x0000000087500000| Untracked 
| 108|0x0000000087600000, 0x00000000876abc00, 0x0000000087700000| 67%| O|  |TAMS 0x0000000087600000, 0x0000000087600000| Untracked 
| 109|0x0000000087700000, 0x0000000087700000, 0x0000000087800000|  0%| F|  |TAMS 0x0000000087700000, 0x0000000087700000| Untracked 
| 110|0x0000000087800000, 0x0000000087800000, 0x0000000087900000|  0%| F|  |TAMS 0x0000000087800000, 0x0000000087800000| Untracked 
| 111|0x0000000087900000, 0x0000000087900000, 0x0000000087a00000|  0%| F|  |TAMS 0x0000000087900000, 0x0000000087900000| Untracked 
| 112|0x0000000087a00000, 0x0000000087a00000, 0x0000000087b00000|  0%| F|  |TAMS 0x0000000087a00000, 0x0000000087a00000| Untracked 
| 113|0x0000000087b00000, 0x0000000087b00000, 0x0000000087c00000|  0%| F|  |TAMS 0x0000000087b00000, 0x0000000087b00000| Untracked 
| 114|0x0000000087c00000, 0x0000000087c00000, 0x0000000087d00000|  0%| F|  |TAMS 0x0000000087c00000, 0x0000000087c00000| Untracked 
| 115|0x0000000087d00000, 0x0000000087d00000, 0x0000000087e00000|  0%| F|  |TAMS 0x0000000087d00000, 0x0000000087d00000| Untracked 
| 116|0x0000000087e00000, 0x0000000087e00000, 0x0000000087f00000|  0%| F|  |TAMS 0x0000000087e00000, 0x0000000087e00000| Untracked 
| 117|0x0000000087f00000, 0x0000000087f00000, 0x0000000088000000|  0%| F|  |TAMS 0x0000000087f00000, 0x0000000087f00000| Untracked 
| 118|0x0000000088000000, 0x0000000088000000, 0x0000000088100000|  0%| F|  |TAMS 0x0000000088000000, 0x0000000088000000| Untracked 
| 119|0x0000000088100000, 0x0000000088100000, 0x0000000088200000|  0%| F|  |TAMS 0x0000000088100000, 0x0000000088100000| Untracked 
| 120|0x0000000088200000, 0x0000000088200000, 0x0000000088300000|  0%| F|  |TAMS 0x0000000088200000, 0x0000000088200000| Untracked 
| 121|0x0000000088300000, 0x0000000088300000, 0x0000000088400000|  0%| F|  |TAMS 0x0000000088300000, 0x0000000088300000| Untracked 
| 122|0x0000000088400000, 0x0000000088400000, 0x0000000088500000|  0%| F|  |TAMS 0x0000000088400000, 0x0000000088400000| Untracked 
| 123|0x0000000088500000, 0x0000000088500000, 0x0000000088600000|  0%| F|  |TAMS 0x0000000088500000, 0x0000000088500000| Untracked 
| 124|0x0000000088600000, 0x0000000088600000, 0x0000000088700000|  0%| F|  |TAMS 0x0000000088600000, 0x0000000088600000| Untracked 
| 125|0x0000000088700000, 0x0000000088700000, 0x0000000088800000|  0%| F|  |TAMS 0x0000000088700000, 0x0000000088700000| Untracked 
| 126|0x0000000088800000, 0x0000000088800000, 0x0000000088900000|  0%| F|  |TAMS 0x0000000088800000, 0x0000000088800000| Untracked 
| 127|0x0000000088900000, 0x0000000088900000, 0x0000000088a00000|  0%| F|  |TAMS 0x0000000088900000, 0x0000000088900000| Untracked 
| 128|0x0000000088a00000, 0x0000000088a00000, 0x0000000088b00000|  0%| F|  |TAMS 0x0000000088a00000, 0x0000000088a00000| Untracked 
| 129|0x0000000088b00000, 0x0000000088b00000, 0x0000000088c00000|  0%| F|  |TAMS 0x0000000088b00000, 0x0000000088b00000| Untracked 
| 130|0x0000000088c00000, 0x0000000088c00000, 0x0000000088d00000|  0%| F|  |TAMS 0x0000000088c00000, 0x0000000088c00000| Untracked 
| 131|0x0000000088d00000, 0x0000000088d00000, 0x0000000088e00000|  0%| F|  |TAMS 0x0000000088d00000, 0x0000000088d00000| Untracked 
| 132|0x0000000088e00000, 0x0000000088e00000, 0x0000000088f00000|  0%| F|  |TAMS 0x0000000088e00000, 0x0000000088e00000| Untracked 
| 133|0x0000000088f00000, 0x0000000088f00000, 0x0000000089000000|  0%| F|  |TAMS 0x0000000088f00000, 0x0000000088f00000| Untracked 
| 134|0x0000000089000000, 0x0000000089000000, 0x0000000089100000|  0%| F|  |TAMS 0x0000000089000000, 0x0000000089000000| Untracked 
| 135|0x0000000089100000, 0x0000000089100000, 0x0000000089200000|  0%| F|  |TAMS 0x0000000089100000, 0x0000000089100000| Untracked 
| 136|0x0000000089200000, 0x0000000089200000, 0x0000000089300000|  0%| F|  |TAMS 0x0000000089200000, 0x0000000089200000| Untracked 
| 137|0x0000000089300000, 0x0000000089300000, 0x0000000089400000|  0%| F|  |TAMS 0x0000000089300000, 0x0000000089300000| Untracked 
| 138|0x0000000089400000, 0x0000000089400000, 0x0000000089500000|  0%| F|  |TAMS 0x0000000089400000, 0x0000000089400000| Untracked 
| 139|0x0000000089500000, 0x0000000089500000, 0x0000000089600000|  0%| F|  |TAMS 0x0000000089500000, 0x0000000089500000| Untracked 
| 140|0x0000000089600000, 0x0000000089600000, 0x0000000089700000|  0%| F|  |TAMS 0x0000000089600000, 0x0000000089600000| Untracked 
| 141|0x0000000089700000, 0x0000000089700000, 0x0000000089800000|  0%| F|  |TAMS 0x0000000089700000, 0x0000000089700000| Untracked 
| 142|0x0000000089800000, 0x0000000089800000, 0x0000000089900000|  0%| F|  |TAMS 0x0000000089800000, 0x0000000089800000| Untracked 
| 143|0x0000000089900000, 0x0000000089900000, 0x0000000089a00000|  0%| F|  |TAMS 0x0000000089900000, 0x0000000089900000| Untracked 
| 144|0x0000000089a00000, 0x0000000089a00000, 0x0000000089b00000|  0%| F|  |TAMS 0x0000000089a00000, 0x0000000089a00000| Untracked 
| 145|0x0000000089b00000, 0x0000000089b00000, 0x0000000089c00000|  0%| F|  |TAMS 0x0000000089b00000, 0x0000000089b00000| Untracked 
| 146|0x0000000089c00000, 0x0000000089c00000, 0x0000000089d00000|  0%| F|  |TAMS 0x0000000089c00000, 0x0000000089c00000| Untracked 
| 147|0x0000000089d00000, 0x0000000089d00000, 0x0000000089e00000|  0%| F|  |TAMS 0x0000000089d00000, 0x0000000089d00000| Untracked 
| 148|0x0000000089e00000, 0x0000000089e00000, 0x0000000089f00000|  0%| F|  |TAMS 0x0000000089e00000, 0x0000000089e00000| Untracked 
| 149|0x0000000089f00000, 0x0000000089f00000, 0x000000008a000000|  0%| F|  |TAMS 0x0000000089f00000, 0x0000000089f00000| Untracked 
| 150|0x000000008a000000, 0x000000008a000000, 0x000000008a100000|  0%| F|  |TAMS 0x000000008a000000, 0x000000008a000000| Untracked 
| 151|0x000000008a100000, 0x000000008a100000, 0x000000008a200000|  0%| F|  |TAMS 0x000000008a100000, 0x000000008a100000| Untracked 
| 152|0x000000008a200000, 0x000000008a200000, 0x000000008a300000|  0%| F|  |TAMS 0x000000008a200000, 0x000000008a200000| Untracked 
| 153|0x000000008a300000, 0x000000008a300000, 0x000000008a400000|  0%| F|  |TAMS 0x000000008a300000, 0x000000008a300000| Untracked 
| 154|0x000000008a400000, 0x000000008a400000, 0x000000008a500000|  0%| F|  |TAMS 0x000000008a400000, 0x000000008a400000| Untracked 
| 155|0x000000008a500000, 0x000000008a500000, 0x000000008a600000|  0%| F|  |TAMS 0x000000008a500000, 0x000000008a500000| Untracked 
| 156|0x000000008a600000, 0x000000008a600000, 0x000000008a700000|  0%| F|  |TAMS 0x000000008a600000, 0x000000008a600000| Untracked 
| 157|0x000000008a700000, 0x000000008a700000, 0x000000008a800000|  0%| F|  |TAMS 0x000000008a700000, 0x000000008a700000| Untracked 
| 158|0x000000008a800000, 0x000000008a800000, 0x000000008a900000|  0%| F|  |TAMS 0x000000008a800000, 0x000000008a800000| Untracked 
| 159|0x000000008a900000, 0x000000008a9b4130, 0x000000008aa00000| 70%| S|CS|TAMS 0x000000008a900000, 0x000000008a900000| Complete 
| 160|0x000000008aa00000, 0x000000008ab00000, 0x000000008ab00000|100%| S|CS|TAMS 0x000000008aa00000, 0x000000008aa00000| Complete 
| 161|0x000000008ab00000, 0x000000008ac00000, 0x000000008ac00000|100%| S|CS|TAMS 0x000000008ab00000, 0x000000008ab00000| Complete 
| 162|0x000000008ac00000, 0x000000008ad00000, 0x000000008ad00000|100%| S|CS|TAMS 0x000000008ac00000, 0x000000008ac00000| Complete 
| 163|0x000000008ad00000, 0x000000008ae00000, 0x000000008ae00000|100%| S|CS|TAMS 0x000000008ad00000, 0x000000008ad00000| Complete 
| 164|0x000000008ae00000, 0x000000008af00000, 0x000000008af00000|100%| S|CS|TAMS 0x000000008ae00000, 0x000000008ae00000| Complete 
| 165|0x000000008af00000, 0x000000008b000000, 0x000000008b000000|100%| S|CS|TAMS 0x000000008af00000, 0x000000008af00000| Complete 
| 166|0x000000008b000000, 0x000000008b000000, 0x000000008b100000|  0%| F|  |TAMS 0x000000008b000000, 0x000000008b000000| Untracked 
| 167|0x000000008b100000, 0x000000008b100000, 0x000000008b200000|  0%| F|  |TAMS 0x000000008b100000, 0x000000008b100000| Untracked 
| 168|0x000000008b200000, 0x000000008b200000, 0x000000008b300000|  0%| F|  |TAMS 0x000000008b200000, 0x000000008b200000| Untracked 
| 169|0x000000008b300000, 0x000000008b300000, 0x000000008b400000|  0%| F|  |TAMS 0x000000008b300000, 0x000000008b300000| Untracked 
| 170|0x000000008b400000, 0x000000008b400000, 0x000000008b500000|  0%| F|  |TAMS 0x000000008b400000, 0x000000008b400000| Untracked 
| 171|0x000000008b500000, 0x000000008b500000, 0x000000008b600000|  0%| F|  |TAMS 0x000000008b500000, 0x000000008b500000| Untracked 
| 172|0x000000008b600000, 0x000000008b600000, 0x000000008b700000|  0%| F|  |TAMS 0x000000008b600000, 0x000000008b600000| Untracked 
| 173|0x000000008b700000, 0x000000008b700000, 0x000000008b800000|  0%| F|  |TAMS 0x000000008b700000, 0x000000008b700000| Untracked 
| 174|0x000000008b800000, 0x000000008b800000, 0x000000008b900000|  0%| F|  |TAMS 0x000000008b800000, 0x000000008b800000| Untracked 
| 175|0x000000008b900000, 0x000000008b900000, 0x000000008ba00000|  0%| F|  |TAMS 0x000000008b900000, 0x000000008b900000| Untracked 
| 176|0x000000008ba00000, 0x000000008ba00000, 0x000000008bb00000|  0%| F|  |TAMS 0x000000008ba00000, 0x000000008ba00000| Untracked 
| 177|0x000000008bb00000, 0x000000008bb00000, 0x000000008bc00000|  0%| F|  |TAMS 0x000000008bb00000, 0x000000008bb00000| Untracked 
| 178|0x000000008bc00000, 0x000000008bc00000, 0x000000008bd00000|  0%| F|  |TAMS 0x000000008bc00000, 0x000000008bc00000| Untracked 
| 179|0x000000008bd00000, 0x000000008bd00000, 0x000000008be00000|  0%| F|  |TAMS 0x000000008bd00000, 0x000000008bd00000| Untracked 
| 180|0x000000008be00000, 0x000000008be00000, 0x000000008bf00000|  0%| F|  |TAMS 0x000000008be00000, 0x000000008be00000| Untracked 
| 181|0x000000008bf00000, 0x000000008bf00000, 0x000000008c000000|  0%| F|  |TAMS 0x000000008bf00000, 0x000000008bf00000| Untracked 
| 182|0x000000008c000000, 0x000000008c000000, 0x000000008c100000|  0%| F|  |TAMS 0x000000008c000000, 0x000000008c000000| Untracked 
| 183|0x000000008c100000, 0x000000008c100000, 0x000000008c200000|  0%| F|  |TAMS 0x000000008c100000, 0x000000008c100000| Untracked 
| 184|0x000000008c200000, 0x000000008c200000, 0x000000008c300000|  0%| F|  |TAMS 0x000000008c200000, 0x000000008c200000| Untracked 
| 185|0x000000008c300000, 0x000000008c300000, 0x000000008c400000|  0%| F|  |TAMS 0x000000008c300000, 0x000000008c300000| Untracked 
| 186|0x000000008c400000, 0x000000008c400000, 0x000000008c500000|  0%| F|  |TAMS 0x000000008c400000, 0x000000008c400000| Untracked 
| 187|0x000000008c500000, 0x000000008c500000, 0x000000008c600000|  0%| F|  |TAMS 0x000000008c500000, 0x000000008c500000| Untracked 
| 188|0x000000008c600000, 0x000000008c600000, 0x000000008c700000|  0%| F|  |TAMS 0x000000008c600000, 0x000000008c600000| Untracked 
| 189|0x000000008c700000, 0x000000008c700000, 0x000000008c800000|  0%| F|  |TAMS 0x000000008c700000, 0x000000008c700000| Untracked 
| 190|0x000000008c800000, 0x000000008c800000, 0x000000008c900000|  0%| F|  |TAMS 0x000000008c800000, 0x000000008c800000| Untracked 
| 191|0x000000008c900000, 0x000000008c900000, 0x000000008ca00000|  0%| F|  |TAMS 0x000000008c900000, 0x000000008c900000| Untracked 
| 192|0x000000008ca00000, 0x000000008ca00000, 0x000000008cb00000|  0%| F|  |TAMS 0x000000008ca00000, 0x000000008ca00000| Untracked 
| 193|0x000000008cb00000, 0x000000008cb00000, 0x000000008cc00000|  0%| F|  |TAMS 0x000000008cb00000, 0x000000008cb00000| Untracked 
| 194|0x000000008cc00000, 0x000000008cc00000, 0x000000008cd00000|  0%| F|  |TAMS 0x000000008cc00000, 0x000000008cc00000| Untracked 
| 195|0x000000008cd00000, 0x000000008cd00000, 0x000000008ce00000|  0%| F|  |TAMS 0x000000008cd00000, 0x000000008cd00000| Untracked 
| 196|0x000000008ce00000, 0x000000008ce00000, 0x000000008cf00000|  0%| F|  |TAMS 0x000000008ce00000, 0x000000008ce00000| Untracked 
| 197|0x000000008cf00000, 0x000000008cf00000, 0x000000008d000000|  0%| F|  |TAMS 0x000000008cf00000, 0x000000008cf00000| Untracked 
| 198|0x000000008d000000, 0x000000008d000000, 0x000000008d100000|  0%| F|  |TAMS 0x000000008d000000, 0x000000008d000000| Untracked 
| 199|0x000000008d100000, 0x000000008d100000, 0x000000008d200000|  0%| F|  |TAMS 0x000000008d100000, 0x000000008d100000| Untracked 
| 200|0x000000008d200000, 0x000000008d200000, 0x000000008d300000|  0%| F|  |TAMS 0x000000008d200000, 0x000000008d200000| Untracked 
| 201|0x000000008d300000, 0x000000008d300000, 0x000000008d400000|  0%| F|  |TAMS 0x000000008d300000, 0x000000008d300000| Untracked 
| 202|0x000000008d400000, 0x000000008d400000, 0x000000008d500000|  0%| F|  |TAMS 0x000000008d400000, 0x000000008d400000| Untracked 
| 203|0x000000008d500000, 0x000000008d500000, 0x000000008d600000|  0%| F|  |TAMS 0x000000008d500000, 0x000000008d500000| Untracked 
| 204|0x000000008d600000, 0x000000008d600000, 0x000000008d700000|  0%| F|  |TAMS 0x000000008d600000, 0x000000008d600000| Untracked 
| 205|0x000000008d700000, 0x000000008d700000, 0x000000008d800000|  0%| F|  |TAMS 0x000000008d700000, 0x000000008d700000| Untracked 
| 206|0x000000008d800000, 0x000000008d800000, 0x000000008d900000|  0%| F|  |TAMS 0x000000008d800000, 0x000000008d800000| Untracked 
| 207|0x000000008d900000, 0x000000008d900000, 0x000000008da00000|  0%| F|  |TAMS 0x000000008d900000, 0x000000008d900000| Untracked 
| 208|0x000000008da00000, 0x000000008da00000, 0x000000008db00000|  0%| F|  |TAMS 0x000000008da00000, 0x000000008da00000| Untracked 
| 209|0x000000008db00000, 0x000000008db00000, 0x000000008dc00000|  0%| F|  |TAMS 0x000000008db00000, 0x000000008db00000| Untracked 
| 210|0x000000008dc00000, 0x000000008dc00000, 0x000000008dd00000|  0%| F|  |TAMS 0x000000008dc00000, 0x000000008dc00000| Untracked 
| 211|0x000000008dd00000, 0x000000008dd00000, 0x000000008de00000|  0%| F|  |TAMS 0x000000008dd00000, 0x000000008dd00000| Untracked 
| 212|0x000000008de00000, 0x000000008de00000, 0x000000008df00000|  0%| F|  |TAMS 0x000000008de00000, 0x000000008de00000| Untracked 
| 213|0x000000008df00000, 0x000000008df00000, 0x000000008e000000|  0%| F|  |TAMS 0x000000008df00000, 0x000000008df00000| Untracked 
| 214|0x000000008e000000, 0x000000008e000000, 0x000000008e100000|  0%| F|  |TAMS 0x000000008e000000, 0x000000008e000000| Untracked 
| 215|0x000000008e100000, 0x000000008e100000, 0x000000008e200000|  0%| F|  |TAMS 0x000000008e100000, 0x000000008e100000| Untracked 
| 216|0x000000008e200000, 0x000000008e200000, 0x000000008e300000|  0%| F|  |TAMS 0x000000008e200000, 0x000000008e200000| Untracked 
| 217|0x000000008e300000, 0x000000008e300000, 0x000000008e400000|  0%| F|  |TAMS 0x000000008e300000, 0x000000008e300000| Untracked 
| 218|0x000000008e400000, 0x000000008e400000, 0x000000008e500000|  0%| F|  |TAMS 0x000000008e400000, 0x000000008e400000| Untracked 
| 219|0x000000008e500000, 0x000000008e500000, 0x000000008e600000|  0%| F|  |TAMS 0x000000008e500000, 0x000000008e500000| Untracked 
| 220|0x000000008e600000, 0x000000008e600000, 0x000000008e700000|  0%| F|  |TAMS 0x000000008e600000, 0x000000008e600000| Untracked 
| 221|0x000000008e700000, 0x000000008e700000, 0x000000008e800000|  0%| F|  |TAMS 0x000000008e700000, 0x000000008e700000| Untracked 
| 222|0x000000008e800000, 0x000000008e800000, 0x000000008e900000|  0%| F|  |TAMS 0x000000008e800000, 0x000000008e800000| Untracked 
| 223|0x000000008e900000, 0x000000008e900000, 0x000000008ea00000|  0%| F|  |TAMS 0x000000008e900000, 0x000000008e900000| Untracked 
| 224|0x000000008ea00000, 0x000000008ea00000, 0x000000008eb00000|  0%| F|  |TAMS 0x000000008ea00000, 0x000000008ea00000| Untracked 
| 225|0x000000008eb00000, 0x000000008eb00000, 0x000000008ec00000|  0%| F|  |TAMS 0x000000008eb00000, 0x000000008eb00000| Untracked 
| 226|0x000000008ec00000, 0x000000008ec00000, 0x000000008ed00000|  0%| F|  |TAMS 0x000000008ec00000, 0x000000008ec00000| Untracked 
| 227|0x000000008ed00000, 0x000000008ed00000, 0x000000008ee00000|  0%| F|  |TAMS 0x000000008ed00000, 0x000000008ed00000| Untracked 
| 228|0x000000008ee00000, 0x000000008ee00000, 0x000000008ef00000|  0%| F|  |TAMS 0x000000008ee00000, 0x000000008ee00000| Untracked 
| 229|0x000000008ef00000, 0x000000008ef00000, 0x000000008f000000|  0%| F|  |TAMS 0x000000008ef00000, 0x000000008ef00000| Untracked 

Card table byte_map: [0x0000019940aa0000,0x0000019940ea0000] _byte_map_base: 0x000001994069b000

Marking Bits (Prev, Next): (CMBitMap*) 0x000001992bef3340, (CMBitMap*) 0x000001992bef3300
 Prev Bits: [0x0000019943280000, 0x0000019945258000)
 Next Bits: [0x00000199412a0000, 0x0000019943278000)

Polling page: 0x000001992bcf0000

Metaspace:

Usage:
  Non-class:     60.33 MB capacity,    59.88 MB (>99%) used,   357.67 KB ( <1%) free+waste,    96.13 KB ( <1%) overhead. 
      Class:      8.99 MB capacity,     8.72 MB ( 97%) used,   243.90 KB (  3%) free+waste,    37.13 KB ( <1%) overhead. 
       Both:     69.32 MB capacity,    68.60 MB ( 99%) used,   601.57 KB ( <1%) free+waste,   133.25 KB ( <1%) overhead. 

Virtual space:
  Non-class space:       62.00 MB reserved,      60.50 MB ( 98%) committed 
      Class space:        1.00 GB reserved,       9.07 MB ( <1%) committed 
             Both:        1.06 GB reserved,      69.57 MB (  6%) committed 

Chunk freelists:
   Non-Class:  49.00 KB
       Class:  6.00 KB
        Both:  55.00 KB

MaxMetaspaceSize: 17179869184.00 GB
CompressedClassSpaceSize: 1.00 GB

CodeHeap 'non-profiled nmethods': size=238912Kb used=12101Kb max_used=12101Kb free=226810Kb
 bounds [0x0000019931730000, 0x0000019932310000, 0x0000019940080000]
CodeHeap 'non-nmethods': size=6848Kb used=2365Kb max_used=2365Kb free=4482Kb
 bounds [0x0000019931080000, 0x00000199312f0000, 0x0000019931730000]
 total_blobs=8274 nmethods=7413 adapters=787
 compilation: enabled
              stopped_count=0, restarted_count=0
 full_count=0

Compilation events (20 events):
Event: 21.690 Thread 0x00000199480bf9b0 7405       1       scala.collection.immutable.ListMap$Node::sizeInternal (21 bytes)
Event: 21.691 Thread 0x00000199480bf9b0 nmethod 7405 0x00000199322fe310 code [0x00000199322fe4c0, 0x00000199322fe5f8]
Event: 21.691 Thread 0x00000199480bf9b0 7404       1       scala.collection.immutable.ListMap$Node::size (7 bytes)
Event: 21.691 Thread 0x00000199480bf9b0 nmethod 7404 0x00000199322fe710 code [0x00000199322fe8c0, 0x00000199322fe9f8]
Event: 21.698 Thread 0x00000199480bf9b0 7408       1       scala.collection.immutable.ListMap$Node::removeInternal (63 bytes)
Event: 21.698 Thread 0x00000199480bf9b0 nmethod 7408 0x00000199322feb10 code [0x00000199322fed40, 0x00000199322ff218]
Event: 21.698 Thread 0x00000199480bf9b0 7406       1       scala.collection.immutable.ListMap$Node::updated (17 bytes)
Event: 21.698 Thread 0x00000199480bf9b0 nmethod 7406 0x00000199322ff510 code [0x00000199322ff6c0, 0x00000199322ff978]
Event: 21.698 Thread 0x00000199480bf9b0 7407       1       scala.collection.immutable.ListMap$Node::$minus (10 bytes)
Event: 21.698 Thread 0x00000199480bf9b0 nmethod 7407 0x00000199322ffb10 code [0x00000199322ffca0, 0x00000199322ffd88]
Event: 21.698 Thread 0x00000199480bf9b0 7409       1       scala.collection.immutable.HashMap$HashMapCollision1::<init> (15 bytes)
Event: 21.698 Thread 0x00000199480bf9b0 nmethod 7409 0x00000199322ffe10 code [0x00000199322fffa0, 0x00000199323000c8]
Event: 21.700 Thread 0x00000199480bf9b0 7410       1       scala.collection.immutable.ListMap$::empty (4 bytes)
Event: 21.700 Thread 0x00000199480bf9b0 nmethod 7410 0x0000019932300190 code [0x0000019932300320, 0x00000199323003d8]
Event: 21.700 Thread 0x00000199480bf9b0 7411       1       scala.collection.immutable.ListMap::updated (11 bytes)
Event: 21.700 Thread 0x00000199480bf9b0 nmethod 7411 0x0000019932300490 code [0x0000019932300640, 0x0000019932300888]
Event: 21.731 Thread 0x00000199480bf9b0 7412       1       scala.Tuple2::equals (68 bytes)
Event: 21.731 Thread 0x00000199480bf9b0 nmethod 7412 0x0000019932300990 code [0x0000019932300b80, 0x0000019932300e38]
Event: 21.739 Thread 0x00000199480bf9b0 7413       1       scala.collection.immutable.HashSet$HashSetCollision1::foreach (9 bytes)
Event: 21.739 Thread 0x00000199480bf9b0 nmethod 7413 0x0000019932300f90 code [0x0000019932301140, 0x0000019932301328]

GC Heap History (20 events):
Event: 20.508 GC heap after
{Heap after GC invocations=41 (full 0):
 garbage-first heap   total 89088K, used 50551K [0x0000000080a00000, 0x0000000100000000)
  region size 1024K, 3 young (3072K), 3 survivors (3072K)
 Metaspace       used 68402K, capacity 69145K, committed 69324K, reserved 1110016K
  class space    used 8615K, capacity 8874K, committed 8908K, reserved 1048576K
}
Event: 20.545 GC heap before
{Heap before GC invocations=41 (full 0):
 garbage-first heap   total 89088K, used 72055K [0x0000000080a00000, 0x0000000100000000)
  region size 1024K, 24 young (24576K), 3 survivors (3072K)
 Metaspace       used 68402K, capacity 69145K, committed 69324K, reserved 1110016K
  class space    used 8615K, capacity 8874K, committed 8908K, reserved 1048576K
}
Event: 20.549 GC heap after
{Heap after GC invocations=42 (full 0):
 garbage-first heap   total 89088K, used 52759K [0x0000000080a00000, 0x0000000100000000)
  region size 1024K, 3 young (3072K), 3 survivors (3072K)
 Metaspace       used 68402K, capacity 69145K, committed 69324K, reserved 1110016K
  class space    used 8615K, capacity 8874K, committed 8908K, reserved 1048576K
}
Event: 20.633 GC heap before
{Heap before GC invocations=42 (full 0):
 garbage-first heap   total 117760K, used 74263K [0x0000000080a00000, 0x0000000100000000)
  region size 1024K, 22 young (22528K), 3 survivors (3072K)
 Metaspace       used 68629K, capacity 69369K, committed 69708K, reserved 1110016K
  class space    used 8653K, capacity 8906K, committed 9036K, reserved 1048576K
}
Event: 20.640 GC heap after
{Heap after GC invocations=43 (full 0):
 garbage-first heap   total 141312K, used 58155K [0x0000000080a00000, 0x0000000100000000)
  region size 1024K, 3 young (3072K), 3 survivors (3072K)
 Metaspace       used 68629K, capacity 69369K, committed 69708K, reserved 1110016K
  class space    used 8653K, capacity 8906K, committed 9036K, reserved 1048576K
}
Event: 20.740 GC heap before
{Heap before GC invocations=44 (full 0):
 garbage-first heap   total 141312K, used 111403K [0x0000000080a00000, 0x0000000100000000)
  region size 1024K, 55 young (56320K), 3 survivors (3072K)
 Metaspace       used 68632K, capacity 69369K, committed 69708K, reserved 1110016K
  class space    used 8655K, capacity 8906K, committed 9036K, reserved 1048576K
}
Event: 20.747 GC heap after
{Heap after GC invocations=45 (full 0):
 garbage-first heap   total 141312K, used 62238K [0x0000000080a00000, 0x0000000100000000)
  region size 1024K, 7 young (7168K), 7 survivors (7168K)
 Metaspace       used 68632K, capacity 69369K, committed 69708K, reserved 1110016K
  class space    used 8655K, capacity 8906K, committed 9036K, reserved 1048576K
}
Event: 20.819 GC heap before
{Heap before GC invocations=45 (full 0):
 garbage-first heap   total 141312K, used 111390K [0x0000000080a00000, 0x0000000100000000)
  region size 1024K, 55 young (56320K), 7 survivors (7168K)
 Metaspace       used 68632K, capacity 69369K, committed 69708K, reserved 1110016K
  class space    used 8655K, capacity 8906K, committed 9036K, reserved 1048576K
}
Event: 20.826 GC heap after
{Heap after GC invocations=46 (full 0):
 garbage-first heap   total 141312K, used 65490K [0x0000000080a00000, 0x0000000100000000)
  region size 1024K, 4 young (4096K), 4 survivors (4096K)
 Metaspace       used 68632K, capacity 69369K, committed 69708K, reserved 1110016K
  class space    used 8655K, capacity 8906K, committed 9036K, reserved 1048576K
}
Event: 20.915 GC heap before
{Heap before GC invocations=46 (full 0):
 garbage-first heap   total 141312K, used 115666K [0x0000000080a00000, 0x0000000100000000)
  region size 1024K, 51 young (52224K), 4 survivors (4096K)
 Metaspace       used 68632K, capacity 69369K, committed 69708K, reserved 1110016K
  class space    used 8655K, capacity 8906K, committed 9036K, reserved 1048576K
}
Event: 20.922 GC heap after
{Heap after GC invocations=47 (full 0):
 garbage-first heap   total 141312K, used 72799K [0x0000000080a00000, 0x0000000100000000)
  region size 1024K, 6 young (6144K), 6 survivors (6144K)
 Metaspace       used 68632K, capacity 69369K, committed 69708K, reserved 1110016K
  class space    used 8655K, capacity 8906K, committed 9036K, reserved 1048576K
}
Event: 20.935 GC heap before
{Heap before GC invocations=47 (full 0):
 garbage-first heap   total 141312K, used 73823K [0x0000000080a00000, 0x0000000100000000)
  region size 1024K, 8 young (8192K), 6 survivors (6144K)
 Metaspace       used 68632K, capacity 69369K, committed 69708K, reserved 1110016K
  class space    used 8655K, capacity 8906K, committed 9036K, reserved 1048576K
}
Event: 20.940 GC heap after
{Heap after GC invocations=48 (full 0):
 garbage-first heap   total 235520K, used 74471K [0x0000000080a00000, 0x0000000100000000)
  region size 1024K, 2 young (2048K), 2 survivors (2048K)
 Metaspace       used 68632K, capacity 69369K, committed 69708K, reserved 1110016K
  class space    used 8655K, capacity 8906K, committed 9036K, reserved 1048576K
}
Event: 21.349 GC heap before
{Heap before GC invocations=49 (full 0):
 garbage-first heap   total 235520K, used 157415K [0x0000000080a00000, 0x0000000100000000)
  region size 1024K, 77 young (78848K), 2 survivors (2048K)
 Metaspace       used 70181K, capacity 70953K, committed 71244K, reserved 1112064K
  class space    used 8897K, capacity 9178K, committed 9292K, reserved 1048576K
}
Event: 21.369 GC heap after
{Heap after GC invocations=50 (full 0):
 garbage-first heap   total 235520K, used 95455K [0x0000000080a00000, 0x0000000100000000)
  region size 1024K, 10 young (10240K), 10 survivors (10240K)
 Metaspace       used 70181K, capacity 70953K, committed 71244K, reserved 1112064K
  class space    used 8897K, capacity 9178K, committed 9292K, reserved 1048576K
}
Event: 21.493 GC heap before
{Heap before GC invocations=50 (full 0):
 garbage-first heap   total 235520K, used 160991K [0x0000000080a00000, 0x0000000100000000)
  region size 1024K, 74 young (75776K), 10 survivors (10240K)
 Metaspace       used 70181K, capacity 70953K, committed 71244K, reserved 1112064K
  class space    used 8897K, capacity 9178K, committed 9292K, reserved 1048576K
}
Event: 21.508 GC heap after
{Heap after GC invocations=51 (full 0):
 garbage-first heap   total 235520K, used 103739K [0x0000000080a00000, 0x0000000100000000)
  region size 1024K, 8 young (8192K), 8 survivors (8192K)
 Metaspace       used 70181K, capacity 70953K, committed 71244K, reserved 1112064K
  class space    used 8897K, capacity 9178K, committed 9292K, reserved 1048576K
}
Event: 21.630 GC heap before
{Heap before GC invocations=51 (full 0):
 garbage-first heap   total 235520K, used 169275K [0x0000000080a00000, 0x0000000100000000)
  region size 1024K, 72 young (73728K), 8 survivors (8192K)
 Metaspace       used 70246K, capacity 70953K, committed 71244K, reserved 1112064K
  class space    used 8927K, capacity 9178K, committed 9292K, reserved 1048576K
}
Event: 21.640 GC heap after
{Heap after GC invocations=52 (full 0):
 garbage-first heap   total 235520K, used 111128K [0x0000000080a00000, 0x0000000100000000)
  region size 1024K, 8 young (8192K), 8 survivors (8192K)
 Metaspace       used 70246K, capacity 70953K, committed 71244K, reserved 1112064K
  class space    used 8927K, capacity 9178K, committed 9292K, reserved 1048576K
}
Event: 21.750 GC heap before
{Heap before GC invocations=52 (full 0):
 garbage-first heap   total 235520K, used 176664K [0x0000000080a00000, 0x0000000100000000)
  region size 1024K, 72 young (73728K), 8 survivors (8192K)
 Metaspace       used 70250K, capacity 70985K, committed 71244K, reserved 1112064K
  class space    used 8928K, capacity 9210K, committed 9292K, reserved 1048576K
}

Deoptimization events (4 events):
Event: 3.717 Thread 0x000001994980c310 DEOPT PACKING pc=0x0000019931a022d2 sp=0x00000043ec2fb800
Event: 3.717 Thread 0x000001994980c310 DEOPT UNPACKING pc=0x00000199310ce23f sp=0x00000043ec2fad08 mode 3
Event: 3.922 Thread 0x000001994980c310 DEOPT PACKING pc=0x0000019931b9a2b4 sp=0x00000043ec2fddc0
Event: 3.922 Thread 0x000001994980c310 DEOPT UNPACKING pc=0x00000199310ce23f sp=0x00000043ec2fd488 mode 0

Classes unloaded (0 events):
No events

Classes redefined (0 events):
No events

Internal exceptions (20 events):
Event: 7.735 Thread 0x000001994a71ba70 Exception <a 'java/lang/ClassNotFoundException'{0x0000000083234a50}: nz/net/ultraq/thymeleaf/fragments/FragmentProcessorBeanInfo> (0x0000000083234a50) 
thrown [./open/src/hotspot/share/classfile/systemDictionary.cpp, line 295]
Event: 7.736 Thread 0x000001994a71ba70 Exception <a 'java/lang/ClassNotFoundException'{0x000000008323cb58}: nz/net/ultraq/thymeleaf/fragments/FragmentProcessorCustomizer> (0x000000008323cb58) 
thrown [./open/src/hotspot/share/classfile/systemDictionary.cpp, line 295]
Event: 7.738 Thread 0x000001994a71ba70 Exception <a 'java/lang/ClassNotFoundException'{0x0000000083267ba8}: nz/net/ultraq/thymeleaf/fragments/CollectFragmentProcessorBeanInfo> (0x0000000083267ba8) 
thrown [./open/src/hotspot/share/classfile/systemDictionary.cpp, line 295]
Event: 7.739 Thread 0x000001994a71ba70 Exception <a 'java/lang/ClassNotFoundException'{0x000000008326ffa0}: nz/net/ultraq/thymeleaf/fragments/CollectFragmentProcessorCustomizer> (0x000000008326ffa0) 
thrown [./open/src/hotspot/share/classfile/systemDictionary.cpp, line 295]
Event: 7.742 Thread 0x000001994a71ba70 Exception <a 'java/lang/ClassNotFoundException'{0x000000008329c6b0}: nz/net/ultraq/thymeleaf/decorators/TitlePatternProcessorBeanInfo> (0x000000008329c6b0) 
thrown [./open/src/hotspot/share/classfile/systemDictionary.cpp, line 295]
Event: 7.743 Thread 0x000001994a71ba70 Exception <a 'java/lang/ClassNotFoundException'{0x00000000832a4980}: nz/net/ultraq/thymeleaf/decorators/TitlePatternProcessorCustomizer> (0x00000000832a4980) 
thrown [./open/src/hotspot/share/classfile/systemDictionary.cpp, line 295]
Event: 13.530 Thread 0x000001994a71c8e0 Exception <a 'sun/nio/fs/WindowsException'{0x000000008425d2e0}> (0x000000008425d2e0) 
thrown [./open/src/hotspot/share/prims/jni.cpp, line 578]
Event: 20.115 Thread 0x000001994a71c8e0 Exception <a 'java/lang/NoSuchMethodError'{0x0000000083f38cc8}: 'int java.lang.invoke.DirectMethodHandle$Holder.invokeStatic(java.lang.Object, java.lang.Object, int)'> (0x0000000083f38cc8) 
thrown [./open/src/hotspot/share/interpreter/linkResolver.cpp, line 782]
Event: 20.336 Thread 0x000001994a71c8e0 Exception <a 'java/lang/NoSuchMethodError'{0x000000008800f790}: 'java.lang.Object java.lang.invoke.DirectMethodHandle$Holder.invokeStatic(java.lang.Object, int, java.lang.Object)'> (0x000000008800f790) 
thrown [./open/src/hotspot/share/interpreter/linkResolver.cpp, line 782]
Event: 21.133 Thread 0x000001994a71c8e0 Exception <a 'java/lang/NoSuchMethodError'{0x000000008d7c6fc0}: 'java.lang.Object java.lang.invoke.DirectMethodHandle$Holder.invokeStatic(java.lang.Object, int, java.lang.Object, java.lang.Object)'> (0x000000008d7c6fc0) 
thrown [./open/src/hotspot/share/interpreter/linkResolver.cpp, line 782]
Event: 21.134 Thread 0x000001994a71c8e0 Exception <a 'java/lang/NoSuchMethodError'{0x000000008d7d1910}: 'java.lang.Object java.lang.invoke.DirectMethodHandle$Holder.newInvokeSpecial(java.lang.Object, int, java.lang.Object)'> (0x000000008d7d1910) 
thrown [./open/src/hotspot/share/interpreter/linkResolver.cpp, line 782]
Event: 21.145 Thread 0x000001994a71c8e0 Exception <a 'java/lang/NoSuchMethodError'{0x000000008d638738}: 'java.lang.Object java.lang.invoke.DirectMethodHandle$Holder.newInvokeSpecial(java.lang.Object, java.lang.Object, java.lang.Object, java.lang.Object, int)'> (0x000000008d638738) 
thrown [./open/src/hotspot/share/interpreter/linkResolver.cpp, line 782]
Event: 21.146 Thread 0x000001994a71c8e0 Exception <a 'java/lang/NoSuchMethodError'{0x000000008d63d478}: 'java.lang.Object java.lang.invoke.DirectMethodHandle$Holder.invokeSpecial(java.lang.Object, java.lang.Object, java.lang.Object, java.lang.Object, java.lang.Object, int)'> (0x000000008d63d478) 
thrown [./open/src/hotspot/share/interpreter/linkResolver.cpp, line 782]
Event: 21.146 Thread 0x000001994a71c8e0 Exception <a 'java/lang/NoSuchMethodError'{0x000000008d6416b0}: 'java.lang.Object java.lang.invoke.Invokers$Holder.linkToTargetMethod(java.lang.Object, java.lang.Object, java.lang.Object, int, java.lang.Object)'> (0x000000008d6416b0) 
thrown [./open/src/hotspot/share/interpreter/linkResolver.cpp, line 782]
Event: 21.174 Thread 0x000001994a71c8e0 Exception <a 'java/lang/NoSuchMethodError'{0x000000008d50ff38}: 'java.lang.Object java.lang.invoke.DirectMethodHandle$Holder.newInvokeSpecial(java.lang.Object, java.lang.Object, java.lang.Object, java.lang.Object, int, java.lang.Object)'> (0x000000008d50ff38) 
thrown [./open/src/hotspot/share/interpreter/linkResolver.cpp, line 782]
Event: 21.174 Thread 0x000001994a71c8e0 Exception <a 'java/lang/NoSuchMethodError'{0x000000008d514bb0}: 'java.lang.Object java.lang.invoke.DirectMethodHandle$Holder.invokeSpecial(java.lang.Object, java.lang.Object, java.lang.Object, java.lang.Object, java.lang.Object, int, java.lang.Object)'> (0x000000008d514bb0) 
thrown [./open/src/hotspot/share/interpreter/linkResolver.cpp, line 782]
Event: 21.175 Thread 0x000001994a71c8e0 Exception <a 'java/lang/NoSuchMethodError'{0x000000008d519180}: 'java.lang.Object java.lang.invoke.Invokers$Holder.linkToTargetMethod(java.lang.Object, java.lang.Object, java.lang.Object, int, java.lang.Object, java.lang.Object)'> (0x000000008d519180) 
thrown [./open/src/hotspot/share/interpreter/linkResolver.cpp, line 782]
Event: 21.279 Thread 0x000001994a71c8e0 Exception <a 'java/lang/NoSuchMethodError'{0x000000008b29c898}: 'java.lang.Object java.lang.invoke.Invokers$Holder.invoke_MT(java.lang.Object, java.lang.Object, java.lang.Object, java.lang.Object, java.lang.Object, java.lang.Object)'> (0x000000008b29c898) 
thrown [./open/src/hotspot/share/interpreter/linkResolver.cpp, line 782]
Event: 21.280 Thread 0x000001994a71c8e0 Exception <a 'java/lang/NoSuchMethodError'{0x000000008b2a62c0}: 'java.lang.Object java.lang.invoke.Invokers$Holder.invoker(java.lang.Object, java.lang.Object, java.lang.Object)'> (0x000000008b2a62c0) 
thrown [./open/src/hotspot/share/interpreter/linkResolver.cpp, line 782]
Event: 21.280 Thread 0x000001994a71c8e0 Exception <a 'java/lang/NoSuchMethodError'{0x000000008b2afc90}: 'java.lang.Object java.lang.invoke.Invokers$Holder.invokeExact_MT(java.lang.Object, java.lang.Object, java.lang.Object, java.lang.Object)'> (0x000000008b2afc90) 
thrown [./open/src/hotspot/share/interpreter/linkResolver.cpp, line 782]

Events (20 events):
Event: 21.108 loading class java/util/regex/Pattern$GroupCurly done
Event: 21.117 loading class java/util/regex/Pattern$Pos
Event: 21.118 loading class java/util/regex/Pattern$Pos done
Event: 21.118 loading class java/util/regex/Pattern$Behind
Event: 21.118 loading class java/util/regex/Pattern$Behind done
Event: 21.118 loading class java/lang/Character$UnicodeBlock
Event: 21.120 loading class java/lang/Character$Subset
Event: 21.120 loading class java/lang/Character$Subset done
Event: 21.120 loading class java/lang/Character$UnicodeBlock done
Event: 21.280 loading class java/lang/invoke/DirectMethodHandle$EnsureInitialized
Event: 21.280 loading class java/lang/invoke/DirectMethodHandle$EnsureInitialized done
Event: 21.307 Executing VM operation: ICBufferFull
Event: 21.308 Executing VM operation: ICBufferFull done
Event: 21.348 Executing VM operation: G1CollectForAllocation
Event: 21.369 Executing VM operation: G1CollectForAllocation done
Event: 21.493 Executing VM operation: G1CollectForAllocation
Event: 21.508 Executing VM operation: G1CollectForAllocation done
Event: 21.629 Executing VM operation: G1CollectForAllocation
Event: 21.640 Executing VM operation: G1CollectForAllocation done
Event: 21.750 Executing VM operation: G1CollectForAllocation


Dynamic libraries:
0x00007ff6202a0000 - 0x00007ff6202ad000 	C:\Users\kim\Downloads\newFolder\sts-4.8.1.RELEASE\plugins\org.eclipse.justj.openjdk.hotspot.jre.full.win32.x86_64_15.0.0.v20201014-1246\jre\bin\javaw.exe
0x00007ff98e2c0000 - 0x00007ff98e4ad000 	C:\WINDOWS\SYSTEM32\ntdll.dll
0x00007ff98ca60000 - 0x00007ff98cb13000 	C:\WINDOWS\System32\KERNEL32.DLL
0x00007ff98afd0000 - 0x00007ff98b265000 	C:\WINDOWS\System32\KERNELBASE.dll
0x00007ff98b3b0000 - 0x00007ff98b4aa000 	C:\WINDOWS\System32\ucrtbase.dll
0x00007ff983230000 - 0x00007ff983249000 	C:\Users\kim\Downloads\newFolder\sts-4.8.1.RELEASE\plugins\org.eclipse.justj.openjdk.hotspot.jre.full.win32.x86_64_15.0.0.v20201014-1246\jre\bin\VCRUNTIME140.dll
0x00007ff9844b0000 - 0x00007ff9844c8000 	C:\Users\kim\Downloads\newFolder\sts-4.8.1.RELEASE\plugins\org.eclipse.justj.openjdk.hotspot.jre.full.win32.x86_64_15.0.0.v20201014-1246\jre\bin\jli.dll
0x00007ff98c190000 - 0x00007ff98c327000 	C:\WINDOWS\System32\USER32.dll
0x00007ff98b2f0000 - 0x00007ff98b310000 	C:\WINDOWS\System32\win32u.dll
0x00007ff98b740000 - 0x00007ff98b769000 	C:\WINDOWS\System32\GDI32.dll
0x00007ff98ae30000 - 0x00007ff98afcc000 	C:\WINDOWS\System32\gdi32full.dll
0x00007ff98b310000 - 0x00007ff98b3b0000 	C:\WINDOWS\System32\msvcp_win.dll
0x00007ff97c280000 - 0x00007ff97c4f9000 	C:\WINDOWS\WinSxS\amd64_microsoft.windows.common-controls_6595b64144ccf1df_6.0.17763.1637_none_de704308534c3ec5\COMCTL32.dll
0x00007ff98b770000 - 0x00007ff98b80e000 	C:\WINDOWS\System32\msvcrt.dll
0x00007ff98bb40000 - 0x00007ff98be6e000 	C:\WINDOWS\System32\combase.dll
0x00007ff98e160000 - 0x00007ff98e282000 	C:\WINDOWS\System32\RPCRT4.dll
0x00007ff98b270000 - 0x00007ff98b2ef000 	C:\WINDOWS\System32\bcryptPrimitives.dll
0x00007ff98baf0000 - 0x00007ff98bb1e000 	C:\WINDOWS\System32\IMM32.DLL
0x00007ff983c50000 - 0x00007ff983c5c000 	C:\Users\kim\Downloads\newFolder\sts-4.8.1.RELEASE\plugins\org.eclipse.justj.openjdk.hotspot.jre.full.win32.x86_64_15.0.0.v20201014-1246\jre\bin\vcruntime140_1.dll
0x00007ff963100000 - 0x00007ff963191000 	C:\Users\kim\Downloads\newFolder\sts-4.8.1.RELEASE\plugins\org.eclipse.justj.openjdk.hotspot.jre.full.win32.x86_64_15.0.0.v20201014-1246\jre\bin\msvcp140.dll
0x00007ff95a340000 - 0x00007ff95ae9c000 	C:\Users\kim\Downloads\newFolder\sts-4.8.1.RELEASE\plugins\org.eclipse.justj.openjdk.hotspot.jre.full.win32.x86_64_15.0.0.v20201014-1246\jre\bin\server\jvm.dll
0x00007ff98b690000 - 0x00007ff98b733000 	C:\WINDOWS\System32\ADVAPI32.dll
0x00007ff98ba50000 - 0x00007ff98baef000 	C:\WINDOWS\System32\sechost.dll
0x00007ff98c180000 - 0x00007ff98c188000 	C:\WINDOWS\System32\PSAPI.DLL
0x00007ff9885a0000 - 0x00007ff9885a9000 	C:\WINDOWS\SYSTEM32\WSOCK32.dll
0x00007ff98c570000 - 0x00007ff98c5dd000 	C:\WINDOWS\System32\WS2_32.dll
0x00007ff9884e0000 - 0x00007ff988504000 	C:\WINDOWS\SYSTEM32\WINMM.dll
0x00007ff984100000 - 0x00007ff98410a000 	C:\WINDOWS\SYSTEM32\VERSION.dll
0x00007ff9884b0000 - 0x00007ff9884dd000 	C:\WINDOWS\SYSTEM32\winmmbase.dll
0x00007ff98a660000 - 0x00007ff98a6aa000 	C:\WINDOWS\System32\cfgmgr32.dll
0x00007ff98a2c0000 - 0x00007ff98a2d1000 	C:\WINDOWS\System32\kernel.appcore.dll
0x00007ff984f80000 - 0x00007ff984f8a000 	C:\Users\kim\Downloads\newFolder\sts-4.8.1.RELEASE\plugins\org.eclipse.justj.openjdk.hotspot.jre.full.win32.x86_64_15.0.0.v20201014-1246\jre\bin\jimage.dll
0x00007ff975df0000 - 0x00007ff975fdd000 	C:\WINDOWS\SYSTEM32\DBGHELP.DLL
0x00007ff975c40000 - 0x00007ff975c6a000 	C:\WINDOWS\SYSTEM32\dbgcore.DLL
0x00007ff983190000 - 0x00007ff9831b5000 	C:\Users\kim\Downloads\newFolder\sts-4.8.1.RELEASE\plugins\org.eclipse.justj.openjdk.hotspot.jre.full.win32.x86_64_15.0.0.v20201014-1246\jre\bin\java.dll
0x00007ff9843b0000 - 0x00007ff9843c8000 	C:\Users\kim\Downloads\newFolder\sts-4.8.1.RELEASE\plugins\org.eclipse.justj.openjdk.hotspot.jre.full.win32.x86_64_15.0.0.v20201014-1246\jre\bin\zip.dll
0x00007ff98cc60000 - 0x00007ff98e159000 	C:\WINDOWS\System32\SHELL32.dll
0x00007ff98c330000 - 0x00007ff98c3d8000 	C:\WINDOWS\System32\shcore.dll
0x00007ff98a6d0000 - 0x00007ff98ae23000 	C:\WINDOWS\System32\windows.storage.dll
0x00007ff98a2e0000 - 0x00007ff98a304000 	C:\WINDOWS\System32\profapi.dll
0x00007ff98a310000 - 0x00007ff98a36d000 	C:\WINDOWS\System32\powrprof.dll
0x00007ff98c120000 - 0x00007ff98c172000 	C:\WINDOWS\System32\shlwapi.dll
0x00007ff98a6b0000 - 0x00007ff98a6c7000 	C:\WINDOWS\System32\cryptsp.dll
0x00007ff983c10000 - 0x00007ff983c29000 	C:\Users\kim\Downloads\newFolder\sts-4.8.1.RELEASE\plugins\org.eclipse.justj.openjdk.hotspot.jre.full.win32.x86_64_15.0.0.v20201014-1246\jre\bin\net.dll
0x00007ff984e60000 - 0x00007ff984f54000 	C:\WINDOWS\SYSTEM32\WINHTTP.dll
0x00007ff989b10000 - 0x00007ff989b77000 	C:\WINDOWS\system32\mswsock.dll
0x00007ff983be0000 - 0x00007ff983bf2000 	C:\Users\kim\Downloads\newFolder\sts-4.8.1.RELEASE\plugins\org.eclipse.justj.openjdk.hotspot.jre.full.win32.x86_64_15.0.0.v20201014-1246\jre\bin\nio.dll
0x00007ff983220000 - 0x00007ff983229000 	C:\Users\kim\Downloads\newFolder\sts-4.8.1.RELEASE\plugins\org.eclipse.justj.openjdk.hotspot.jre.full.win32.x86_64_15.0.0.v20201014-1246\jre\bin\management.dll
0x00007ff983210000 - 0x00007ff98321b000 	C:\Users\kim\Downloads\newFolder\sts-4.8.1.RELEASE\plugins\org.eclipse.justj.openjdk.hotspot.jre.full.win32.x86_64_15.0.0.v20201014-1246\jre\bin\management_ext.dll
0x00007ff974420000 - 0x00007ff974436000 	C:\WINDOWS\system32\napinsp.dll
0x00007ff974490000 - 0x00007ff9744aa000 	C:\WINDOWS\system32\pnrpnsp.dll
0x00007ff989870000 - 0x00007ff989936000 	C:\WINDOWS\SYSTEM32\DNSAPI.dll
0x00007ff98ba40000 - 0x00007ff98ba48000 	C:\WINDOWS\System32\NSI.dll
0x00007ff989830000 - 0x00007ff98986d000 	C:\WINDOWS\SYSTEM32\IPHLPAPI.DLL
0x00007ff974480000 - 0x00007ff97448e000 	C:\WINDOWS\System32\winrnr.dll
0x00007ff986a00000 - 0x00007ff986a1b000 	C:\WINDOWS\system32\NLAapi.dll
0x00007ff9807d0000 - 0x00007ff9807e5000 	C:\WINDOWS\system32\wshbth.dll
0x00007ff97bb80000 - 0x00007ff97bb8a000 	C:\Windows\System32\rasadhlp.dll
0x00007ff981d40000 - 0x00007ff981db9000 	C:\WINDOWS\System32\fwpuclnt.dll
0x00007ff98b4b0000 - 0x00007ff98b4d6000 	C:\WINDOWS\System32\bcrypt.dll
0x00007ff989690000 - 0x00007ff9896c3000 	C:\WINDOWS\system32\rsaenh.dll
0x00007ff98a1d0000 - 0x00007ff98a1f9000 	C:\WINDOWS\SYSTEM32\USERENV.dll
0x00007ff989ce0000 - 0x00007ff989cec000 	C:\WINDOWS\SYSTEM32\CRYPTBASE.dll
0x00007ff983460000 - 0x00007ff983476000 	C:\WINDOWS\SYSTEM32\dhcpcsvc6.DLL
0x00007ff983430000 - 0x00007ff98344c000 	C:\WINDOWS\SYSTEM32\dhcpcsvc.DLL
0x00007ff984c70000 - 0x00007ff984c80000 	C:\Users\kim\Downloads\newFolder\sts-4.8.1.RELEASE\plugins\org.eclipse.justj.openjdk.hotspot.jre.full.win32.x86_64_15.0.0.v20201014-1246\jre\bin\verify.dll
0x00007ff9844a0000 - 0x00007ff9844ad000 	C:\Users\kim\Downloads\newFolder\sts-4.8.1.RELEASE\plugins\org.eclipse.justj.openjdk.hotspot.jre.full.win32.x86_64_15.0.0.v20201014-1246\jre\bin\sunmscapi.dll
0x00007ff98a480000 - 0x00007ff98a65c000 	C:\WINDOWS\System32\CRYPT32.dll
0x00007ff98a2a0000 - 0x00007ff98a2b2000 	C:\WINDOWS\System32\MSASN1.dll
0x00007ff989de0000 - 0x00007ff989e06000 	C:\WINDOWS\SYSTEM32\ncrypt.dll
0x00007ff989da0000 - 0x00007ff989ddc000 	C:\WINDOWS\SYSTEM32\NTASN1.dll

dbghelp: loaded successfully - version: 4.0.5 - missing functions: none
symbol engine: initialized successfully - sym options: 0x614 - pdb path: .;C:\Users\kim\Downloads\newFolder\sts-4.8.1.RELEASE\plugins\org.eclipse.justj.openjdk.hotspot.jre.full.win32.x86_64_15.0.0.v20201014-1246\jre\bin;C:\WINDOWS\SYSTEM32;C:\WINDOWS\WinSxS\amd64_microsoft.windows.common-controls_6595b64144ccf1df_6.0.17763.1637_none_de704308534c3ec5;C:\Users\kim\Downloads\newFolder\sts-4.8.1.RELEASE\plugins\org.eclipse.justj.openjdk.hotspot.jre.full.win32.x86_64_15.0.0.v20201014-1246\jre\bin\server

VM Arguments:
jvm_args: -Dcom.sun.management.jmxremote -Dcom.sun.management.jmxremote.port=4704 -Dcom.sun.management.jmxremote.authenticate=false -Dcom.sun.management.jmxremote.ssl=false -Djava.rmi.server.hostname=localhost -Dspring.jmx.enabled=true -Dspring.application.admin.enabled=true -XX:TieredStopAtLevel=1 -Dspring.boot.project.name=codari -Dfile.encoding=UTF-8 -XX:+ShowCodeDetailsInExceptionMessages 
java_command: com.codari.myapp.CodariApplication --spring.output.ansi.enabled=always
java_class_path (initial): C:\Users\kim\Downloads\»õ Æú´õ\codari\target\classes;C:\Users\kim\.m2\repository\nz\net\ultraq\thymeleaf\thymeleaf-layout-dialect\2.5.1\thymeleaf-layout-dialect-2.5.1.jar;C:\Users\kim\.m2\repository\nz\net\ultraq\extensions\groovy-extensions\0.3.0\groovy-extensions-0.3.0.jar;C:\Users\kim\.m2\repository\nz\net\ultraq\thymeleaf\thymeleaf-expression-processor\1.2.0\thymeleaf-expression-processor-1.2.0.jar;C:\Users\kim\.m2\repository\org\codehaus\groovy\groovy\2.5.14\groovy-2.5.14.jar;C:\Users\kim\.m2\repository\org\thymeleaf\thymeleaf\3.0.11.RELEASE\thymeleaf-3.0.11.RELEASE.jar;C:\Users\kim\.m2\repository\ognl\ognl\3.1.12\ognl-3.1.12.jar;C:\Users\kim\.m2\repository\org\javassist\javassist\3.20.0-GA\javassist-3.20.0-GA.jar;C:\Users\kim\.m2\repository\org\attoparser\attoparser\2.0.5.RELEASE\attoparser-2.0.5.RELEASE.jar;C:\Users\kim\.m2\repository\org\unbescape\unbescape\1.1.6.RELEASE\unbescape-1.1.6.RELEASE.jar;C:\Users\kim\.m2\repository\org\slf4j\slf4j-api\1.7.30\slf4j-api-1.7.30.jar;C:\Users\kim\.m2\repository\org\springframework\boot\spring-boot-starter-thymeleaf\2.4.1\spring-boot-starter-thymeleaf-2.4.1.jar;C:\Users\kim\.m2\repository\org\springframework\boot\spring-boot-starter\2.4.1\spring-boot-starter-2.4.1.jar;C:\Users\kim\.m2\repository\org\springframework\boot\spring-boot-starter-logging\2.4.1\spring-boot-starter-logging-2.4.1.jar;C:\Users\kim\.m2\repository\ch\qos\logback\logback-classic\1.2.3\logback-classic-1.2.3.jar;C:\Users\kim\.m2\repository\ch\qos\logback\logback-core\1.2.3\logback-core-1.2.3.jar;C:\Users\kim\.m2\repository\org\apache\logging\log4j\log4j-to-slf4j\2.13.3\log4j-to-slf4j-2.13.3.jar;C:\Users\kim\.m2\repository\org\apache\logging\log4j\log4j-api\2.13.3\log4j-api-2.13.3.jar;C:\Users\kim\.m2\repository\org\slf4j\jul-to-slf4j\1.7.30\jul-to-slf4j-1.7.30.jar;C:\Users\kim\.m2\repository\jakarta\annotation\jakarta.annotation-api\1.3.5\jakarta.annotation-api-1.3.5.jar;C:\Users\kim\.m2\repository\org\yaml\snakeyaml\1.27\s
Launcher Type: SUN_STANDARD

[Global flags]
     intx CICompilerCount                          = 3                                         {product} {ergonomic}
     uint ConcGCThreads                            = 1                                         {product} {ergonomic}
     uint G1ConcRefinementThreads                  = 4                                         {product} {ergonomic}
   size_t G1HeapRegionSize                         = 1048576                                   {product} {ergonomic}
    uintx GCDrainStackTargetSize                   = 64                                        {product} {ergonomic}
   size_t InitialHeapSize                          = 134217728                                 {product} {ergonomic}
     bool ManagementServer                         = true                                      {product} {command line}
   size_t MarkStackSize                            = 4194304                                   {product} {ergonomic}
   size_t MaxHeapSize                              = 2136997888                                {product} {ergonomic}
   size_t MaxNewSize                               = 1281359872                                {product} {ergonomic}
   size_t MinHeapDeltaBytes                        = 1048576                                   {product} {ergonomic}
   size_t MinHeapSize                              = 8388608                                   {product} {ergonomic}
    uintx NonNMethodCodeHeapSize                   = 6973028                                {pd product} {ergonomic}
    uintx NonProfiledCodeHeapSize                  = 244685212                              {pd product} {ergonomic}
    uintx ProfiledCodeHeapSize                     = 0                                      {pd product} {ergonomic}
    uintx ReservedCodeCacheSize                    = 251658240                              {pd product} {ergonomic}
     bool SegmentedCodeCache                       = true                                      {product} {ergonomic}
     bool ShowCodeDetailsInExceptionMessages       = true                                   {manageable} {command line}
   size_t SoftMaxHeapSize                          = 2136997888                             {manageable} {ergonomic}
     intx TieredStopAtLevel                        = 1                                         {product} {command line}
     bool UseCompressedClassPointers               = true                                 {lp64_product} {ergonomic}
     bool UseCompressedOops                        = true                                 {lp64_product} {ergonomic}
     bool UseG1GC                                  = true                                      {product} {ergonomic}
     bool UseLargePagesIndividualAllocation        = false                                  {pd product} {ergonomic}

Logging:
Log output configuration:
 #0: stdout all=warning uptime,level,tags
 #1: stderr all=off uptime,level,tags

Environment Variables:
JAVA_HOME=C:\Program Files\Java\jdk1.8.0_271
CLASSPATH=C:\Program Files\Java\jdk1.8.0_271\lib\tools.jar
PATH=C:/Users/kim/Downloads/newFolder/sts-4.8.1.RELEASE//plugins/org.eclipse.justj.openjdk.hotspot.jre.full.win32.x86_64_15.0.0.v20201014-1246/jre/bin/server;C:/Users/kim/Downloads/newFolder/sts-4.8.1.RELEASE//plugins/org.eclipse.justj.openjdk.hotspot.jre.full.win32.x86_64_15.0.0.v20201014-1246/jre/bin;C:\Python39\Scripts\;C:\Python39\;C:\Program Files (x86)\Common Files\Oracle\Java\javapath;C:\Program Files\Java\jdk1.8.0_271\bin;C:\ProgramData\chocolatey\bin;C:\Users\kim\AppData\Local\Programs\Python\Python38\Scripts\;C:\Users\kim\AppData\Local\Programs\Python\Python38\;C:\Users\kim\AppData\Local\Microsoft\WindowsApps;C:\Program Files\JetBrains\PyCharm Community Edition 2019.3.1\bin;C:\Users\kim\.dotnet\tools;C:\Program Files\Java\jdk1.6.0_45\bin;C:\Users\kim\AppData\Local\Programs\Microsoft VS Code\bin;C:\Program Files\Java\jdk1.8.0_271\bin;C:\Users\kim\AppData\Local\GitHubDesktop\bin;C:\Users\kim\Downloads\newFolder\sts-4.8.1.RELEASE;
USERNAME=kim
OS=Windows_NT
PROCESSOR_IDENTIFIER=Intel64 Family 6 Model 94 Stepping 3, GenuineIntel



---------------  S Y S T E M  ---------------

OS:
 Windows 10 , 64 bit Build 17763 (10.0.17763.475)
OS uptime: 22 days 7:18 hours

CPU: total 4 (initial active 4) (4 cores per cpu, 1 threads per core) family 6 model 94 stepping 3, cmov, cx8, fxsr, mmx, sse, sse2, sse3, ssse3, sse4.1, sse4.2, popcnt, vzeroupper, avx, avx2, aes, clmul, erms, rtm, 3dnowpref, lzcnt, tsc, tscinvbit, bmi1, bmi2, adx, fma, clflush, clflushopt

Memory: 4k page, system-wide physical 8144M (2565M free)
TotalPageFile size 11071M (AvailPageFile size 5M)
current process WorkingSet (physical memory assigned to process): 383M, peak: 383M
current process commit charge ("private bytes"): 649M, peak: 653M

vm_info: OpenJDK 64-Bit Server VM (15+36-1562) for windows-amd64 JRE (15+36-1562), built on Aug 11 2020 22:33:04 by "mach5one" with unknown MS VC++:1925

END.
